<?xml version="1.0" encoding="utf-8"?>
<test-run id="2" testcasecount="225" result="Failed(Child)" total="225" passed="224" failed="1" inconclusive="0" skipped="0" asserts="0" engine-version="3.5.0.0" clr-version="4.0.30319.42000" start-time="2026-08-05 13:03:44Z" end-time="2026-08-05 13:03:45Z" duration="1.273434">
  <test-suite type="TestSuite" id="1000" name="Abyssal Lantern — Cinder Court" fullname="Abyssal Lantern — Cinder Court" runstate="Runnable" testcasecount="225" result="Failed" site="Child" start-time="2026-08-05 13:03:44Z" end-time="2026-08-05 13:03:45Z" duration="1.273434" total="225" passed="224" failed="1" inconclusive="0" skipped="0" asserts="0">
    <properties>
      <property name="platform" value="EditMode" />
    </properties>
    <failure>
      <message><![CDATA[One or more child tests had errors]]></message>
    </failure>
    <test-suite type="Assembly" id="1255" name="CinderCourt.Tests.EditMode.dll" fullname="/Users/seokcmin/Desktop/hongT/Library/ScriptAssemblies/CinderCourt.Tests.EditMode.dll" runstate="Runnable" testcasecount="225" result="Failed" site="Child" start-time="2026-08-05 13:03:44Z" end-time="2026-08-05 13:03:45Z" duration="1.268527" total="225" passed="224" failed="1" inconclusive="0" skipped="0" asserts="0">
      <properties>
        <property name="_PID" value="39746" />
        <property name="_APPDOMAIN" value="Unity Child Domain" />
        <property name="platform" value="EditMode" />
        <property name="EditorOnly" value="True" />
      </properties>
      <failure>
        <message><![CDATA[One or more child tests had errors]]></message>
      </failure>
      <test-suite type="TestSuite" id="1256" name="CinderCourt" fullname="CinderCourt" runstate="Runnable" testcasecount="225" result="Failed" site="Child" start-time="2026-08-05 13:03:44Z" end-time="2026-08-05 13:03:45Z" duration="1.267321" total="225" passed="224" failed="1" inconclusive="0" skipped="0" asserts="0">
        <properties />
        <failure>
          <message><![CDATA[One or more child tests had errors]]></message>
        </failure>
        <test-suite type="TestSuite" id="1257" name="Tests" fullname="CinderCourt.Tests" runstate="Runnable" testcasecount="225" result="Failed" site="Child" start-time="2026-08-05 13:03:44Z" end-time="2026-08-05 13:03:45Z" duration="1.266079" total="225" passed="224" failed="1" inconclusive="0" skipped="0" asserts="0">
          <properties />
          <failure>
            <message><![CDATA[One or more child tests had errors]]></message>
          </failure>
          <test-suite type="TestFixture" id="1001" name="BossFlashYieldTests" fullname="CinderCourt.Tests.BossFlashYieldTests" classname="CinderCourt.Tests.BossFlashYieldTests" runstate="Runnable" testcasecount="7" result="Passed" start-time="2026-08-05 13:03:44Z" end-time="2026-08-05 13:03:44Z" duration="0.031975" total="7" passed="7" failed="0" inconclusive="0" skipped="0" asserts="0">
            <properties />
            <test-case id="1009" name="DeathAfterAHit_ReleasesTheFlash_SoTheTintIsNotSuppressedForTheWholeFade" fullname="CinderCourt.Tests.BossFlashYieldTests.DeathAfterAHit_ReleasesTheFlash_SoTheTintIsNotSuppressedForTheWholeFade" methodname="DeathAfterAHit_ReleasesTheFlash_SoTheTintIsNotSuppressedForTheWholeFade" classname="CinderCourt.Tests.BossFlashYieldTests" runstate="Runnable" seed="319095109" result="Passed" start-time="2026-08-05 13:03:44Z" end-time="2026-08-05 13:03:44Z" duration="0.019796" asserts="0">
              <properties>
                <property name="retryIteration" value="0" />
                <property name="repeatIteration" value="0" />
              </properties>
            </test-case>
            <test-case id="1002" name="FirstSyncAfterRent_LeavesTheFlashDown_EvenAtALowHealthFraction" fullname="CinderCourt.Tests.BossFlashYieldTests.FirstSyncAfterRent_LeavesTheFlashDown_EvenAtALowHealthFraction" methodname="FirstSyncAfterRent_LeavesTheFlashDown_EvenAtALowHealthFraction" classname="CinderCourt.Tests.BossFlashYieldTests" runstate="Runnable" seed="1562068327" result="Passed" start-time="2026-08-05 13:03:44Z" end-time="2026-08-05 13:03:44Z" duration="0.002429" asserts="0">
              <properties>
                <property name="retryIteration" value="0" />
                <property name="repeatIteration" value="0" />
              </properties>
            </test-case>
            <test-case id="1003" name="HealthDropOnALaterSync_RaisesTheFlashTheBossTintYieldsTo" fullname="CinderCourt.Tests.BossFlashYieldTests.HealthDropOnALaterSync_RaisesTheFlashTheBossTintYieldsTo" methodname="HealthDropOnALaterSync_RaisesTheFlashTheBossTintYieldsTo" classname="CinderCourt.Tests.BossFlashYieldTests" runstate="Runnable" seed="579888088" result="Passed" start-time="2026-08-05 13:03:44Z" end-time="2026-08-05 13:03:44Z" duration="0.000465" asserts="0">
              <properties>
                <property name="retryIteration" value="0" />
                <property name="repeatIteration" value="0" />
              </properties>
            </test-case>
            <test-suite type="ParameterizedMethod" id="1006" name="NonDamagingSecondSync_LeavesTheFlashDown" fullname="CinderCourt.Tests.BossFlashYieldTests.NonDamagingSecondSync_LeavesTheFlashDown" classname="CinderCourt.Tests.BossFlashYieldTests" runstate="Runnable" testcasecount="2" result="Passed" start-time="2026-08-05 13:03:44Z" end-time="2026-08-05 13:03:44Z" duration="0.001794" total="2" passed="2" failed="0" inconclusive="0" skipped="0" asserts="0">
              <properties />
              <test-case id="1004" name="NonDamagingSecondSync_LeavesTheFlashDown(100.0f,&quot;unchanged health is not a hit&quot;)" fullname="CinderCourt.Tests.BossFlashYieldTests.NonDamagingSecondSync_LeavesTheFlashDown(100.0f,&quot;unchanged health is not a hit&quot;)" methodname="NonDamagingSecondSync_LeavesTheFlashDown" classname="CinderCourt.Tests.BossFlashYieldTests" runstate="Runnable" seed="13699591" result="Passed" start-time="2026-08-05 13:03:44Z" end-time="2026-08-05 13:03:44Z" duration="0.000445" asserts="0">
                <properties>
                  <property name="retryIteration" value="0" />
                  <property name="repeatIteration" value="0" />
                </properties>
              </test-case>
              <test-case id="1005" name="NonDamagingSecondSync_LeavesTheFlashDown(120.0f,&quot;a heal is not a hit&quot;)" fullname="CinderCourt.Tests.BossFlashYieldTests.NonDamagingSecondSync_LeavesTheFlashDown(120.0f,&quot;a heal is not a hit&quot;)" methodname="NonDamagingSecondSync_LeavesTheFlashDown" classname="CinderCourt.Tests.BossFlashYieldTests" runstate="Runnable" seed="1270977425" result="Passed" start-time="2026-08-05 13:03:44Z" end-time="2026-08-05 13:03:44Z" duration="0.000271" asserts="0">
                <properties>
                  <property name="retryIteration" value="0" />
                  <property name="repeatIteration" value="0" />
                </properties>
              </test-case>
            </test-suite>
            <test-case id="1007" name="ResetForPool_ClearsALiveFlash" fullname="CinderCourt.Tests.BossFlashYieldTests.ResetForPool_ClearsALiveFlash" methodname="ResetForPool_ClearsALiveFlash" classname="CinderCourt.Tests.BossFlashYieldTests" runstate="Runnable" seed="387038586" result="Passed" start-time="2026-08-05 13:03:44Z" end-time="2026-08-05 13:03:44Z" duration="0.000539" asserts="0">
              <properties>
                <property name="retryIteration" value="0" />
                <property name="repeatIteration" value="0" />
              </properties>
            </test-case>
            <test-case id="1008" name="ResetForPool_ReArmsTheRentGuard_SoTheRecycledActorDoesNotFlashOnItsFirstSync" fullname="CinderCourt.Tests.BossFlashYieldTests.ResetForPool_ReArmsTheRentGuard_SoTheRecycledActorDoesNotFlashOnItsFirstSync" methodname="ResetForPool_ReArmsTheRentGuard_SoTheRecycledActorDoesNotFlashOnItsFirstSync" classname="CinderCourt.Tests.BossFlashYieldTests" runstate="Runnable" seed="1273010543" result="Passed" start-time="2026-08-05 13:03:44Z" end-time="2026-08-05 13:03:44Z" duration="0.000310" asserts="0">
              <properties>
                <property name="retryIteration" value="0" />
                <property name="repeatIteration" value="0" />
              </properties>
            </test-case>
          </test-suite>
          <test-suite type="TestFixture" id="1010" name="BuildScriptWebGlPostprocessTests" fullname="CinderCourt.Tests.BuildScriptWebGlPostprocessTests" classname="CinderCourt.Tests.BuildScriptWebGlPostprocessTests" runstate="Runnable" testcasecount="1" result="Passed" start-time="2026-08-05 13:03:44Z" end-time="2026-08-05 13:03:44Z" duration="0.018202" total="1" passed="1" failed="0" inconclusive="0" skipped="0" asserts="0">
            <properties />
            <test-case id="1011" name="PolishIndexHtml_ResyncsResponsiveBackingStoreBeforeLoader_AndIsIdempotent" fullname="CinderCourt.Tests.BuildScriptWebGlPostprocessTests.PolishIndexHtml_ResyncsResponsiveBackingStoreBeforeLoader_AndIsIdempotent" methodname="PolishIndexHtml_ResyncsResponsiveBackingStoreBeforeLoader_AndIsIdempotent" classname="CinderCourt.Tests.BuildScriptWebGlPostprocessTests" runstate="Runnable" seed="1885487912" result="Passed" start-time="2026-08-05 13:03:44Z" end-time="2026-08-05 13:03:44Z" duration="0.017783" asserts="0">
              <properties>
                <property name="retryIteration" value="0" />
                <property name="repeatIteration" value="0" />
              </properties>
            </test-case>
          </test-suite>
          <test-suite type="TestFixture" id="1012" name="CampaignSimTests" fullname="CinderCourt.Tests.CampaignSimTests" classname="CinderCourt.Tests.CampaignSimTests" runstate="Runnable" testcasecount="21" result="Passed" start-time="2026-08-05 13:03:44Z" end-time="2026-08-05 13:03:44Z" duration="0.127156" total="21" passed="21" failed="0" inconclusive="0" skipped="0" asserts="0">
            <properties />
            <test-case id="1030" name="AshWall_RightWallHoldAndCorridorInvariant" fullname="CinderCourt.Tests.CampaignSimTests.AshWall_RightWallHoldAndCorridorInvariant" methodname="AshWall_RightWallHoldAndCorridorInvariant" classname="CinderCourt.Tests.CampaignSimTests" runstate="Runnable" seed="1149078911" result="Passed" start-time="2026-08-05 13:03:44Z" end-time="2026-08-05 13:03:44Z" duration="0.013774" asserts="0">
              <properties>
                <property name="retryIteration" value="0" />
                <property name="repeatIteration" value="0" />
              </properties>
            </test-case>
            <test-case id="1029" name="AshWall_TimetableAndTicks" fullname="CinderCourt.Tests.CampaignSimTests.AshWall_TimetableAndTicks" methodname="AshWall_TimetableAndTicks" classname="CinderCourt.Tests.CampaignSimTests" runstate="Runnable" seed="882908084" result="Passed" start-time="2026-08-05 13:03:44Z" end-time="2026-08-05 13:03:44Z" duration="0.009741" asserts="0">
              <properties>
                <property name="retryIteration" value="0" />
                <property name="repeatIteration" value="0" />
              </properties>
            </test-case>
            <test-case id="1015" name="BossWave_Composition_BossPlusEscorts" fullname="CinderCourt.Tests.CampaignSimTests.BossWave_Composition_BossPlusEscorts" methodname="BossWave_Composition_BossPlusEscorts" classname="CinderCourt.Tests.CampaignSimTests" runstate="Runnable" seed="2139173266" result="Passed" start-time="2026-08-05 13:03:44Z" end-time="2026-08-05 13:03:44Z" duration="0.002122" asserts="0">
              <properties>
                <property name="retryIteration" value="0" />
                <property name="repeatIteration" value="0" />
              </properties>
            </test-case>
            <test-case id="1023" name="Campaign_Deterministic_SameConfigSameInputs" fullname="CinderCourt.Tests.CampaignSimTests.Campaign_Deterministic_SameConfigSameInputs" methodname="Campaign_Deterministic_SameConfigSameInputs" classname="CinderCourt.Tests.CampaignSimTests" runstate="Runnable" seed="1984914448" result="Passed" start-time="2026-08-05 13:03:44Z" end-time="2026-08-05 13:03:44Z" duration="0.003295" asserts="0">
              <properties>
                <property name="retryIteration" value="0" />
                <property name="repeatIteration" value="0" />
              </properties>
            </test-case>
            <test-case id="1016" name="CinderSpan_KitingBot_ClearsStage" fullname="CinderCourt.Tests.CampaignSimTests.CinderSpan_KitingBot_ClearsStage" methodname="CinderSpan_KitingBot_ClearsStage" classname="CinderCourt.Tests.CampaignSimTests" runstate="Runnable" seed="928931770" result="Passed" start-time="2026-08-05 13:03:44Z" end-time="2026-08-05 13:03:44Z" duration="0.004039" asserts="0">
              <properties>
                <property name="retryIteration" value="0" />
                <property name="repeatIteration" value="0" />
              </properties>
            </test-case>
            <test-case id="1028" name="EmberPylon_AuraCoversSpawnConvergence" fullname="CinderCourt.Tests.CampaignSimTests.EmberPylon_AuraCoversSpawnConvergence" methodname="EmberPylon_AuraCoversSpawnConvergence" classname="CinderCourt.Tests.CampaignSimTests" runstate="Runnable" seed="264097323" result="Passed" start-time="2026-08-05 13:03:44Z" end-time="2026-08-05 13:03:44Z" duration="0.001388" asserts="0">
              <properties>
                <property name="retryIteration" value="0" />
                <property name="repeatIteration" value="0" />
              </properties>
            </test-case>
            <test-case id="1027" name="EmberPylon_CombatContract" fullname="CinderCourt.Tests.CampaignSimTests.EmberPylon_CombatContract" methodname="EmberPylon_CombatContract" classname="CinderCourt.Tests.CampaignSimTests" runstate="Runnable" seed="1007026930" result="Passed" start-time="2026-08-05 13:03:44Z" end-time="2026-08-05 13:03:44Z" duration="0.003108" asserts="0">
              <properties>
                <property name="retryIteration" value="0" />
                <property name="repeatIteration" value="0" />
              </properties>
            </test-case>
            <test-case id="1019" name="EmberVent_DamagesInsideRadius_WardBlocks" fullname="CinderCourt.Tests.CampaignSimTests.EmberVent_DamagesInsideRadius_WardBlocks" methodname="EmberVent_DamagesInsideRadius_WardBlocks" classname="CinderCourt.Tests.CampaignSimTests" runstate="Runnable" seed="1371071410" result="Passed" start-time="2026-08-05 13:03:44Z" end-time="2026-08-05 13:03:44Z" duration="0.000479" asserts="0">
              <properties>
                <property name="retryIteration" value="0" />
                <property name="repeatIteration" value="0" />
              </properties>
            </test-case>
            <test-case id="1020" name="EmberVent_Pulse_WardNegatesDamageAndStartsGrace" fullname="CinderCourt.Tests.CampaignSimTests.EmberVent_Pulse_WardNegatesDamageAndStartsGrace" methodname="EmberVent_Pulse_WardNegatesDamageAndStartsGrace" classname="CinderCourt.Tests.CampaignSimTests" runstate="Runnable" seed="2082135698" result="Passed" start-time="2026-08-05 13:03:44Z" end-time="2026-08-05 13:03:44Z" duration="0.000205" asserts="0">
              <properties>
                <property name="retryIteration" value="0" />
                <property name="repeatIteration" value="0" />
              </properties>
            </test-case>
            <test-case id="1014" name="EquipmentFormulas_ApplyAtRunStart" fullname="CinderCourt.Tests.CampaignSimTests.EquipmentFormulas_ApplyAtRunStart" methodname="EquipmentFormulas_ApplyAtRunStart" classname="CinderCourt.Tests.CampaignSimTests" runstate="Runnable" seed="1315800618" result="Passed" start-time="2026-08-05 13:03:44Z" end-time="2026-08-05 13:03:44Z" duration="0.000149" asserts="0">
              <properties>
                <property name="retryIteration" value="0" />
                <property name="repeatIteration" value="0" />
              </properties>
            </test-case>
            <test-case id="1017" name="EquipShard_DropsFromEnemyIdModulo" fullname="CinderCourt.Tests.CampaignSimTests.EquipShard_DropsFromEnemyIdModulo" methodname="EquipShard_DropsFromEnemyIdModulo" classname="CinderCourt.Tests.CampaignSimTests" runstate="Runnable" seed="666408658" result="Passed" start-time="2026-08-05 13:03:44Z" end-time="2026-08-05 13:03:44Z" duration="0.000375" asserts="0">
              <properties>
                <property name="retryIteration" value="0" />
                <property name="repeatIteration" value="0" />
              </properties>
            </test-case>
            <test-case id="1033" name="NewStages_MutatedPlacement_ChangesDigest" fullname="CinderCourt.Tests.CampaignSimTests.NewStages_MutatedPlacement_ChangesDigest" methodname="NewStages_MutatedPlacement_ChangesDigest" classname="CinderCourt.Tests.CampaignSimTests" runstate="Runnable" seed="1999447725" result="Passed" start-time="2026-08-05 13:03:44Z" end-time="2026-08-05 13:03:44Z" duration="0.011768" asserts="0">
              <properties>
                <property name="retryIteration" value="0" />
                <property name="repeatIteration" value="0" />
              </properties>
            </test-case>
            <test-case id="1032" name="NewStages_SameConfigSameInputs_IdenticalDigests" fullname="CinderCourt.Tests.CampaignSimTests.NewStages_SameConfigSameInputs_IdenticalDigests" methodname="NewStages_SameConfigSameInputs_IdenticalDigests" classname="CinderCourt.Tests.CampaignSimTests" runstate="Runnable" seed="1828682884" result="Passed" start-time="2026-08-05 13:03:44Z" end-time="2026-08-05 13:03:44Z" duration="0.012062" asserts="0">
              <properties>
                <property name="retryIteration" value="0" />
                <property name="repeatIteration" value="0" />
              </properties>
            </test-case>
            <test-case id="1021" name="ObsidianPillar_BlocksPlayer" fullname="CinderCourt.Tests.CampaignSimTests.ObsidianPillar_BlocksPlayer" methodname="ObsidianPillar_BlocksPlayer" classname="CinderCourt.Tests.CampaignSimTests" runstate="Runnable" seed="140223595" result="Passed" start-time="2026-08-05 13:03:44Z" end-time="2026-08-05 13:03:44Z" duration="0.000308" asserts="0">
              <properties>
                <property name="retryIteration" value="0" />
                <property name="repeatIteration" value="0" />
              </properties>
            </test-case>
            <test-case id="1022" name="RelicAltar_BlessesAfterHold_WithCooldown" fullname="CinderCourt.Tests.CampaignSimTests.RelicAltar_BlessesAfterHold_WithCooldown" methodname="RelicAltar_BlessesAfterHold_WithCooldown" classname="CinderCourt.Tests.CampaignSimTests" runstate="Runnable" seed="817633967" result="Passed" start-time="2026-08-05 13:03:44Z" end-time="2026-08-05 13:03:44Z" duration="0.000690" asserts="0">
              <properties>
                <property name="retryIteration" value="0" />
                <property name="repeatIteration" value="0" />
              </properties>
            </test-case>
            <test-case id="1018" name="StageClear_GrantsBossDrop_SlotByStageIndex" fullname="CinderCourt.Tests.CampaignSimTests.StageClear_GrantsBossDrop_SlotByStageIndex" methodname="StageClear_GrantsBossDrop_SlotByStageIndex" classname="CinderCourt.Tests.CampaignSimTests" runstate="Runnable" seed="923794592" result="Passed" start-time="2026-08-05 13:03:44Z" end-time="2026-08-05 13:03:44Z" duration="0.004397" asserts="0">
              <properties>
                <property name="retryIteration" value="0" />
                <property name="repeatIteration" value="0" />
              </properties>
            </test-case>
            <test-case id="1013" name="StageTable_MatchesAmendment" fullname="CinderCourt.Tests.CampaignSimTests.StageTable_MatchesAmendment" methodname="StageTable_MatchesAmendment" classname="CinderCourt.Tests.CampaignSimTests" runstate="Runnable" seed="1703421695" result="Passed" start-time="2026-08-05 13:03:44Z" end-time="2026-08-05 13:03:44Z" duration="0.000184" asserts="0">
              <properties>
                <property name="retryIteration" value="0" />
                <property name="repeatIteration" value="0" />
              </properties>
            </test-case>
            <test-case id="1024" name="StageTable_MatchesDungeonAmendment" fullname="CinderCourt.Tests.CampaignSimTests.StageTable_MatchesDungeonAmendment" methodname="StageTable_MatchesDungeonAmendment" classname="CinderCourt.Tests.CampaignSimTests" runstate="Runnable" seed="1154378751" result="Passed" start-time="2026-08-05 13:03:44Z" end-time="2026-08-05 13:03:44Z" duration="0.001242" asserts="0">
              <properties>
                <property name="retryIteration" value="0" />
                <property name="repeatIteration" value="0" />
              </properties>
            </test-case>
            <test-case id="1031" name="Telegraph_CensusUnderBudget" fullname="CinderCourt.Tests.CampaignSimTests.Telegraph_CensusUnderBudget" methodname="Telegraph_CensusUnderBudget" classname="CinderCourt.Tests.CampaignSimTests" runstate="Runnable" seed="1090262004" result="Passed" start-time="2026-08-05 13:03:44Z" end-time="2026-08-05 13:03:44Z" duration="0.050209" asserts="0">
              <properties>
                <property name="retryIteration" value="0" />
                <property name="repeatIteration" value="0" />
              </properties>
            </test-case>
            <test-case id="1025" name="TideCurrent_PushesPlayerInsideActiveBand" fullname="CinderCourt.Tests.CampaignSimTests.TideCurrent_PushesPlayerInsideActiveBand" methodname="TideCurrent_PushesPlayerInsideActiveBand" classname="CinderCourt.Tests.CampaignSimTests" runstate="Runnable" seed="40518428" result="Passed" start-time="2026-08-05 13:03:44Z" end-time="2026-08-05 13:03:44Z" duration="0.002501" asserts="0">
              <properties>
                <property name="retryIteration" value="0" />
                <property name="repeatIteration" value="0" />
              </properties>
            </test-case>
            <test-case id="1026" name="TideCurrent_SymmetricAndClamped" fullname="CinderCourt.Tests.CampaignSimTests.TideCurrent_SymmetricAndClamped" methodname="TideCurrent_SymmetricAndClamped" classname="CinderCourt.Tests.CampaignSimTests" runstate="Runnable" seed="1475241009" result="Passed" start-time="2026-08-05 13:03:44Z" end-time="2026-08-05 13:03:44Z" duration="0.002759" asserts="0">
              <properties>
                <property name="retryIteration" value="0" />
                <property name="repeatIteration" value="0" />
              </properties>
            </test-case>
          </test-suite>
          <test-suite type="TestFixture" id="1034" name="CharacterRosterAnimationTests" fullname="CinderCourt.Tests.CharacterRosterAnimationTests" classname="CinderCourt.Tests.CharacterRosterAnimationTests" runstate="Runnable" testcasecount="1" result="Passed" start-time="2026-08-05 13:03:44Z" end-time="2026-08-05 13:03:44Z" duration="0.186270" total="1" passed="1" failed="0" inconclusive="0" skipped="0" asserts="0">
            <properties />
            <test-case id="1035" name="CharacterRoster_ActorsRenderAndAnimateSharedAttack" fullname="CinderCourt.Tests.CharacterRosterAnimationTests.CharacterRoster_ActorsRenderAndAnimateSharedAttack" methodname="CharacterRoster_ActorsRenderAndAnimateSharedAttack" classname="CinderCourt.Tests.CharacterRosterAnimationTests" runstate="Runnable" seed="375003320" result="Passed" start-time="2026-08-05 13:03:44Z" end-time="2026-08-05 13:03:44Z" duration="0.185634" asserts="0">
              <properties>
                <property name="retryIteration" value="0" />
                <property name="repeatIteration" value="0" />
              </properties>
            </test-case>
          </test-suite>
          <test-suite type="TestFixture" id="1036" name="CinderSimTests" fullname="CinderCourt.Tests.CinderSimTests" classname="CinderCourt.Tests.CinderSimTests" runstate="Runnable" testcasecount="20" result="Passed" start-time="2026-08-05 13:03:44Z" end-time="2026-08-05 13:03:44Z" duration="0.021056" total="20" passed="20" failed="0" inconclusive="0" skipped="0" asserts="0">
            <properties />
            <test-case id="1053" name="Attack_HitsEnemyInFrontOncePerAttackId" fullname="CinderCourt.Tests.CinderSimTests.Attack_HitsEnemyInFrontOncePerAttackId" methodname="Attack_HitsEnemyInFrontOncePerAttackId" classname="CinderCourt.Tests.CinderSimTests" runstate="Runnable" seed="1855909545" result="Passed" start-time="2026-08-05 13:03:44Z" end-time="2026-08-05 13:03:44Z" duration="0.000991" asserts="0">
              <properties>
                <property name="retryIteration" value="0" />
                <property name="repeatIteration" value="0" />
              </properties>
            </test-case>
            <test-case id="1054" name="Attack_MissesEnemiesBehindTheFacingArc" fullname="CinderCourt.Tests.CinderSimTests.Attack_MissesEnemiesBehindTheFacingArc" methodname="Attack_MissesEnemiesBehindTheFacingArc" classname="CinderCourt.Tests.CinderSimTests" runstate="Runnable" seed="906595826" result="Passed" start-time="2026-08-05 13:03:44Z" end-time="2026-08-05 13:03:44Z" duration="0.000392" asserts="0">
              <properties>
                <property name="retryIteration" value="0" />
                <property name="repeatIteration" value="0" />
              </properties>
            </test-case>
            <test-case id="1055" name="Attack_RangeUsesIsoWeightedDistance" fullname="CinderCourt.Tests.CinderSimTests.Attack_RangeUsesIsoWeightedDistance" methodname="Attack_RangeUsesIsoWeightedDistance" classname="CinderCourt.Tests.CinderSimTests" runstate="Runnable" seed="1219815337" result="Passed" start-time="2026-08-05 13:03:44Z" end-time="2026-08-05 13:03:44Z" duration="0.000374" asserts="0">
              <properties>
                <property name="retryIteration" value="0" />
                <property name="repeatIteration" value="0" />
              </properties>
            </test-case>
            <test-case id="1056" name="Boss_SpawnsOnWaveFiveWithSixTimesHealth" fullname="CinderCourt.Tests.CinderSimTests.Boss_SpawnsOnWaveFiveWithSixTimesHealth" methodname="Boss_SpawnsOnWaveFiveWithSixTimesHealth" classname="CinderCourt.Tests.CinderSimTests" runstate="Runnable" seed="1682580944" result="Passed" start-time="2026-08-05 13:03:44Z" end-time="2026-08-05 13:03:44Z" duration="0.001745" asserts="0">
              <properties>
                <property name="retryIteration" value="0" />
                <property name="repeatIteration" value="0" />
              </properties>
            </test-case>
            <test-case id="1046" name="Clamp_IsDiamondNotAxisAlignedBox" fullname="CinderCourt.Tests.CinderSimTests.Clamp_IsDiamondNotAxisAlignedBox" methodname="Clamp_IsDiamondNotAxisAlignedBox" classname="CinderCourt.Tests.CinderSimTests" runstate="Runnable" seed="1120528478" result="Passed" start-time="2026-08-05 13:03:44Z" end-time="2026-08-05 13:03:44Z" duration="0.000781" asserts="0">
              <properties>
                <property name="retryIteration" value="0" />
                <property name="repeatIteration" value="0" />
              </properties>
            </test-case>
            <test-case id="1045" name="Clamp_KeepsPlayerInsideTheL1Diamond" fullname="CinderCourt.Tests.CinderSimTests.Clamp_KeepsPlayerInsideTheL1Diamond" methodname="Clamp_KeepsPlayerInsideTheL1Diamond" classname="CinderCourt.Tests.CinderSimTests" runstate="Runnable" seed="605582269" result="Passed" start-time="2026-08-05 13:03:44Z" end-time="2026-08-05 13:03:44Z" duration="0.007011" asserts="0">
              <properties>
                <property name="retryIteration" value="0" />
                <property name="repeatIteration" value="0" />
              </properties>
            </test-case>
            <test-case id="1048" name="Nova_DamagesExactlyTheEnemiesInsideTheIsoRadius" fullname="CinderCourt.Tests.CinderSimTests.Nova_DamagesExactlyTheEnemiesInsideTheIsoRadius" methodname="Nova_DamagesExactlyTheEnemiesInsideTheIsoRadius" classname="CinderCourt.Tests.CinderSimTests" runstate="Runnable" seed="1210514397" result="Passed" start-time="2026-08-05 13:03:44Z" end-time="2026-08-05 13:03:44Z" duration="0.000625" asserts="0">
              <properties>
                <property name="retryIteration" value="0" />
                <property name="repeatIteration" value="0" />
              </properties>
            </test-case>
            <test-case id="1047" name="Nova_OutsideRadius_SpendsOilAndLeavesEnemyUntouched" fullname="CinderCourt.Tests.CinderSimTests.Nova_OutsideRadius_SpendsOilAndLeavesEnemyUntouched" methodname="Nova_OutsideRadius_SpendsOilAndLeavesEnemyUntouched" classname="CinderCourt.Tests.CinderSimTests" runstate="Runnable" seed="899717323" result="Passed" start-time="2026-08-05 13:03:44Z" end-time="2026-08-05 13:03:44Z" duration="0.000334" asserts="0">
              <properties>
                <property name="retryIteration" value="0" />
                <property name="repeatIteration" value="0" />
              </properties>
            </test-case>
            <test-case id="1052" name="Pickup_ExpiresAfterTwelveSeconds" fullname="CinderCourt.Tests.CinderSimTests.Pickup_ExpiresAfterTwelveSeconds" methodname="Pickup_ExpiresAfterTwelveSeconds" classname="CinderCourt.Tests.CinderSimTests" runstate="Runnable" seed="1463888871" result="Passed" start-time="2026-08-05 13:03:44Z" end-time="2026-08-05 13:03:44Z" duration="0.000616" asserts="0">
              <properties>
                <property name="retryIteration" value="0" />
                <property name="repeatIteration" value="0" />
              </properties>
            </test-case>
            <test-case id="1050" name="Pickup_KindRotatesOnEnemyIdAndMagnetCollectsInstantly" fullname="CinderCourt.Tests.CinderSimTests.Pickup_KindRotatesOnEnemyIdAndMagnetCollectsInstantly" methodname="Pickup_KindRotatesOnEnemyIdAndMagnetCollectsInstantly" classname="CinderCourt.Tests.CinderSimTests" runstate="Runnable" seed="1901768063" result="Passed" start-time="2026-08-05 13:03:44Z" end-time="2026-08-05 13:03:44Z" duration="0.000454" asserts="0">
              <properties>
                <property name="retryIteration" value="0" />
                <property name="repeatIteration" value="0" />
              </properties>
            </test-case>
            <test-case id="1051" name="Pickup_RelicMoteAppliesScoreAndRelicWhenWalkedOver" fullname="CinderCourt.Tests.CinderSimTests.Pickup_RelicMoteAppliesScoreAndRelicWhenWalkedOver" methodname="Pickup_RelicMoteAppliesScoreAndRelicWhenWalkedOver" classname="CinderCourt.Tests.CinderSimTests" runstate="Runnable" seed="1227949863" result="Passed" start-time="2026-08-05 13:03:44Z" end-time="2026-08-05 13:03:44Z" duration="0.000335" asserts="0">
              <properties>
                <property name="retryIteration" value="0" />
                <property name="repeatIteration" value="0" />
              </properties>
            </test-case>
            <test-case id="1038" name="Restart_AfterGameOver_RewindsRunToWaveOne" fullname="CinderCourt.Tests.CinderSimTests.Restart_AfterGameOver_RewindsRunToWaveOne" methodname="Restart_AfterGameOver_RewindsRunToWaveOne" classname="CinderCourt.Tests.CinderSimTests" runstate="Runnable" seed="704643960" result="Passed" start-time="2026-08-05 13:03:44Z" end-time="2026-08-05 13:03:44Z" duration="0.000723" asserts="0">
              <properties>
                <property name="retryIteration" value="0" />
                <property name="repeatIteration" value="0" />
              </properties>
            </test-case>
            <test-case id="1037" name="Restart_ProducesSpecInitialState" fullname="CinderCourt.Tests.CinderSimTests.Restart_ProducesSpecInitialState" methodname="Restart_ProducesSpecInitialState" classname="CinderCourt.Tests.CinderSimTests" runstate="Runnable" seed="1932125489" result="Passed" start-time="2026-08-05 13:03:44Z" end-time="2026-08-05 13:03:44Z" duration="0.000337" asserts="0">
              <properties>
                <property name="retryIteration" value="0" />
                <property name="repeatIteration" value="0" />
              </properties>
            </test-case>
            <test-case id="1041" name="SpawnCountForWave_FollowsSpecFormula" fullname="CinderCourt.Tests.CinderSimTests.SpawnCountForWave_FollowsSpecFormula" methodname="SpawnCountForWave_FollowsSpecFormula" classname="CinderCourt.Tests.CinderSimTests" runstate="Runnable" seed="1465613745" result="Passed" start-time="2026-08-05 13:03:44Z" end-time="2026-08-05 13:03:44Z" duration="0.000127" asserts="0">
              <properties>
                <property name="retryIteration" value="0" />
                <property name="repeatIteration" value="0" />
              </properties>
            </test-case>
            <test-case id="1042" name="SpawnPointIndex_FollowsWaveSeedFormula" fullname="CinderCourt.Tests.CinderSimTests.SpawnPointIndex_FollowsWaveSeedFormula" methodname="SpawnPointIndex_FollowsWaveSeedFormula" classname="CinderCourt.Tests.CinderSimTests" runstate="Runnable" seed="1582895803" result="Passed" start-time="2026-08-05 13:03:44Z" end-time="2026-08-05 13:03:44Z" duration="0.000092" asserts="0">
              <properties>
                <property name="retryIteration" value="0" />
                <property name="repeatIteration" value="0" />
              </properties>
            </test-case>
            <test-case id="1039" name="Tick_AfterGameOver_FreezesTheRun" fullname="CinderCourt.Tests.CinderSimTests.Tick_AfterGameOver_FreezesTheRun" methodname="Tick_AfterGameOver_FreezesTheRun" classname="CinderCourt.Tests.CinderSimTests" runstate="Runnable" seed="1479854086" result="Passed" start-time="2026-08-05 13:03:44Z" end-time="2026-08-05 13:03:44Z" duration="0.000577" asserts="0">
              <properties>
                <property name="retryIteration" value="0" />
                <property name="repeatIteration" value="0" />
              </properties>
            </test-case>
            <test-case id="1040" name="Tick_SameInputScript_ProducesIdenticalRun" fullname="CinderCourt.Tests.CinderSimTests.Tick_SameInputScript_ProducesIdenticalRun" methodname="Tick_SameInputScript_ProducesIdenticalRun" classname="CinderCourt.Tests.CinderSimTests" runstate="Runnable" seed="1486164547" result="Passed" start-time="2026-08-05 13:03:44Z" end-time="2026-08-05 13:03:44Z" duration="0.001386" asserts="0">
              <properties>
                <property name="retryIteration" value="0" />
                <property name="repeatIteration" value="0" />
              </properties>
            </test-case>
            <test-case id="1049" name="Ward_RefusesDamageForThreeSecondsButStillBurnsGrace" fullname="CinderCourt.Tests.CinderSimTests.Ward_RefusesDamageForThreeSecondsButStillBurnsGrace" methodname="Ward_RefusesDamageForThreeSecondsButStillBurnsGrace" classname="CinderCourt.Tests.CinderSimTests" runstate="Runnable" seed="847656701" result="Passed" start-time="2026-08-05 13:03:44Z" end-time="2026-08-05 13:03:44Z" duration="0.001107" asserts="0">
              <properties>
                <property name="retryIteration" value="0" />
                <property name="repeatIteration" value="0" />
              </properties>
            </test-case>
            <test-case id="1044" name="WaveClear_KeepsPlayerSkillsAndPickupsTicking" fullname="CinderCourt.Tests.CinderSimTests.WaveClear_KeepsPlayerSkillsAndPickupsTicking" methodname="WaveClear_KeepsPlayerSkillsAndPickupsTicking" classname="CinderCourt.Tests.CinderSimTests" runstate="Runnable" seed="981445453" result="Passed" start-time="2026-08-05 13:03:44Z" end-time="2026-08-05 13:03:44Z" duration="0.000489" asserts="0">
              <properties>
                <property name="retryIteration" value="0" />
                <property name="repeatIteration" value="0" />
              </properties>
            </test-case>
            <test-case id="1043" name="WaveOne_SpawnsFourEnemiesOnTheFormulaSpawnPoints" fullname="CinderCourt.Tests.CinderSimTests.WaveOne_SpawnsFourEnemiesOnTheFormulaSpawnPoints" methodname="WaveOne_SpawnsFourEnemiesOnTheFormulaSpawnPoints" classname="CinderCourt.Tests.CinderSimTests" runstate="Runnable" seed="1074606355" result="Passed" start-time="2026-08-05 13:03:44Z" end-time="2026-08-05 13:03:44Z" duration="0.000385" asserts="0">
              <properties>
                <property name="retryIteration" value="0" />
                <property name="repeatIteration" value="0" />
              </properties>
            </test-case>
          </test-suite>
          <test-suite type="TestFixture" id="1057" name="ClipTableTests" fullname="CinderCourt.Tests.ClipTableTests" classname="CinderCourt.Tests.ClipTableTests" runstate="Runnable" testcasecount="4" result="Passed" start-time="2026-08-05 13:03:44Z" end-time="2026-08-05 13:03:44Z" duration="0.003623" total="4" passed="4" failed="0" inconclusive="0" skipped="0" asserts="0">
            <properties />
            <test-case id="1061" name="ActionNames_AreUniqueAcrossTheWholeTable" fullname="CinderCourt.Tests.ClipTableTests.ActionNames_AreUniqueAcrossTheWholeTable" methodname="ActionNames_AreUniqueAcrossTheWholeTable" classname="CinderCourt.Tests.ClipTableTests" runstate="Runnable" seed="139018904" result="Passed" start-time="2026-08-05 13:03:44Z" end-time="2026-08-05 13:03:44Z" duration="0.001420" asserts="0">
              <properties>
                <property name="retryIteration" value="0" />
                <property name="repeatIteration" value="0" />
              </properties>
            </test-case>
            <test-case id="1058" name="EveryActorAction_ResolvesTheClipRowAtItsOwnIndex" fullname="CinderCourt.Tests.ClipTableTests.EveryActorAction_ResolvesTheClipRowAtItsOwnIndex" methodname="EveryActorAction_ResolvesTheClipRowAtItsOwnIndex" classname="CinderCourt.Tests.ClipTableTests" runstate="Runnable" seed="2063824539" result="Passed" start-time="2026-08-05 13:03:44Z" end-time="2026-08-05 13:03:44Z" duration="0.000421" asserts="0">
              <properties>
                <property name="retryIteration" value="0" />
                <property name="repeatIteration" value="0" />
              </properties>
            </test-case>
            <test-case id="1059" name="SimActionCount_MatchesTheActorActionEnumLength" fullname="CinderCourt.Tests.ClipTableTests.SimActionCount_MatchesTheActorActionEnumLength" methodname="SimActionCount_MatchesTheActorActionEnumLength" classname="CinderCourt.Tests.ClipTableTests" runstate="Runnable" seed="1782295274" result="Passed" start-time="2026-08-05 13:03:44Z" end-time="2026-08-05 13:03:44Z" duration="0.000159" asserts="0">
              <properties>
                <property name="retryIteration" value="0" />
                <property name="repeatIteration" value="0" />
              </properties>
            </test-case>
            <test-case id="1060" name="ViewOnlySubstates_KeepTheIndicesActorViewHardcodes" fullname="CinderCourt.Tests.ClipTableTests.ViewOnlySubstates_KeepTheIndicesActorViewHardcodes" methodname="ViewOnlySubstates_KeepTheIndicesActorViewHardcodes" classname="CinderCourt.Tests.ClipTableTests" runstate="Runnable" seed="875833221" result="Passed" start-time="2026-08-05 13:03:44Z" end-time="2026-08-05 13:03:44Z" duration="0.000256" asserts="0">
              <properties>
                <property name="retryIteration" value="0" />
                <property name="repeatIteration" value="0" />
              </properties>
            </test-case>
          </test-suite>
          <test-suite type="TestFixture" id="1062" name="CompanionCommandParserTests" fullname="CinderCourt.Tests.CompanionCommandParserTests" classname="CinderCourt.Tests.CompanionCommandParserTests" runstate="Runnable" testcasecount="35" result="Passed" start-time="2026-08-05 13:03:44Z" end-time="2026-08-05 13:03:44Z" duration="0.006291" total="35" passed="35" failed="0" inconclusive="0" skipped="0" asserts="0">
            <properties />
            <test-case id="1100" name="ExtractFirstText_PullsIntentWordFromGeminiJson" fullname="CinderCourt.Tests.CompanionCommandParserTests.ExtractFirstText_PullsIntentWordFromGeminiJson" methodname="ExtractFirstText_PullsIntentWordFromGeminiJson" classname="CinderCourt.Tests.CompanionCommandParserTests" runstate="Runnable" seed="1274003535" result="Passed" start-time="2026-08-05 13:03:44Z" end-time="2026-08-05 13:03:44Z" duration="0.000208" asserts="0">
              <properties>
                <property name="retryIteration" value="0" />
                <property name="repeatIteration" value="0" />
              </properties>
            </test-case>
            <test-suite type="ParameterizedMethod" id="1099" name="FromIntentWord_MapsGeminiReplies" fullname="CinderCourt.Tests.CompanionCommandParserTests.FromIntentWord_MapsGeminiReplies" classname="CinderCourt.Tests.CompanionCommandParserTests" runstate="Runnable" testcasecount="9" result="Passed" start-time="2026-08-05 13:03:44Z" end-time="2026-08-05 13:03:44Z" duration="0.001493" total="9" passed="9" failed="0" inconclusive="0" skipped="0" asserts="0">
              <properties />
              <test-case id="1090" name="FromIntentWord_MapsGeminiReplies(&quot;FocusAttack&quot;,FocusAttack)" fullname="CinderCourt.Tests.CompanionCommandParserTests.FromIntentWord_MapsGeminiReplies(&quot;FocusAttack&quot;,FocusAttack)" methodname="FromIntentWord_MapsGeminiReplies" classname="CinderCourt.Tests.CompanionCommandParserTests" runstate="Runnable" seed="319256204" result="Passed" start-time="2026-08-05 13:03:44Z" end-time="2026-08-05 13:03:44Z" duration="0.000565" asserts="0">
                <properties>
                  <property name="retryIteration" value="0" />
                  <property name="repeatIteration" value="0" />
                </properties>
              </test-case>
              <test-case id="1091" name="FromIntentWord_MapsGeminiReplies(&quot;focusattack&quot;,FocusAttack)" fullname="CinderCourt.Tests.CompanionCommandParserTests.FromIntentWord_MapsGeminiReplies(&quot;focusattack&quot;,FocusAttack)" methodname="FromIntentWord_MapsGeminiReplies" classname="CinderCourt.Tests.CompanionCommandParserTests" runstate="Runnable" seed="19370977" result="Passed" start-time="2026-08-05 13:03:44Z" end-time="2026-08-05 13:03:44Z" duration="0.000046" asserts="0">
                <properties>
                  <property name="retryIteration" value="0" />
                  <property name="repeatIteration" value="0" />
                </properties>
              </test-case>
              <test-case id="1092" name="FromIntentWord_MapsGeminiReplies(&quot;  Defend  &quot;,Defend)" fullname="CinderCourt.Tests.CompanionCommandParserTests.FromIntentWord_MapsGeminiReplies(&quot;  Defend  &quot;,Defend)" methodname="FromIntentWord_MapsGeminiReplies" classname="CinderCourt.Tests.CompanionCommandParserTests" runstate="Runnable" seed="1012143512" result="Passed" start-time="2026-08-05 13:03:44Z" end-time="2026-08-05 13:03:44Z" duration="0.000043" asserts="0">
                <properties>
                  <property name="retryIteration" value="0" />
                  <property name="repeatIteration" value="0" />
                </properties>
              </test-case>
              <test-case id="1093" name="FromIntentWord_MapsGeminiReplies(&quot;SkillNova.&quot;,SkillNova)" fullname="CinderCourt.Tests.CompanionCommandParserTests.FromIntentWord_MapsGeminiReplies(&quot;SkillNova.&quot;,SkillNova)" methodname="FromIntentWord_MapsGeminiReplies" classname="CinderCourt.Tests.CompanionCommandParserTests" runstate="Runnable" seed="855839723" result="Passed" start-time="2026-08-05 13:03:44Z" end-time="2026-08-05 13:03:44Z" duration="0.000041" asserts="0">
                <properties>
                  <property name="retryIteration" value="0" />
                  <property name="repeatIteration" value="0" />
                </properties>
              </test-case>
              <test-case id="1094" name="FromIntentWord_MapsGeminiReplies(&quot;Recall\n&quot;,Recall)" fullname="CinderCourt.Tests.CompanionCommandParserTests.FromIntentWord_MapsGeminiReplies(&quot;Recall\n&quot;,Recall)" methodname="FromIntentWord_MapsGeminiReplies" classname="CinderCourt.Tests.CompanionCommandParserTests" runstate="Runnable" seed="46584573" result="Passed" start-time="2026-08-05 13:03:44Z" end-time="2026-08-05 13:03:44Z" duration="0.000040" asserts="0">
                <properties>
                  <property name="retryIteration" value="0" />
                  <property name="repeatIteration" value="0" />
                </properties>
              </test-case>
              <test-case id="1095" name="FromIntentWord_MapsGeminiReplies(&quot;PickupInfo&quot;,PickupInfo)" fullname="CinderCourt.Tests.CompanionCommandParserTests.FromIntentWord_MapsGeminiReplies(&quot;PickupInfo&quot;,PickupInfo)" methodname="FromIntentWord_MapsGeminiReplies" classname="CinderCourt.Tests.CompanionCommandParserTests" runstate="Runnable" seed="1109656358" result="Passed" start-time="2026-08-05 13:03:44Z" end-time="2026-08-05 13:03:44Z" duration="0.000040" asserts="0">
                <properties>
                  <property name="retryIteration" value="0" />
                  <property name="repeatIteration" value="0" />
                </properties>
              </test-case>
              <test-case id="1096" name="FromIntentWord_MapsGeminiReplies(&quot;banana&quot;,Unknown)" fullname="CinderCourt.Tests.CompanionCommandParserTests.FromIntentWord_MapsGeminiReplies(&quot;banana&quot;,Unknown)" methodname="FromIntentWord_MapsGeminiReplies" classname="CinderCourt.Tests.CompanionCommandParserTests" runstate="Runnable" seed="1845484429" result="Passed" start-time="2026-08-05 13:03:44Z" end-time="2026-08-05 13:03:44Z" duration="0.000040" asserts="0">
                <properties>
                  <property name="retryIteration" value="0" />
                  <property name="repeatIteration" value="0" />
                </properties>
              </test-case>
              <test-case id="1097" name="FromIntentWord_MapsGeminiReplies(&quot;&quot;,Unknown)" fullname="CinderCourt.Tests.CompanionCommandParserTests.FromIntentWord_MapsGeminiReplies(&quot;&quot;,Unknown)" methodname="FromIntentWord_MapsGeminiReplies" classname="CinderCourt.Tests.CompanionCommandParserTests" runstate="Runnable" seed="2118627464" result="Passed" start-time="2026-08-05 13:03:44Z" end-time="2026-08-05 13:03:44Z" duration="0.000040" asserts="0">
                <properties>
                  <property name="retryIteration" value="0" />
                  <property name="repeatIteration" value="0" />
                </properties>
              </test-case>
              <test-case id="1098" name="FromIntentWord_MapsGeminiReplies(null,Unknown)" fullname="CinderCourt.Tests.CompanionCommandParserTests.FromIntentWord_MapsGeminiReplies(null,Unknown)" methodname="FromIntentWord_MapsGeminiReplies" classname="CinderCourt.Tests.CompanionCommandParserTests" runstate="Runnable" seed="1592665278" result="Passed" start-time="2026-08-05 13:03:44Z" end-time="2026-08-05 13:03:44Z" duration="0.000037" asserts="0">
                <properties>
                  <property name="retryIteration" value="0" />
                  <property name="repeatIteration" value="0" />
                </properties>
              </test-case>
            </test-suite>
            <test-suite type="ParameterizedMethod" id="1083" name="Parse_ClassifiesKnownCommands" fullname="CinderCourt.Tests.CompanionCommandParserTests.Parse_ClassifiesKnownCommands" classname="CinderCourt.Tests.CompanionCommandParserTests" runstate="Runnable" testcasecount="20" result="Passed" start-time="2026-08-05 13:03:44Z" end-time="2026-08-05 13:03:44Z" duration="0.003161" total="20" passed="20" failed="0" inconclusive="0" skipped="0" asserts="0">
              <properties />
              <test-case id="1063" name="Parse_ClassifiesKnownCommands(&quot;집중공격&quot;,FocusAttack)" fullname="CinderCourt.Tests.CompanionCommandParserTests.Parse_ClassifiesKnownCommands(&quot;집중공격&quot;,FocusAttack)" methodname="Parse_ClassifiesKnownCommands" classname="CinderCourt.Tests.CompanionCommandParserTests" runstate="Runnable" seed="2024647202" result="Passed" start-time="2026-08-05 13:03:44Z" end-time="2026-08-05 13:03:44Z" duration="0.000650" asserts="0">
                <properties>
                  <property name="retryIteration" value="0" />
                  <property name="repeatIteration" value="0" />
                </properties>
              </test-case>
              <test-case id="1064" name="Parse_ClassifiesKnownCommands(&quot;집중 공격해&quot;,FocusAttack)" fullname="CinderCourt.Tests.CompanionCommandParserTests.Parse_ClassifiesKnownCommands(&quot;집중 공격해&quot;,FocusAttack)" methodname="Parse_ClassifiesKnownCommands" classname="CinderCourt.Tests.CompanionCommandParserTests" runstate="Runnable" seed="1426327075" result="Passed" start-time="2026-08-05 13:03:44Z" end-time="2026-08-05 13:03:44Z" duration="0.000068" asserts="0">
                <properties>
                  <property name="retryIteration" value="0" />
                  <property name="repeatIteration" value="0" />
                </properties>
              </test-case>
              <test-case id="1065" name="Parse_ClassifiesKnownCommands(&quot;저놈 잡아&quot;,FocusAttack)" fullname="CinderCourt.Tests.CompanionCommandParserTests.Parse_ClassifiesKnownCommands(&quot;저놈 잡아&quot;,FocusAttack)" methodname="Parse_ClassifiesKnownCommands" classname="CinderCourt.Tests.CompanionCommandParserTests" runstate="Runnable" seed="1546649943" result="Passed" start-time="2026-08-05 13:03:44Z" end-time="2026-08-05 13:03:44Z" duration="0.000065" asserts="0">
                <properties>
                  <property name="retryIteration" value="0" />
                  <property name="repeatIteration" value="0" />
                </properties>
              </test-case>
              <test-case id="1066" name="Parse_ClassifiesKnownCommands(&quot;방어태세&quot;,Defend)" fullname="CinderCourt.Tests.CompanionCommandParserTests.Parse_ClassifiesKnownCommands(&quot;방어태세&quot;,Defend)" methodname="Parse_ClassifiesKnownCommands" classname="CinderCourt.Tests.CompanionCommandParserTests" runstate="Runnable" seed="2121101472" result="Passed" start-time="2026-08-05 13:03:44Z" end-time="2026-08-05 13:03:44Z" duration="0.000061" asserts="0">
                <properties>
                  <property name="retryIteration" value="0" />
                  <property name="repeatIteration" value="0" />
                </properties>
              </test-case>
              <test-case id="1067" name="Parse_ClassifiesKnownCommands(&quot;방어 태세 갖춰&quot;,Defend)" fullname="CinderCourt.Tests.CompanionCommandParserTests.Parse_ClassifiesKnownCommands(&quot;방어 태세 갖춰&quot;,Defend)" methodname="Parse_ClassifiesKnownCommands" classname="CinderCourt.Tests.CompanionCommandParserTests" runstate="Runnable" seed="2030754807" result="Passed" start-time="2026-08-05 13:03:44Z" end-time="2026-08-05 13:03:44Z" duration="0.000072" asserts="0">
                <properties>
                  <property name="retryIteration" value="0" />
                  <property name="repeatIteration" value="0" />
                </properties>
              </test-case>
              <test-case id="1068" name="Parse_ClassifiesKnownCommands(&quot;나를 지켜&quot;,Defend)" fullname="CinderCourt.Tests.CompanionCommandParserTests.Parse_ClassifiesKnownCommands(&quot;나를 지켜&quot;,Defend)" methodname="Parse_ClassifiesKnownCommands" classname="CinderCourt.Tests.CompanionCommandParserTests" runstate="Runnable" seed="1333099447" result="Passed" start-time="2026-08-05 13:03:44Z" end-time="2026-08-05 13:03:44Z" duration="0.000065" asserts="0">
                <properties>
                  <property name="retryIteration" value="0" />
                  <property name="repeatIteration" value="0" />
                </properties>
              </test-case>
              <test-case id="1069" name="Parse_ClassifiesKnownCommands(&quot;복귀&quot;,Recall)" fullname="CinderCourt.Tests.CompanionCommandParserTests.Parse_ClassifiesKnownCommands(&quot;복귀&quot;,Recall)" methodname="Parse_ClassifiesKnownCommands" classname="CinderCourt.Tests.CompanionCommandParserTests" runstate="Runnable" seed="1089841330" result="Passed" start-time="2026-08-05 13:03:44Z" end-time="2026-08-05 13:03:44Z" duration="0.000060" asserts="0">
                <properties>
                  <property name="retryIteration" value="0" />
                  <property name="repeatIteration" value="0" />
                </properties>
              </test-case>
              <test-case id="1070" name="Parse_ClassifiesKnownCommands(&quot;이리와&quot;,Recall)" fullname="CinderCourt.Tests.CompanionCommandParserTests.Parse_ClassifiesKnownCommands(&quot;이리와&quot;,Recall)" methodname="Parse_ClassifiesKnownCommands" classname="CinderCourt.Tests.CompanionCommandParserTests" runstate="Runnable" seed="1655894376" result="Passed" start-time="2026-08-05 13:03:44Z" end-time="2026-08-05 13:03:44Z" duration="0.000062" asserts="0">
                <properties>
                  <property name="retryIteration" value="0" />
                  <property name="repeatIteration" value="0" />
                </properties>
              </test-case>
              <test-case id="1071" name="Parse_ClassifiesKnownCommands(&quot;돌아와&quot;,Recall)" fullname="CinderCourt.Tests.CompanionCommandParserTests.Parse_ClassifiesKnownCommands(&quot;돌아와&quot;,Recall)" methodname="Parse_ClassifiesKnownCommands" classname="CinderCourt.Tests.CompanionCommandParserTests" runstate="Runnable" seed="353021419" result="Passed" start-time="2026-08-05 13:03:44Z" end-time="2026-08-05 13:03:44Z" duration="0.000061" asserts="0">
                <properties>
                  <property name="retryIteration" value="0" />
                  <property name="repeatIteration" value="0" />
                </properties>
              </test-case>
              <test-case id="1072" name="Parse_ClassifiesKnownCommands(&quot;아이템 획득&quot;,PickupInfo)" fullname="CinderCourt.Tests.CompanionCommandParserTests.Parse_ClassifiesKnownCommands(&quot;아이템 획득&quot;,PickupInfo)" methodname="Parse_ClassifiesKnownCommands" classname="CinderCourt.Tests.CompanionCommandParserTests" runstate="Runnable" seed="2052707424" result="Passed" start-time="2026-08-05 13:03:44Z" end-time="2026-08-05 13:03:44Z" duration="0.000061" asserts="0">
                <properties>
                  <property name="retryIteration" value="0" />
                  <property name="repeatIteration" value="0" />
                </properties>
              </test-case>
              <test-case id="1073" name="Parse_ClassifiesKnownCommands(&quot;저거 주워&quot;,PickupInfo)" fullname="CinderCourt.Tests.CompanionCommandParserTests.Parse_ClassifiesKnownCommands(&quot;저거 주워&quot;,PickupInfo)" methodname="Parse_ClassifiesKnownCommands" classname="CinderCourt.Tests.CompanionCommandParserTests" runstate="Runnable" seed="715831964" result="Passed" start-time="2026-08-05 13:03:44Z" end-time="2026-08-05 13:03:44Z" duration="0.000062" asserts="0">
                <properties>
                  <property name="retryIteration" value="0" />
                  <property name="repeatIteration" value="0" />
                </properties>
              </test-case>
              <test-case id="1074" name="Parse_ClassifiesKnownCommands(&quot;노바&quot;,SkillNova)" fullname="CinderCourt.Tests.CompanionCommandParserTests.Parse_ClassifiesKnownCommands(&quot;노바&quot;,SkillNova)" methodname="Parse_ClassifiesKnownCommands" classname="CinderCourt.Tests.CompanionCommandParserTests" runstate="Runnable" seed="84322331" result="Passed" start-time="2026-08-05 13:03:44Z" end-time="2026-08-05 13:03:44Z" duration="0.000061" asserts="0">
                <properties>
                  <property name="retryIteration" value="0" />
                  <property name="repeatIteration" value="0" />
                </properties>
              </test-case>
              <test-case id="1075" name="Parse_ClassifiesKnownCommands(&quot;잿불 노바 써&quot;,SkillNova)" fullname="CinderCourt.Tests.CompanionCommandParserTests.Parse_ClassifiesKnownCommands(&quot;잿불 노바 써&quot;,SkillNova)" methodname="Parse_ClassifiesKnownCommands" classname="CinderCourt.Tests.CompanionCommandParserTests" runstate="Runnable" seed="1337325895" result="Passed" start-time="2026-08-05 13:03:44Z" end-time="2026-08-05 13:03:44Z" duration="0.000061" asserts="0">
                <properties>
                  <property name="retryIteration" value="0" />
                  <property name="repeatIteration" value="0" />
                </properties>
              </test-case>
              <test-case id="1076" name="Parse_ClassifiesKnownCommands(&quot;결계&quot;,SkillAegis)" fullname="CinderCourt.Tests.CompanionCommandParserTests.Parse_ClassifiesKnownCommands(&quot;결계&quot;,SkillAegis)" methodname="Parse_ClassifiesKnownCommands" classname="CinderCourt.Tests.CompanionCommandParserTests" runstate="Runnable" seed="128425533" result="Passed" start-time="2026-08-05 13:03:44Z" end-time="2026-08-05 13:03:44Z" duration="0.000062" asserts="0">
                <properties>
                  <property name="retryIteration" value="0" />
                  <property name="repeatIteration" value="0" />
                </properties>
              </test-case>
              <test-case id="1077" name="Parse_ClassifiesKnownCommands(&quot;방패 올려&quot;,SkillAegis)" fullname="CinderCourt.Tests.CompanionCommandParserTests.Parse_ClassifiesKnownCommands(&quot;방패 올려&quot;,SkillAegis)" methodname="Parse_ClassifiesKnownCommands" classname="CinderCourt.Tests.CompanionCommandParserTests" runstate="Runnable" seed="1296252888" result="Passed" start-time="2026-08-05 13:03:44Z" end-time="2026-08-05 13:03:44Z" duration="0.000060" asserts="0">
                <properties>
                  <property name="retryIteration" value="0" />
                  <property name="repeatIteration" value="0" />
                </properties>
              </test-case>
              <test-case id="1078" name="Parse_ClassifiesKnownCommands(&quot;파동&quot;,SkillPulse)" fullname="CinderCourt.Tests.CompanionCommandParserTests.Parse_ClassifiesKnownCommands(&quot;파동&quot;,SkillPulse)" methodname="Parse_ClassifiesKnownCommands" classname="CinderCourt.Tests.CompanionCommandParserTests" runstate="Runnable" seed="1175803366" result="Passed" start-time="2026-08-05 13:03:44Z" end-time="2026-08-05 13:03:44Z" duration="0.000070" asserts="0">
                <properties>
                  <property name="retryIteration" value="0" />
                  <property name="repeatIteration" value="0" />
                </properties>
              </test-case>
              <test-case id="1079" name="Parse_ClassifiesKnownCommands(&quot;화살 쏴&quot;,SkillBolt)" fullname="CinderCourt.Tests.CompanionCommandParserTests.Parse_ClassifiesKnownCommands(&quot;화살 쏴&quot;,SkillBolt)" methodname="Parse_ClassifiesKnownCommands" classname="CinderCourt.Tests.CompanionCommandParserTests" runstate="Runnable" seed="97768741" result="Passed" start-time="2026-08-05 13:03:44Z" end-time="2026-08-05 13:03:44Z" duration="0.000063" asserts="0">
                <properties>
                  <property name="retryIteration" value="0" />
                  <property name="repeatIteration" value="0" />
                </properties>
              </test-case>
              <test-case id="1080" name="Parse_ClassifiesKnownCommands(&quot;질주&quot;,SkillDash)" fullname="CinderCourt.Tests.CompanionCommandParserTests.Parse_ClassifiesKnownCommands(&quot;질주&quot;,SkillDash)" methodname="Parse_ClassifiesKnownCommands" classname="CinderCourt.Tests.CompanionCommandParserTests" runstate="Runnable" seed="959659878" result="Passed" start-time="2026-08-05 13:03:44Z" end-time="2026-08-05 13:03:44Z" duration="0.000061" asserts="0">
                <properties>
                  <property name="retryIteration" value="0" />
                  <property name="repeatIteration" value="0" />
                </properties>
              </test-case>
              <test-case id="1081" name="Parse_ClassifiesKnownCommands(&quot;FOCUS the enemy&quot;,FocusAttack)" fullname="CinderCourt.Tests.CompanionCommandParserTests.Parse_ClassifiesKnownCommands(&quot;FOCUS the enemy&quot;,FocusAttack)" methodname="Parse_ClassifiesKnownCommands" classname="CinderCourt.Tests.CompanionCommandParserTests" runstate="Runnable" seed="1477182141" result="Passed" start-time="2026-08-05 13:03:44Z" end-time="2026-08-05 13:03:44Z" duration="0.000063" asserts="0">
                <properties>
                  <property name="retryIteration" value="0" />
                  <property name="repeatIteration" value="0" />
                </properties>
              </test-case>
              <test-case id="1082" name="Parse_ClassifiesKnownCommands(&quot;defend me&quot;,Defend)" fullname="CinderCourt.Tests.CompanionCommandParserTests.Parse_ClassifiesKnownCommands(&quot;defend me&quot;,Defend)" methodname="Parse_ClassifiesKnownCommands" classname="CinderCourt.Tests.CompanionCommandParserTests" runstate="Runnable" seed="2056722549" result="Passed" start-time="2026-08-05 13:03:44Z" end-time="2026-08-05 13:03:44Z" duration="0.000062" asserts="0">
                <properties>
                  <property name="retryIteration" value="0" />
                  <property name="repeatIteration" value="0" />
                </properties>
              </test-case>
            </test-suite>
            <test-case id="1084" name="Parse_SkillWordsBeatGenericDefense" fullname="CinderCourt.Tests.CompanionCommandParserTests.Parse_SkillWordsBeatGenericDefense" methodname="Parse_SkillWordsBeatGenericDefense" classname="CinderCourt.Tests.CompanionCommandParserTests" runstate="Runnable" seed="1633209817" result="Passed" start-time="2026-08-05 13:03:44Z" end-time="2026-08-05 13:03:44Z" duration="0.000064" asserts="0">
              <properties>
                <property name="retryIteration" value="0" />
                <property name="repeatIteration" value="0" />
              </properties>
            </test-case>
            <test-suite type="ParameterizedMethod" id="1089" name="Parse_UnknownAndEmptyFallThrough" fullname="CinderCourt.Tests.CompanionCommandParserTests.Parse_UnknownAndEmptyFallThrough" classname="CinderCourt.Tests.CompanionCommandParserTests" runstate="Runnable" testcasecount="4" result="Passed" start-time="2026-08-05 13:03:44Z" end-time="2026-08-05 13:03:44Z" duration="0.000538" total="4" passed="4" failed="0" inconclusive="0" skipped="0" asserts="0">
              <properties />
              <test-case id="1085" name="Parse_UnknownAndEmptyFallThrough(null)" fullname="CinderCourt.Tests.CompanionCommandParserTests.Parse_UnknownAndEmptyFallThrough(null)" methodname="Parse_UnknownAndEmptyFallThrough" classname="CinderCourt.Tests.CompanionCommandParserTests" runstate="Runnable" seed="1590358151" result="Passed" start-time="2026-08-05 13:03:44Z" end-time="2026-08-05 13:03:44Z" duration="0.000100" asserts="0">
                <properties>
                  <property name="retryIteration" value="0" />
                  <property name="repeatIteration" value="0" />
                </properties>
              </test-case>
              <test-case id="1086" name="Parse_UnknownAndEmptyFallThrough(&quot;&quot;)" fullname="CinderCourt.Tests.CompanionCommandParserTests.Parse_UnknownAndEmptyFallThrough(&quot;&quot;)" methodname="Parse_UnknownAndEmptyFallThrough" classname="CinderCourt.Tests.CompanionCommandParserTests" runstate="Runnable" seed="2023946454" result="Passed" start-time="2026-08-05 13:03:44Z" end-time="2026-08-05 13:03:44Z" duration="0.000022" asserts="0">
                <properties>
                  <property name="retryIteration" value="0" />
                  <property name="repeatIteration" value="0" />
                </properties>
              </test-case>
              <test-case id="1087" name="Parse_UnknownAndEmptyFallThrough(&quot;   &quot;)" fullname="CinderCourt.Tests.CompanionCommandParserTests.Parse_UnknownAndEmptyFallThrough(&quot;   &quot;)" methodname="Parse_UnknownAndEmptyFallThrough" classname="CinderCourt.Tests.CompanionCommandParserTests" runstate="Runnable" seed="1799062647" result="Passed" start-time="2026-08-05 13:03:44Z" end-time="2026-08-05 13:03:44Z" duration="0.000022" asserts="0">
                <properties>
                  <property name="retryIteration" value="0" />
                  <property name="repeatIteration" value="0" />
                </properties>
              </test-case>
              <test-case id="1088" name="Parse_UnknownAndEmptyFallThrough(&quot;오늘 날씨 어때&quot;)" fullname="CinderCourt.Tests.CompanionCommandParserTests.Parse_UnknownAndEmptyFallThrough(&quot;오늘 날씨 어때&quot;)" methodname="Parse_UnknownAndEmptyFallThrough" classname="CinderCourt.Tests.CompanionCommandParserTests" runstate="Runnable" seed="1316393584" result="Passed" start-time="2026-08-05 13:03:44Z" end-time="2026-08-05 13:03:44Z" duration="0.000023" asserts="0">
                <properties>
                  <property name="retryIteration" value="0" />
                  <property name="repeatIteration" value="0" />
                </properties>
              </test-case>
            </test-suite>
          </test-suite>
          <test-suite type="TestFixture" id="1101" name="DungeonGoldenDigestTests" fullname="CinderCourt.Tests.DungeonGoldenDigestTests" classname="CinderCourt.Tests.DungeonGoldenDigestTests" runstate="Runnable" testcasecount="6" result="Failed" site="Child" start-time="2026-08-05 13:03:44Z" end-time="2026-08-05 13:03:44Z" duration="0.025093" total="6" passed="5" failed="1" inconclusive="0" skipped="0" asserts="0">
            <properties />
            <failure>
              <message><![CDATA[One or more child tests had errors]]></message>
            </failure>
            <test-case id="1102" name="Golden_ArenaHackLane_IsUnchanged" fullname="CinderCourt.Tests.DungeonGoldenDigestTests.Golden_ArenaHackLane_IsUnchanged" methodname="Golden_ArenaHackLane_IsUnchanged" classname="CinderCourt.Tests.DungeonGoldenDigestTests" runstate="Runnable" seed="1396674531" result="Passed" start-time="2026-08-05 13:03:44Z" end-time="2026-08-05 13:03:44Z" duration="0.001488" asserts="0">
              <properties>
                <property name="retryIteration" value="0" />
                <property name="repeatIteration" value="0" />
              </properties>
            </test-case>
            <test-case id="1106" name="Golden_ClassicCampaignAnchors_AreUnchanged" fullname="CinderCourt.Tests.DungeonGoldenDigestTests.Golden_ClassicCampaignAnchors_AreUnchanged" methodname="Golden_ClassicCampaignAnchors_AreUnchanged" classname="CinderCourt.Tests.DungeonGoldenDigestTests" runstate="Runnable" seed="850374229" result="Passed" start-time="2026-08-05 13:03:44Z" end-time="2026-08-05 13:03:44Z" duration="0.004520" asserts="0">
              <properties>
                <property name="retryIteration" value="0" />
                <property name="repeatIteration" value="0" />
              </properties>
            </test-case>
            <test-case id="1103" name="Golden_FrozenArenaConstructor_IsUnchanged" fullname="CinderCourt.Tests.DungeonGoldenDigestTests.Golden_FrozenArenaConstructor_IsUnchanged" methodname="Golden_FrozenArenaConstructor_IsUnchanged" classname="CinderCourt.Tests.DungeonGoldenDigestTests" runstate="Runnable" seed="999680433" result="Passed" start-time="2026-08-05 13:03:44Z" end-time="2026-08-05 13:03:44Z" duration="0.001175" asserts="0">
              <properties>
                <property name="retryIteration" value="0" />
                <property name="repeatIteration" value="0" />
              </properties>
            </test-case>
            <test-case id="1107" name="Golden_NewDungeonStages_MatchFirstRecording" fullname="CinderCourt.Tests.DungeonGoldenDigestTests.Golden_NewDungeonStages_MatchFirstRecording" methodname="Golden_NewDungeonStages_MatchFirstRecording" classname="CinderCourt.Tests.DungeonGoldenDigestTests" runstate="Runnable" seed="108572886" result="Failed" start-time="2026-08-05 13:03:44Z" end-time="2026-08-05 13:03:44Z" duration="0.004523" asserts="0">
              <properties>
                <property name="retryIteration" value="0" />
                <property name="repeatIteration" value="0" />
              </properties>
              <failure>
                <message><![CDATA[  golden drift on 'cinder-sluice' — actual row (paste into goldens to re-pin):
cinder-sluice|1400|3|9|0|124|(running)|974.984436|630.3433
  Expected string length 57 but was 58. Strings differ at index 46.
  Expected: "cinder-sluice|1400|3|9|0|124|(running)|974.9843|630.34314"
  But was:  "cinder-sluice|1400|3|9|0|124|(running)|974.984436|630.3433"
  ---------------------------------------------------------^
]]></message>
                <stack-trace><![CDATA[at CinderCourt.Tests.DungeonGoldenDigestTests.AssertRow (System.String expected, CinderCourt.Sim.CinderSim sim) [0x00018] in /Users/seokcmin/Desktop/hongT/Assets/Tests/EditMode/DungeonGoldenDigestTests.cs:65
at CinderCourt.Tests.DungeonGoldenDigestTests.Golden_NewDungeonStages_MatchFirstRecording () [0x0003c] in /Users/seokcmin/Desktop/hongT/Assets/Tests/EditMode/DungeonGoldenDigestTests.cs:190
]]></stack-trace>
              </failure>
            </test-case>
            <test-case id="1104" name="Golden_Prologue_IsUnchanged" fullname="CinderCourt.Tests.DungeonGoldenDigestTests.Golden_Prologue_IsUnchanged" methodname="Golden_Prologue_IsUnchanged" classname="CinderCourt.Tests.DungeonGoldenDigestTests" runstate="Runnable" seed="403212477" result="Passed" start-time="2026-08-05 13:03:44Z" end-time="2026-08-05 13:03:44Z" duration="0.001392" asserts="0">
              <properties>
                <property name="retryIteration" value="0" />
                <property name="repeatIteration" value="0" />
              </properties>
            </test-case>
            <test-case id="1105" name="Golden_SixLogicalStages_AreUnchanged" fullname="CinderCourt.Tests.DungeonGoldenDigestTests.Golden_SixLogicalStages_AreUnchanged" methodname="Golden_SixLogicalStages_AreUnchanged" classname="CinderCourt.Tests.DungeonGoldenDigestTests" runstate="Runnable" seed="42597086" result="Passed" start-time="2026-08-05 13:03:44Z" end-time="2026-08-05 13:03:44Z" duration="0.011322" asserts="0">
              <properties>
                <property name="retryIteration" value="0" />
                <property name="repeatIteration" value="0" />
              </properties>
            </test-case>
          </test-suite>
          <test-suite type="TestFixture" id="1108" name="ElementTintTests" fullname="CinderCourt.Tests.ElementTintTests" classname="CinderCourt.Tests.ElementTintTests" runstate="Runnable" testcasecount="5" result="Passed" start-time="2026-08-05 13:03:44Z" end-time="2026-08-05 13:03:44Z" duration="0.002486" total="5" passed="5" failed="0" inconclusive="0" skipped="0" asserts="0">
            <properties />
            <test-case id="1112" name="CoincidentCasts_ResolveInDocumentedKitOrder" fullname="CinderCourt.Tests.ElementTintTests.CoincidentCasts_ResolveInDocumentedKitOrder" methodname="CoincidentCasts_ResolveInDocumentedKitOrder" classname="CinderCourt.Tests.ElementTintTests" runstate="Runnable" seed="1128236740" result="Passed" start-time="2026-08-05 13:03:44Z" end-time="2026-08-05 13:03:44Z" duration="0.000886" asserts="0">
              <properties>
                <property name="retryIteration" value="0" />
                <property name="repeatIteration" value="0" />
              </properties>
            </test-case>
            <test-case id="1109" name="EachCastEvent_MapsToItsSpecifiedElementColor" fullname="CinderCourt.Tests.ElementTintTests.EachCastEvent_MapsToItsSpecifiedElementColor" methodname="EachCastEvent_MapsToItsSpecifiedElementColor" classname="CinderCourt.Tests.ElementTintTests" runstate="Runnable" seed="889914483" result="Passed" start-time="2026-08-05 13:03:44Z" end-time="2026-08-05 13:03:44Z" duration="0.000164" asserts="0">
              <properties>
                <property name="retryIteration" value="0" />
                <property name="repeatIteration" value="0" />
              </properties>
            </test-case>
            <test-case id="1110" name="ElementColors_AreMutuallyDistinct" fullname="CinderCourt.Tests.ElementTintTests.ElementColors_AreMutuallyDistinct" methodname="ElementColors_AreMutuallyDistinct" classname="CinderCourt.Tests.ElementTintTests" runstate="Runnable" seed="194830913" result="Passed" start-time="2026-08-05 13:03:44Z" end-time="2026-08-05 13:03:44Z" duration="0.000234" asserts="0">
              <properties>
                <property name="retryIteration" value="0" />
                <property name="repeatIteration" value="0" />
              </properties>
            </test-case>
            <test-case id="1111" name="NoCastBit_ReturnsFalseAndLeavesColorDefault" fullname="CinderCourt.Tests.ElementTintTests.NoCastBit_ReturnsFalseAndLeavesColorDefault" methodname="NoCastBit_ReturnsFalseAndLeavesColorDefault" classname="CinderCourt.Tests.ElementTintTests" runstate="Runnable" seed="173957252" result="Passed" start-time="2026-08-05 13:03:44Z" end-time="2026-08-05 13:03:44Z" duration="0.000197" asserts="0">
              <properties>
                <property name="retryIteration" value="0" />
                <property name="repeatIteration" value="0" />
              </properties>
            </test-case>
            <test-case id="1113" name="RepeatedCalls_AreStableAcrossInterleavedInputs" fullname="CinderCourt.Tests.ElementTintTests.RepeatedCalls_AreStableAcrossInterleavedInputs" methodname="RepeatedCalls_AreStableAcrossInterleavedInputs" classname="CinderCourt.Tests.ElementTintTests" runstate="Runnable" seed="552910267" result="Passed" start-time="2026-08-05 13:03:44Z" end-time="2026-08-05 13:03:44Z" duration="0.000137" asserts="0">
              <properties>
                <property name="retryIteration" value="0" />
                <property name="repeatIteration" value="0" />
              </properties>
            </test-case>
          </test-suite>
          <test-suite type="TestFixture" id="1114" name="EquipPropTests" fullname="CinderCourt.Tests.EquipPropTests" classname="CinderCourt.Tests.EquipPropTests" runstate="Runnable" testcasecount="5" result="Passed" start-time="2026-08-05 13:03:44Z" end-time="2026-08-05 13:03:44Z" duration="0.012234" total="5" passed="5" failed="0" inconclusive="0" skipped="0" asserts="0">
            <properties />
            <test-case id="1115" name="AllSixPropPrefabs_ExistWithRenderers" fullname="CinderCourt.Tests.EquipPropTests.AllSixPropPrefabs_ExistWithRenderers" methodname="AllSixPropPrefabs_ExistWithRenderers" classname="CinderCourt.Tests.EquipPropTests" runstate="Runnable" seed="1214999242" result="Passed" start-time="2026-08-05 13:03:44Z" end-time="2026-08-05 13:03:44Z" duration="0.008199" asserts="0">
              <properties>
                <property name="retryIteration" value="0" />
                <property name="repeatIteration" value="0" />
              </properties>
            </test-case>
            <test-case id="1117" name="EveryProp_HasCharacterScaleWorldSize" fullname="CinderCourt.Tests.EquipPropTests.EveryProp_HasCharacterScaleWorldSize" methodname="EveryProp_HasCharacterScaleWorldSize" classname="CinderCourt.Tests.EquipPropTests" runstate="Runnable" seed="1605342063" result="Passed" start-time="2026-08-05 13:03:44Z" end-time="2026-08-05 13:03:44Z" duration="0.000952" asserts="0">
              <properties>
                <property name="retryIteration" value="0" />
                <property name="repeatIteration" value="0" />
              </properties>
            </test-case>
            <test-case id="1116" name="EveryProp_RespectsTriangleBudget" fullname="CinderCourt.Tests.EquipPropTests.EveryProp_RespectsTriangleBudget" methodname="EveryProp_RespectsTriangleBudget" classname="CinderCourt.Tests.EquipPropTests" runstate="Runnable" seed="1983224852" result="Passed" start-time="2026-08-05 13:03:44Z" end-time="2026-08-05 13:03:44Z" duration="0.000564" asserts="0">
              <properties>
                <property name="retryIteration" value="0" />
                <property name="repeatIteration" value="0" />
              </properties>
            </test-case>
            <test-case id="1119" name="PlayerPrefab_IsHumanoidWithAllThreeSocketBones" fullname="CinderCourt.Tests.EquipPropTests.PlayerPrefab_IsHumanoidWithAllThreeSocketBones" methodname="PlayerPrefab_IsHumanoidWithAllThreeSocketBones" classname="CinderCourt.Tests.EquipPropTests" runstate="Runnable" seed="1373453637" result="Passed" start-time="2026-08-05 13:03:44Z" end-time="2026-08-05 13:03:44Z" duration="0.000580" asserts="0">
              <properties>
                <property name="retryIteration" value="0" />
                <property name="repeatIteration" value="0" />
              </properties>
            </test-case>
            <test-case id="1118" name="PropMaterials_UseUrpShaders" fullname="CinderCourt.Tests.EquipPropTests.PropMaterials_UseUrpShaders" methodname="PropMaterials_UseUrpShaders" classname="CinderCourt.Tests.EquipPropTests" runstate="Runnable" seed="2043824923" result="Passed" start-time="2026-08-05 13:03:44Z" end-time="2026-08-05 13:03:44Z" duration="0.001088" asserts="0">
              <properties>
                <property name="retryIteration" value="0" />
                <property name="repeatIteration" value="0" />
              </properties>
            </test-case>
          </test-suite>
          <test-suite type="TestFixture" id="1120" name="FontCoverageTests" fullname="CinderCourt.Tests.FontCoverageTests" classname="CinderCourt.Tests.FontCoverageTests" runstate="Runnable" testcasecount="1" result="Passed" start-time="2026-08-05 13:03:44Z" end-time="2026-08-05 13:03:44Z" duration="0.009051" total="1" passed="1" failed="0" inconclusive="0" skipped="0" asserts="0">
            <properties />
            <test-case id="1121" name="HudKorean_CoversEveryKoreanCharacterInViewStrings" fullname="CinderCourt.Tests.FontCoverageTests.HudKorean_CoversEveryKoreanCharacterInViewStrings" methodname="HudKorean_CoversEveryKoreanCharacterInViewStrings" classname="CinderCourt.Tests.FontCoverageTests" runstate="Runnable" seed="1428235380" result="Passed" start-time="2026-08-05 13:03:44Z" end-time="2026-08-05 13:03:44Z" duration="0.008657" asserts="0">
              <properties>
                <property name="retryIteration" value="0" />
                <property name="repeatIteration" value="0" />
              </properties>
            </test-case>
          </test-suite>
          <test-suite type="TestFixture" id="1122" name="GameDirectorCampaignRouteTests" fullname="CinderCourt.Tests.GameDirectorCampaignRouteTests" classname="CinderCourt.Tests.GameDirectorCampaignRouteTests" runstate="Runnable" testcasecount="5" result="Passed" start-time="2026-08-05 13:03:44Z" end-time="2026-08-05 13:03:45Z" duration="0.518655" total="5" passed="5" failed="0" inconclusive="0" skipped="0" asserts="0">
            <properties />
[...]
              <properties>
                <property name="retryIteration" value="0" />
                <property name="repeatIteration" value="0" />
              </properties>
            </test-case>
            <test-case id="1224" name="Resolve_IsPure_AcrossRepeatedAndInterleavedCalls" fullname="CinderCourt.Tests.PoseResolveTests.Resolve_IsPure_AcrossRepeatedAndInterleavedCalls" methodname="Resolve_IsPure_AcrossRepeatedAndInterleavedCalls" classname="CinderCourt.Tests.PoseResolveTests" runstate="Runnable" seed="1086124170" result="Passed" start-time="2026-08-05 13:03:45Z" end-time="2026-08-05 13:03:45Z" duration="0.001029" asserts="0">
              <properties>
                <property name="retryIteration" value="0" />
                <property name="repeatIteration" value="0" />
              </properties>
            </test-case>
            <test-case id="1218" name="UnseededComboTier_IsNotACombo" fullname="CinderCourt.Tests.PoseResolveTests.UnseededComboTier_IsNotACombo" methodname="UnseededComboTier_IsNotACombo" classname="CinderCourt.Tests.PoseResolveTests" runstate="Runnable" seed="1139244544" result="Passed" start-time="2026-08-05 13:03:45Z" end-time="2026-08-05 13:03:45Z" duration="0.000131" asserts="0">
              <properties>
                <property name="retryIteration" value="0" />
                <property name="repeatIteration" value="0" />
              </properties>
            </test-case>
          </test-suite>
          <test-suite type="TestFixture" id="1225" name="PresentationFeedbackTests" fullname="CinderCourt.Tests.PresentationFeedbackTests" classname="CinderCourt.Tests.PresentationFeedbackTests" runstate="Runnable" testcasecount="2" result="Passed" start-time="2026-08-05 13:03:45Z" end-time="2026-08-05 13:03:45Z" duration="0.012044" total="2" passed="2" failed="0" inconclusive="0" skipped="0" asserts="0">
            <properties />
            <test-case id="1226" name="BossIntro_UsesProvidedName_AndResetsTransientInputSafeElements" fullname="CinderCourt.Tests.PresentationFeedbackTests.BossIntro_UsesProvidedName_AndResetsTransientInputSafeElements" methodname="BossIntro_UsesProvidedName_AndResetsTransientInputSafeElements" classname="CinderCourt.Tests.PresentationFeedbackTests" runstate="Runnable" seed="1434385696" result="Passed" start-time="2026-08-05 13:03:45Z" end-time="2026-08-05 13:03:45Z" duration="0.005776" asserts="0">
              <properties>
                <property name="retryIteration" value="0" />
                <property name="repeatIteration" value="0" />
              </properties>
            </test-case>
            <test-case id="1227" name="CampaignStageClear_StartsCeremonyWithoutPrematureOrDuplicateTerminalPanel" fullname="CinderCourt.Tests.PresentationFeedbackTests.CampaignStageClear_StartsCeremonyWithoutPrematureOrDuplicateTerminalPanel" methodname="CampaignStageClear_StartsCeremonyWithoutPrematureOrDuplicateTerminalPanel" classname="CinderCourt.Tests.PresentationFeedbackTests" runstate="Runnable" seed="2016620100" result="Passed" start-time="2026-08-05 13:03:45Z" end-time="2026-08-05 13:03:45Z" duration="0.005880" asserts="0">
              <properties>
                <property name="retryIteration" value="0" />
                <property name="repeatIteration" value="0" />
              </properties>
            </test-case>
          </test-suite>
          <test-suite type="TestFixture" id="1228" name="StageCatalogTests" fullname="CinderCourt.Tests.StageCatalogTests" classname="CinderCourt.Tests.StageCatalogTests" runstate="Runnable" testcasecount="11" result="Passed" start-time="2026-08-05 13:03:45Z" end-time="2026-08-05 13:03:45Z" duration="0.017735" total="11" passed="11" failed="0" inconclusive="0" skipped="0" asserts="0">
            <properties />
            <test-case id="1233" name="CompositeHazards_MatchPlacementAndClearanceContracts" fullname="CinderCourt.Tests.StageCatalogTests.CompositeHazards_MatchPlacementAndClearanceContracts" methodname="CompositeHazards_MatchPlacementAndClearanceContracts" classname="CinderCourt.Tests.StageCatalogTests" runstate="Runnable" seed="602714023" result="Passed" start-time="2026-08-05 13:03:45Z" end-time="2026-08-05 13:03:45Z" duration="0.001671" asserts="0">
              <properties>
                <property name="retryIteration" value="0" />
                <property name="repeatIteration" value="0" />
              </properties>
            </test-case>
            <test-case id="1229" name="Entries_AreNineOrderedUniqueLogicalStages" fullname="CinderCourt.Tests.StageCatalogTests.Entries_AreNineOrderedUniqueLogicalStages" methodname="Entries_AreNineOrderedUniqueLogicalStages" classname="CinderCourt.Tests.StageCatalogTests" runstate="Runnable" seed="1189306846" result="Passed" start-time="2026-08-05 13:03:45Z" end-time="2026-08-05 13:03:45Z" duration="0.001157" asserts="0">
              <properties>
                <property name="retryIteration" value="0" />
                <property name="repeatIteration" value="0" />
              </properties>
            </test-case>
            <test-case id="1231" name="Entries_FormStrictPrerequisiteChain" fullname="CinderCourt.Tests.StageCatalogTests.Entries_FormStrictPrerequisiteChain" methodname="Entries_FormStrictPrerequisiteChain" classname="CinderCourt.Tests.StageCatalogTests" runstate="Runnable" seed="1846397532" result="Passed" start-time="2026-08-05 13:03:45Z" end-time="2026-08-05 13:03:45Z" duration="0.000846" asserts="0">
              <properties>
                <property name="retryIteration" value="0" />
                <property name="repeatIteration" value="0" />
              </properties>
            </test-case>
            <test-case id="1232" name="Entries_ReferenceOnlyExistingSharedTerrainResources" fullname="CinderCourt.Tests.StageCatalogTests.Entries_ReferenceOnlyExistingSharedTerrainResources" methodname="Entries_ReferenceOnlyExistingSharedTerrainResources" classname="CinderCourt.Tests.StageCatalogTests" runstate="Runnable" seed="1021892117" result="Passed" start-time="2026-08-05 13:03:45Z" end-time="2026-08-05 13:03:45Z" duration="0.005081" asserts="0">
              <properties>
                <property name="retryIteration" value="0" />
                <property name="repeatIteration" value="0" />
              </properties>
            </test-case>
            <test-case id="1230" name="Entries_ResolveFrozenAnchorWithoutChangingAnchorStageId" fullname="CinderCourt.Tests.StageCatalogTests.Entries_ResolveFrozenAnchorWithoutChangingAnchorStageId" methodname="Entries_ResolveFrozenAnchorWithoutChangingAnchorStageId" classname="CinderCourt.Tests.StageCatalogTests" runstate="Runnable" seed="1894244842" result="Passed" start-time="2026-08-05 13:03:45Z" end-time="2026-08-05 13:03:45Z" duration="0.000974" asserts="0">
              <properties>
                <property name="retryIteration" value="0" />
                <property name="repeatIteration" value="0" />
              </properties>
            </test-case>
            <test-case id="1237" name="IsUnlocked_DirectlyClearedLegacyAnchorRemainsEnterable" fullname="CinderCourt.Tests.StageCatalogTests.IsUnlocked_DirectlyClearedLegacyAnchorRemainsEnterable" methodname="IsUnlocked_DirectlyClearedLegacyAnchorRemainsEnterable" classname="CinderCourt.Tests.StageCatalogTests" runstate="Runnable" seed="1835263833" result="Passed" start-time="2026-08-05 13:03:45Z" end-time="2026-08-05 13:03:45Z" duration="0.001039" asserts="0">
              <properties>
                <property name="retryIteration" value="0" />
                <property name="repeatIteration" value="0" />
              </properties>
            </test-case>
            <test-case id="1235" name="Load_LegacyClearedIdsMapToAnchorBits" fullname="CinderCourt.Tests.StageCatalogTests.Load_LegacyClearedIdsMapToAnchorBits" methodname="Load_LegacyClearedIdsMapToAnchorBits" classname="CinderCourt.Tests.StageCatalogTests" runstate="Runnable" seed="1384318171" result="Passed" start-time="2026-08-05 13:03:45Z" end-time="2026-08-05 13:03:45Z" duration="0.001061" asserts="0">
              <properties>
                <property name="retryIteration" value="0" />
                <property name="repeatIteration" value="0" />
              </properties>
            </test-case>
            <test-case id="1239" name="Load_LegacySixBitMask_LoadsIdentically" fullname="CinderCourt.Tests.StageCatalogTests.Load_LegacySixBitMask_LoadsIdentically" methodname="Load_LegacySixBitMask_LoadsIdentically" classname="CinderCourt.Tests.StageCatalogTests" runstate="Runnable" seed="430768685" result="Passed" start-time="2026-08-05 13:03:45Z" end-time="2026-08-05 13:03:45Z" duration="0.001102" asserts="0">
              <properties>
                <property name="retryIteration" value="0" />
                <property name="repeatIteration" value="0" />
              </properties>
            </test-case>
            <test-case id="1238" name="MarkCleared_Index8_SurvivesSaveLoadRoundTrip" fullname="CinderCourt.Tests.StageCatalogTests.MarkCleared_Index8_SurvivesSaveLoadRoundTrip" methodname="MarkCleared_Index8_SurvivesSaveLoadRoundTrip" classname="CinderCourt.Tests.StageCatalogTests" runstate="Runnable" seed="454285350" result="Passed" start-time="2026-08-05 13:03:45Z" end-time="2026-08-05 13:03:45Z" duration="0.001512" asserts="0">
              <properties>
                <property name="retryIteration" value="0" />
                <property name="repeatIteration" value="0" />
              </properties>
            </test-case>
            <test-case id="1234" name="NewStageAnchors_CarryNoOverrideAndClearRadialHazards" fullname="CinderCourt.Tests.StageCatalogTests.NewStageAnchors_CarryNoOverrideAndClearRadialHazards" methodname="NewStageAnchors_CarryNoOverrideAndClearRadialHazards" classname="CinderCourt.Tests.StageCatalogTests" runstate="Runnable" seed="2031376069" result="Passed" start-time="2026-08-05 13:03:45Z" end-time="2026-08-05 13:03:45Z" duration="0.000918" asserts="0">
              <properties>
                <property name="retryIteration" value="0" />
                <property name="repeatIteration" value="0" />
              </properties>
            </test-case>
            <test-case id="1236" name="Save_RoundTripsSixBitMaskAndPreservesMetaWithoutLegacyShape" fullname="CinderCourt.Tests.StageCatalogTests.Save_RoundTripsSixBitMaskAndPreservesMetaWithoutLegacyShape" methodname="Save_RoundTripsSixBitMaskAndPreservesMetaWithoutLegacyShape" classname="CinderCourt.Tests.StageCatalogTests" runstate="Runnable" seed="2118840028" result="Passed" start-time="2026-08-05 13:03:45Z" end-time="2026-08-05 13:03:45Z" duration="0.001203" asserts="0">
              <properties>
                <property name="retryIteration" value="0" />
                <property name="repeatIteration" value="0" />
              </properties>
            </test-case>
          </test-suite>
          <test-suite type="TestFixture" id="1240" name="StageDressingTests" fullname="CinderCourt.Tests.StageDressingTests" classname="CinderCourt.Tests.StageDressingTests" runstate="Runnable" testcasecount="5" result="Passed" start-time="2026-08-05 13:03:45Z" end-time="2026-08-05 13:03:45Z" duration="0.003220" total="5" passed="5" failed="0" inconclusive="0" skipped="0" asserts="0">
            <properties />
            <test-case id="1241" name="DressedStages_HaveNonEmptyDistinctTables" fullname="CinderCourt.Tests.StageDressingTests.DressedStages_HaveNonEmptyDistinctTables" methodname="DressedStages_HaveNonEmptyDistinctTables" classname="CinderCourt.Tests.StageDressingTests" runstate="Runnable" seed="495008751" result="Passed" start-time="2026-08-05 13:03:45Z" end-time="2026-08-05 13:03:45Z" duration="0.000411" asserts="0">
              <properties>
                <property name="retryIteration" value="0" />
                <property name="repeatIteration" value="0" />
              </properties>
            </test-case>
            <test-case id="1244" name="Placements_ClearEveryStageHazard" fullname="CinderCourt.Tests.StageDressingTests.Placements_ClearEveryStageHazard" methodname="Placements_ClearEveryStageHazard" classname="CinderCourt.Tests.StageDressingTests" runstate="Runnable" seed="1465482069" result="Passed" start-time="2026-08-05 13:03:45Z" end-time="2026-08-05 13:03:45Z" duration="0.001079" asserts="0">
              <properties>
                <property name="retryIteration" value="0" />
                <property name="repeatIteration" value="0" />
              </properties>
            </test-case>
            <test-case id="1242" name="Placements_ReferenceExistingLibraryFeatureOrPropChildren" fullname="CinderCourt.Tests.StageDressingTests.Placements_ReferenceExistingLibraryFeatureOrPropChildren" methodname="Placements_ReferenceExistingLibraryFeatureOrPropChildren" classname="CinderCourt.Tests.StageDressingTests" runstate="Runnable" seed="1050608846" result="Passed" start-time="2026-08-05 13:03:45Z" end-time="2026-08-05 13:03:45Z" duration="0.000696" asserts="0">
              <properties>
                <property name="retryIteration" value="0" />
                <property name="repeatIteration" value="0" />
              </properties>
            </test-case>
            <test-case id="1243" name="Placements_StayOutsideTheCombatPlane" fullname="CinderCourt.Tests.StageDressingTests.Placements_StayOutsideTheCombatPlane" methodname="Placements_StayOutsideTheCombatPlane" classname="CinderCourt.Tests.StageDressingTests" runstate="Runnable" seed="345265834" result="Passed" start-time="2026-08-05 13:03:45Z" end-time="2026-08-05 13:03:45Z" duration="0.000189" asserts="0">
              <properties>
                <property name="retryIteration" value="0" />
                <property name="repeatIteration" value="0" />
              </properties>
            </test-case>
            <test-case id="1245" name="Tables_AreDeterministic" fullname="CinderCourt.Tests.StageDressingTests.Tables_AreDeterministic" methodname="Tables_AreDeterministic" classname="CinderCourt.Tests.StageDressingTests" runstate="Runnable" seed="1007627445" result="Passed" start-time="2026-08-05 13:03:45Z" end-time="2026-08-05 13:03:45Z" duration="0.000249" asserts="0">
              <properties>
                <property name="retryIteration" value="0" />
                <property name="repeatIteration" value="0" />
              </properties>
            </test-case>
          </test-suite>
          <test-suite type="TestFixture" id="1246" name="TerrainPartsTests" fullname="CinderCourt.Tests.TerrainPartsTests" classname="CinderCourt.Tests.TerrainPartsTests" runstate="Runnable" testcasecount="2" result="Passed" start-time="2026-08-05 13:03:45Z" end-time="2026-08-05 13:03:45Z" duration="0.000759" total="2" passed="2" failed="0" inconclusive="0" skipped="0" asserts="0">
            <properties />
            <test-case id="1247" name="AbyssChancel_CarriesSplitPartsAndIntactFloor" fullname="CinderCourt.Tests.TerrainPartsTests.AbyssChancel_CarriesSplitPartsAndIntactFloor" methodname="AbyssChancel_CarriesSplitPartsAndIntactFloor" classname="CinderCourt.Tests.TerrainPartsTests" runstate="Runnable" seed="1830613648" result="Passed" start-time="2026-08-05 13:03:45Z" end-time="2026-08-05 13:03:45Z" duration="0.000303" asserts="0">
              <properties>
                <property name="retryIteration" value="0" />
                <property name="repeatIteration" value="0" />
              </properties>
            </test-case>
            <test-case id="1248" name="EchoThrone_StaysSlabOnly_BillboardNonGoal" fullname="CinderCourt.Tests.TerrainPartsTests.EchoThrone_StaysSlabOnly_BillboardNonGoal" methodname="EchoThrone_StaysSlabOnly_BillboardNonGoal" classname="CinderCourt.Tests.TerrainPartsTests" runstate="Runnable" seed="523563909" result="Passed" start-time="2026-08-05 13:03:45Z" end-time="2026-08-05 13:03:45Z" duration="0.000126" asserts="0">
              <properties>
                <property name="retryIteration" value="0" />
                <property name="repeatIteration" value="0" />
              </properties>
            </test-case>
          </test-suite>
          <test-suite type="TestFixture" id="1249" name="WaveTelegraphTests" fullname="CinderCourt.Tests.WaveTelegraphTests" classname="CinderCourt.Tests.WaveTelegraphTests" runstate="Runnable" testcasecount="3" result="Passed" start-time="2026-08-05 13:03:45Z" end-time="2026-08-05 13:03:45Z" duration="0.001115" total="3" passed="3" failed="0" inconclusive="0" skipped="0" asserts="0">
            <properties />
            <test-case id="1252" name="EverySpawnPoint_SitsInsideTheArena" fullname="CinderCourt.Tests.WaveTelegraphTests.EverySpawnPoint_SitsInsideTheArena" methodname="EverySpawnPoint_SitsInsideTheArena" classname="CinderCourt.Tests.WaveTelegraphTests" runstate="Runnable" seed="480343081" result="Passed" start-time="2026-08-05 13:03:45Z" end-time="2026-08-05 13:03:45Z" duration="0.000128" asserts="0">
              <properties>
                <property name="retryIteration" value="0" />
                <property name="repeatIteration" value="0" />
              </properties>
            </test-case>
            <test-case id="1250" name="SpawnPointIndex_IsPureAndInRange" fullname="CinderCourt.Tests.WaveTelegraphTests.SpawnPointIndex_IsPureAndInRange" methodname="SpawnPointIndex_IsPureAndInRange" classname="CinderCourt.Tests.WaveTelegraphTests" runstate="Runnable" seed="2132181485" result="Passed" start-time="2026-08-05 13:03:45Z" end-time="2026-08-05 13:03:45Z" duration="0.000375" asserts="0">
              <properties>
                <property name="retryIteration" value="0" />
                <property name="repeatIteration" value="0" />
              </properties>
            </test-case>
            <test-case id="1251" name="TelegraphRings_LandOnDistinctPointsWithinAWave" fullname="CinderCourt.Tests.WaveTelegraphTests.TelegraphRings_LandOnDistinctPointsWithinAWave" methodname="TelegraphRings_LandOnDistinctPointsWithinAWave" classname="CinderCourt.Tests.WaveTelegraphTests" runstate="Runnable" seed="301421319" result="Passed" start-time="2026-08-05 13:03:45Z" end-time="2026-08-05 13:03:45Z" duration="0.000188" asserts="0">
              <properties>
                <property name="retryIteration" value="0" />
                <property name="repeatIteration" value="0" />
              </properties>
            </test-case>
          </test-suite>
          <test-suite type="TestFixture" id="1253" name="WebGlTextureCapTests" fullname="CinderCourt.Tests.WebGlTextureCapTests" classname="CinderCourt.Tests.WebGlTextureCapTests" runstate="Runnable" testcasecount="1" result="Passed" start-time="2026-08-05 13:03:45Z" end-time="2026-08-05 13:03:45Z" duration="0.019854" total="1" passed="1" failed="0" inconclusive="0" skipped="0" asserts="0">
            <properties />
            <test-case id="1254" name="TextureImporters_DefaultAndWebGlCapsDoNotExceed1024" fullname="CinderCourt.Tests.WebGlTextureCapTests.TextureImporters_DefaultAndWebGlCapsDoNotExceed1024" methodname="TextureImporters_DefaultAndWebGlCapsDoNotExceed1024" classname="CinderCourt.Tests.WebGlTextureCapTests" runstate="Runnable" seed="902109898" result="Passed" start-time="2026-08-05 13:03:45Z" end-time="2026-08-05 13:03:45Z" duration="0.019553" asserts="0">
              <properties>
                <property name="retryIteration" value="0" />
                <property name="repeatIteration" value="0" />
              </properties>
              <output><![CDATA[<b><color=#2EA3FF>MCP-FOR-UNITY</color></b>: [TestRunnerNoThrottle] Restored Interaction Mode after test run.
Saving results to: /Users/seokcmin/Library/Application Support/HongT/Abyssal Lantern — Cinder Court/TestResults.xml
]]></output>
            </test-case>
          </test-suite>
        </test-suite>
      </test-suite>
    </test-suite>
  </test-suite>
</test-run>