<?xml version="1.0" encoding="utf-8"?>
<test-run id="2" testcasecount="182" result="Failed(Child)" total="182" passed="181" failed="1" inconclusive="0" skipped="0" asserts="0" engine-version="3.5.0.0" clr-version="4.0.30319.42000" start-time="2026-08-05 06:30:49Z" end-time="2026-08-05 06:30:52Z" duration="2.916269">
  <test-suite type="TestSuite" id="1000" name="Abyssal Lantern — Cinder Court" fullname="Abyssal Lantern — Cinder Court" runstate="Runnable" testcasecount="182" result="Failed" site="Child" start-time="2026-08-05 06:30:49Z" end-time="2026-08-05 06:30:52Z" duration="2.916269" total="182" passed="181" failed="1" inconclusive="0" skipped="0" asserts="0">
    <properties>
      <property name="platform" value="EditMode" />
    </properties>
    <failure>
      <message><![CDATA[One or more child tests had errors]]></message>
    </failure>
    <test-suite type="Assembly" id="1208" name="CinderCourt.Tests.EditMode.dll" fullname="/Users/jangyoung/orca/workspaces/HongT/main/Library/ScriptAssemblies/CinderCourt.Tests.EditMode.dll" runstate="Runnable" testcasecount="182" result="Failed" site="Child" start-time="2026-08-05 06:30:49Z" end-time="2026-08-05 06:30:52Z" duration="2.908818" total="182" passed="181" failed="1" inconclusive="0" skipped="0" asserts="0">
      <properties>
        <property name="_PID" value="60033" />
        <property name="_APPDOMAIN" value="Unity Child Domain" />
        <property name="platform" value="EditMode" />
        <property name="EditorOnly" value="True" />
      </properties>
      <failure>
        <message><![CDATA[One or more child tests had errors]]></message>
      </failure>
      <test-suite type="TestSuite" id="1209" name="CinderCourt" fullname="CinderCourt" runstate="Runnable" testcasecount="182" result="Failed" site="Child" start-time="2026-08-05 06:30:49Z" end-time="2026-08-05 06:30:52Z" duration="2.907308" total="182" passed="181" failed="1" inconclusive="0" skipped="0" asserts="0">
        <properties />
        <failure>
          <message><![CDATA[One or more child tests had errors]]></message>
        </failure>
        <test-suite type="TestSuite" id="1210" name="Tests" fullname="CinderCourt.Tests" runstate="Runnable" testcasecount="182" result="Failed" site="Child" start-time="2026-08-05 06:30:49Z" end-time="2026-08-05 06:30:52Z" duration="2.905345" total="182" passed="181" failed="1" inconclusive="0" skipped="0" asserts="0">
          <properties />
          <failure>
            <message><![CDATA[One or more child tests had errors]]></message>
          </failure>
          <test-suite type="TestFixture" id="1001" name="BossFlashYieldTests" fullname="CinderCourt.Tests.BossFlashYieldTests" classname="CinderCourt.Tests.BossFlashYieldTests" runstate="Runnable" testcasecount="7" result="Failed" site="Child" start-time="2026-08-05 06:30:49Z" end-time="2026-08-05 06:30:49Z" duration="0.407223" total="7" passed="6" failed="1" inconclusive="0" skipped="0" asserts="0">
            <properties />
            <failure>
              <message><![CDATA[One or more child tests had errors]]></message>
            </failure>
            <test-case id="1009" name="DeathAfterAHit_ReleasesTheFlash_SoTheTintIsNotSuppressedForTheWholeFade" fullname="CinderCourt.Tests.BossFlashYieldTests.DeathAfterAHit_ReleasesTheFlash_SoTheTintIsNotSuppressedForTheWholeFade" methodname="DeathAfterAHit_ReleasesTheFlash_SoTheTintIsNotSuppressedForTheWholeFade" classname="CinderCourt.Tests.BossFlashYieldTests" runstate="Runnable" seed="1317924179" result="Passed" start-time="2026-08-05 06:30:49Z" end-time="2026-08-05 06:30:49Z" duration="0.056232" asserts="0">
              <properties>
                <property name="retryIteration" value="0" />
                <property name="repeatIteration" value="0" />
              </properties>
            </test-case>
            <test-case id="1002" name="FirstSyncAfterRent_LeavesTheFlashDown_EvenAtALowHealthFraction" fullname="CinderCourt.Tests.BossFlashYieldTests.FirstSyncAfterRent_LeavesTheFlashDown_EvenAtALowHealthFraction" methodname="FirstSyncAfterRent_LeavesTheFlashDown_EvenAtALowHealthFraction" classname="CinderCourt.Tests.BossFlashYieldTests" runstate="Runnable" seed="2006376846" result="Passed" start-time="2026-08-05 06:30:49Z" end-time="2026-08-05 06:30:49Z" duration="0.010862" asserts="0">
              <properties>
                <property name="retryIteration" value="0" />
                <property name="repeatIteration" value="0" />
              </properties>
            </test-case>
            <test-case id="1003" name="HealthDropOnALaterSync_RaisesTheFlashTheBossTintYieldsTo" fullname="CinderCourt.Tests.BossFlashYieldTests.HealthDropOnALaterSync_RaisesTheFlashTheBossTintYieldsTo" methodname="HealthDropOnALaterSync_RaisesTheFlashTheBossTintYieldsTo" classname="CinderCourt.Tests.BossFlashYieldTests" runstate="Runnable" seed="570897535" result="Passed" start-time="2026-08-05 06:30:49Z" end-time="2026-08-05 06:30:49Z" duration="0.041432" asserts="0">
              <properties>
                <property name="retryIteration" value="0" />
                <property name="repeatIteration" value="0" />
              </properties>
            </test-case>
            <test-suite type="ParameterizedMethod" id="1006" name="NonDamagingSecondSync_LeavesTheFlashDown" fullname="CinderCourt.Tests.BossFlashYieldTests.NonDamagingSecondSync_LeavesTheFlashDown" classname="CinderCourt.Tests.BossFlashYieldTests" runstate="Runnable" testcasecount="2" result="Passed" start-time="2026-08-05 06:30:49Z" end-time="2026-08-05 06:30:49Z" duration="0.012288" total="2" passed="2" failed="0" inconclusive="0" skipped="0" asserts="0">
              <properties />
              <test-case id="1004" name="NonDamagingSecondSync_LeavesTheFlashDown(100.0f,&quot;unchanged health is not a hit&quot;)" fullname="CinderCourt.Tests.BossFlashYieldTests.NonDamagingSecondSync_LeavesTheFlashDown(100.0f,&quot;unchanged health is not a hit&quot;)" methodname="NonDamagingSecondSync_LeavesTheFlashDown" classname="CinderCourt.Tests.BossFlashYieldTests" runstate="Runnable" seed="899800819" result="Passed" start-time="2026-08-05 06:30:49Z" end-time="2026-08-05 06:30:49Z" duration="0.003829" asserts="0">
                <properties>
                  <property name="retryIteration" value="0" />
                  <property name="repeatIteration" value="0" />
                </properties>
              </test-case>
              <test-case id="1005" name="NonDamagingSecondSync_LeavesTheFlashDown(120.0f,&quot;a heal is not a hit&quot;)" fullname="CinderCourt.Tests.BossFlashYieldTests.NonDamagingSecondSync_LeavesTheFlashDown(120.0f,&quot;a heal is not a hit&quot;)" methodname="NonDamagingSecondSync_LeavesTheFlashDown" classname="CinderCourt.Tests.BossFlashYieldTests" runstate="Runnable" seed="2116703167" result="Passed" start-time="2026-08-05 06:30:49Z" end-time="2026-08-05 06:30:49Z" duration="0.004406" asserts="0">
                <properties>
                  <property name="retryIteration" value="0" />
                  <property name="repeatIteration" value="0" />
                </properties>
              </test-case>
            </test-suite>
            <test-case id="1007" name="ResetForPool_ClearsALiveFlash" fullname="CinderCourt.Tests.BossFlashYieldTests.ResetForPool_ClearsALiveFlash" methodname="ResetForPool_ClearsALiveFlash" classname="CinderCourt.Tests.BossFlashYieldTests" runstate="Runnable" seed="735916442" result="Failed" start-time="2026-08-05 06:30:49Z" end-time="2026-08-05 06:30:49Z" duration="0.198310" asserts="0">
              <properties>
                <property name="retryIteration" value="0" />
                <property name="repeatIteration" value="0" />
              </properties>
              <failure>
                <message><![CDATA[  precondition: the actor must actually be flashing, or the reset below proves nothing
  Expected: True
  But was:  False
]]></message>
                <stack-trace><![CDATA[at CinderCourt.Tests.BossFlashYieldTests+<>c.<ResetForPool_ClearsALiveFlash>b__9_0 (CinderCourt.View.ActorView view) [0x0002b] in /Users/jangyoung/orca/workspaces/HongT/main/Assets/Tests/EditMode/BossFlashYieldTests.cs:120
at CinderCourt.Tests.BossFlashYieldTests.WithRentedActor (System.Action`1[T] body) [0x00020] in /Users/jangyoung/orca/workspaces/HongT/main/Assets/Tests/EditMode/BossFlashYieldTests.cs:211
at CinderCourt.Tests.BossFlashYieldTests.ResetForPool_ClearsALiveFlash () [0x00001] in /Users/jangyoung/orca/workspaces/HongT/main/Assets/Tests/EditMode/BossFlashYieldTests.cs:116
]]></stack-trace>
              </failure>
            </test-case>
            <test-case id="1008" name="ResetForPool_ReArmsTheRentGuard_SoTheRecycledActorDoesNotFlashOnItsFirstSync" fullname="CinderCourt.Tests.BossFlashYieldTests.ResetForPool_ReArmsTheRentGuard_SoTheRecycledActorDoesNotFlashOnItsFirstSync" methodname="ResetForPool_ReArmsTheRentGuard_SoTheRecycledActorDoesNotFlashOnItsFirstSync" classname="CinderCourt.Tests.BossFlashYieldTests" runstate="Runnable" seed="3578597" result="Passed" start-time="2026-08-05 06:30:49Z" end-time="2026-08-05 06:30:49Z" duration="0.011772" asserts="0">
              <properties>
                <property name="retryIteration" value="0" />
                <property name="repeatIteration" value="0" />
              </properties>
            </test-case>
          </test-suite>
          <test-suite type="TestFixture" id="1010" name="BuildScriptWebGlPostprocessTests" fullname="CinderCourt.Tests.BuildScriptWebGlPostprocessTests" classname="CinderCourt.Tests.BuildScriptWebGlPostprocessTests" runstate="Runnable" testcasecount="1" result="Passed" start-time="2026-08-05 06:30:49Z" end-time="2026-08-05 06:30:49Z" duration="0.083312" total="1" passed="1" failed="0" inconclusive="0" skipped="0" asserts="0">
            <properties />
            <test-case id="1011" name="PolishIndexHtml_ResyncsResponsiveBackingStoreBeforeLoader_AndIsIdempotent" fullname="CinderCourt.Tests.BuildScriptWebGlPostprocessTests.PolishIndexHtml_ResyncsResponsiveBackingStoreBeforeLoader_AndIsIdempotent" methodname="PolishIndexHtml_ResyncsResponsiveBackingStoreBeforeLoader_AndIsIdempotent" classname="CinderCourt.Tests.BuildScriptWebGlPostprocessTests" runstate="Runnable" seed="1969188674" result="Passed" start-time="2026-08-05 06:30:49Z" end-time="2026-08-05 06:30:49Z" duration="0.076094" asserts="0">
              <properties>
                <property name="retryIteration" value="0" />
                <property name="repeatIteration" value="0" />
              </properties>
            </test-case>
          </test-suite>
          <test-suite type="TestFixture" id="1012" name="CampaignSimTests" fullname="CinderCourt.Tests.CampaignSimTests" classname="CinderCourt.Tests.CampaignSimTests" runstate="Runnable" testcasecount="11" result="Passed" start-time="2026-08-05 06:30:49Z" end-time="2026-08-05 06:30:49Z" duration="0.065227" total="11" passed="11" failed="0" inconclusive="0" skipped="0" asserts="0">
            <properties />
            <test-case id="1015" name="BossWave_Composition_BossPlusEscorts" fullname="CinderCourt.Tests.CampaignSimTests.BossWave_Composition_BossPlusEscorts" methodname="BossWave_Composition_BossPlusEscorts" classname="CinderCourt.Tests.CampaignSimTests" runstate="Runnable" seed="182514121" result="Passed" start-time="2026-08-05 06:30:49Z" end-time="2026-08-05 06:30:49Z" duration="0.019493" asserts="0">
              <properties>
                <property name="retryIteration" value="0" />
                <property name="repeatIteration" value="0" />
              </properties>
            </test-case>
            <test-case id="1023" name="Campaign_Deterministic_SameConfigSameInputs" fullname="CinderCourt.Tests.CampaignSimTests.Campaign_Deterministic_SameConfigSameInputs" methodname="Campaign_Deterministic_SameConfigSameInputs" classname="CinderCourt.Tests.CampaignSimTests" runstate="Runnable" seed="675093402" result="Passed" start-time="2026-08-05 06:30:49Z" end-time="2026-08-05 06:30:49Z" duration="0.016258" asserts="0">
              <properties>
                <property name="retryIteration" value="0" />
                <property name="repeatIteration" value="0" />
              </properties>
            </test-case>
            <test-case id="1016" name="CinderSpan_KitingBot_ClearsStage" fullname="CinderCourt.Tests.CampaignSimTests.CinderSpan_KitingBot_ClearsStage" methodname="CinderSpan_KitingBot_ClearsStage" classname="CinderCourt.Tests.CampaignSimTests" runstate="Runnable" seed="263968831" result="Passed" start-time="2026-08-05 06:30:49Z" end-time="2026-08-05 06:30:49Z" duration="0.007172" asserts="0">
              <properties>
                <property name="retryIteration" value="0" />
                <property name="repeatIteration" value="0" />
              </properties>
            </test-case>
            <test-case id="1019" name="EmberVent_DamagesInsideRadius_WardBlocks" fullname="CinderCourt.Tests.CampaignSimTests.EmberVent_DamagesInsideRadius_WardBlocks" methodname="EmberVent_DamagesInsideRadius_WardBlocks" classname="CinderCourt.Tests.CampaignSimTests" runstate="Runnable" seed="1855829034" result="Passed" start-time="2026-08-05 06:30:49Z" end-time="2026-08-05 06:30:49Z" duration="0.001010" asserts="0">
              <properties>
                <property name="retryIteration" value="0" />
                <property name="repeatIteration" value="0" />
              </properties>
            </test-case>
            <test-case id="1020" name="EmberVent_Pulse_WardNegatesDamageAndStartsGrace" fullname="CinderCourt.Tests.CampaignSimTests.EmberVent_Pulse_WardNegatesDamageAndStartsGrace" methodname="EmberVent_Pulse_WardNegatesDamageAndStartsGrace" classname="CinderCourt.Tests.CampaignSimTests" runstate="Runnable" seed="1049562603" result="Passed" start-time="2026-08-05 06:30:49Z" end-time="2026-08-05 06:30:49Z" duration="0.001316" asserts="0">
              <properties>
                <property name="retryIteration" value="0" />
                <property name="repeatIteration" value="0" />
              </properties>
            </test-case>
            <test-case id="1014" name="EquipmentFormulas_ApplyAtRunStart" fullname="CinderCourt.Tests.CampaignSimTests.EquipmentFormulas_ApplyAtRunStart" methodname="EquipmentFormulas_ApplyAtRunStart" classname="CinderCourt.Tests.CampaignSimTests" runstate="Runnable" seed="1107740389" result="Passed" start-time="2026-08-05 06:30:49Z" end-time="2026-08-05 06:30:49Z" duration="0.000829" asserts="0">
              <properties>
                <property name="retryIteration" value="0" />
                <property name="repeatIteration" value="0" />
              </properties>
            </test-case>
            <test-case id="1017" name="EquipShard_DropsFromEnemyIdModulo" fullname="CinderCourt.Tests.CampaignSimTests.EquipShard_DropsFromEnemyIdModulo" methodname="EquipShard_DropsFromEnemyIdModulo" classname="CinderCourt.Tests.CampaignSimTests" runstate="Runnable" seed="1329595891" result="Passed" start-time="2026-08-05 06:30:49Z" end-time="2026-08-05 06:30:49Z" duration="0.000900" asserts="0">
              <properties>
                <property name="retryIteration" value="0" />
                <property name="repeatIteration" value="0" />
              </properties>
            </test-case>
            <test-case id="1021" name="ObsidianPillar_BlocksPlayer" fullname="CinderCourt.Tests.CampaignSimTests.ObsidianPillar_BlocksPlayer" methodname="ObsidianPillar_BlocksPlayer" classname="CinderCourt.Tests.CampaignSimTests" runstate="Runnable" seed="597382076" result="Passed" start-time="2026-08-05 06:30:49Z" end-time="2026-08-05 06:30:49Z" duration="0.000548" asserts="0">
              <properties>
                <property name="retryIteration" value="0" />
                <property name="repeatIteration" value="0" />
              </properties>
            </test-case>
            <test-case id="1022" name="RelicAltar_BlessesAfterHold_WithCooldown" fullname="CinderCourt.Tests.CampaignSimTests.RelicAltar_BlessesAfterHold_WithCooldown" methodname="RelicAltar_BlessesAfterHold_WithCooldown" classname="CinderCourt.Tests.CampaignSimTests" runstate="Runnable" seed="874424474" result="Passed" start-time="2026-08-05 06:30:49Z" end-time="2026-08-05 06:30:49Z" duration="0.001707" asserts="0">
              <properties>
                <property name="retryIteration" value="0" />
                <property name="repeatIteration" value="0" />
              </properties>
            </test-case>
            <test-case id="1018" name="StageClear_GrantsBossDrop_SlotByStageIndex" fullname="CinderCourt.Tests.CampaignSimTests.StageClear_GrantsBossDrop_SlotByStageIndex" methodname="StageClear_GrantsBossDrop_SlotByStageIndex" classname="CinderCourt.Tests.CampaignSimTests" runstate="Runnable" seed="1846016798" result="Passed" start-time="2026-08-05 06:30:49Z" end-time="2026-08-05 06:30:49Z" duration="0.007538" asserts="0">
              <properties>
                <property name="retryIteration" value="0" />
                <property name="repeatIteration" value="0" />
              </properties>
            </test-case>
            <test-case id="1013" name="StageTable_MatchesAmendment" fullname="CinderCourt.Tests.CampaignSimTests.StageTable_MatchesAmendment" methodname="StageTable_MatchesAmendment" classname="CinderCourt.Tests.CampaignSimTests" runstate="Runnable" seed="307531725" result="Passed" start-time="2026-08-05 06:30:49Z" end-time="2026-08-05 06:30:49Z" duration="0.001330" asserts="0">
              <properties>
                <property name="retryIteration" value="0" />
                <property name="repeatIteration" value="0" />
              </properties>
            </test-case>
          </test-suite>
          <test-suite type="TestFixture" id="1024" name="CharacterRosterAnimationTests" fullname="CinderCourt.Tests.CharacterRosterAnimationTests" classname="CinderCourt.Tests.CharacterRosterAnimationTests" runstate="Runnable" testcasecount="1" result="Passed" start-time="2026-08-05 06:30:49Z" end-time="2026-08-05 06:30:50Z" duration="0.654847" total="1" passed="1" failed="0" inconclusive="0" skipped="0" asserts="0">
            <properties />
            <test-case id="1025" name="CharacterRoster_ActorsRenderAndAnimateSharedAttack" fullname="CinderCourt.Tests.CharacterRosterAnimationTests.CharacterRoster_ActorsRenderAndAnimateSharedAttack" methodname="CharacterRoster_ActorsRenderAndAnimateSharedAttack" classname="CinderCourt.Tests.CharacterRosterAnimationTests" runstate="Runnable" seed="336376865" result="Passed" start-time="2026-08-05 06:30:49Z" end-time="2026-08-05 06:30:50Z" duration="0.653141" asserts="0">
              <properties>
                <property name="retryIteration" value="0" />
                <property name="repeatIteration" value="0" />
              </properties>
            </test-case>
          </test-suite>
          <test-suite type="TestFixture" id="1026" name="CinderSimTests" fullname="CinderCourt.Tests.CinderSimTests" classname="CinderCourt.Tests.CinderSimTests" runstate="Runnable" testcasecount="20" result="Passed" start-time="2026-08-05 06:30:50Z" end-time="2026-08-05 06:30:50Z" duration="0.045247" total="20" passed="20" failed="0" inconclusive="0" skipped="0" asserts="0">
            <properties />
            <test-case id="1043" name="Attack_HitsEnemyInFrontOncePerAttackId" fullname="CinderCourt.Tests.CinderSimTests.Attack_HitsEnemyInFrontOncePerAttackId" methodname="Attack_HitsEnemyInFrontOncePerAttackId" classname="CinderCourt.Tests.CinderSimTests" runstate="Runnable" seed="570073537" result="Passed" start-time="2026-08-05 06:30:50Z" end-time="2026-08-05 06:30:50Z" duration="0.001272" asserts="0">
              <properties>
                <property name="retryIteration" value="0" />
                <property name="repeatIteration" value="0" />
              </properties>
            </test-case>
            <test-case id="1044" name="Attack_MissesEnemiesBehindTheFacingArc" fullname="CinderCourt.Tests.CinderSimTests.Attack_MissesEnemiesBehindTheFacingArc" methodname="Attack_MissesEnemiesBehindTheFacingArc" classname="CinderCourt.Tests.CinderSimTests" runstate="Runnable" seed="1330534567" result="Passed" start-time="2026-08-05 06:30:50Z" end-time="2026-08-05 06:30:50Z" duration="0.000568" asserts="0">
              <properties>
                <property name="retryIteration" value="0" />
                <property name="repeatIteration" value="0" />
              </properties>
            </test-case>
            <test-case id="1045" name="Attack_RangeUsesIsoWeightedDistance" fullname="CinderCourt.Tests.CinderSimTests.Attack_RangeUsesIsoWeightedDistance" methodname="Attack_RangeUsesIsoWeightedDistance" classname="CinderCourt.Tests.CinderSimTests" runstate="Runnable" seed="943200671" result="Passed" start-time="2026-08-05 06:30:50Z" end-time="2026-08-05 06:30:50Z" duration="0.000483" asserts="0">
              <properties>
                <property name="retryIteration" value="0" />
                <property name="repeatIteration" value="0" />
              </properties>
            </test-case>
            <test-case id="1046" name="Boss_SpawnsOnWaveFiveWithSixTimesHealth" fullname="CinderCourt.Tests.CinderSimTests.Boss_SpawnsOnWaveFiveWithSixTimesHealth" methodname="Boss_SpawnsOnWaveFiveWithSixTimesHealth" classname="CinderCourt.Tests.CinderSimTests" runstate="Runnable" seed="420867162" result="Passed" start-time="2026-08-05 06:30:50Z" end-time="2026-08-05 06:30:50Z" duration="0.002722" asserts="0">
              <properties>
                <property name="retryIteration" value="0" />
                <property name="repeatIteration" value="0" />
              </properties>
            </test-case>
            <test-case id="1036" name="Clamp_IsDiamondNotAxisAlignedBox" fullname="CinderCourt.Tests.CinderSimTests.Clamp_IsDiamondNotAxisAlignedBox" methodname="Clamp_IsDiamondNotAxisAlignedBox" classname="CinderCourt.Tests.CinderSimTests" runstate="Runnable" seed="621820888" result="Passed" start-time="2026-08-05 06:30:50Z" end-time="2026-08-05 06:30:50Z" duration="0.000878" asserts="0">
              <properties>
                <property name="retryIteration" value="0" />
                <property name="repeatIteration" value="0" />
              </properties>
            </test-case>
            <test-case id="1035" name="Clamp_KeepsPlayerInsideTheL1Diamond" fullname="CinderCourt.Tests.CinderSimTests.Clamp_KeepsPlayerInsideTheL1Diamond" methodname="Clamp_KeepsPlayerInsideTheL1Diamond" classname="CinderCourt.Tests.CinderSimTests" runstate="Runnable" seed="34115849" result="Passed" start-time="2026-08-05 06:30:50Z" end-time="2026-08-05 06:30:50Z" duration="0.012342" asserts="0">
              <properties>
                <property name="retryIteration" value="0" />
                <property name="repeatIteration" value="0" />
              </properties>
            </test-case>
            <test-case id="1038" name="Nova_DamagesExactlyTheEnemiesInsideTheIsoRadius" fullname="CinderCourt.Tests.CinderSimTests.Nova_DamagesExactlyTheEnemiesInsideTheIsoRadius" methodname="Nova_DamagesExactlyTheEnemiesInsideTheIsoRadius" classname="CinderCourt.Tests.CinderSimTests" runstate="Runnable" seed="1417554597" result="Passed" start-time="2026-08-05 06:30:50Z" end-time="2026-08-05 06:30:50Z" duration="0.001209" asserts="0">
              <properties>
                <property name="retryIteration" value="0" />
                <property name="repeatIteration" value="0" />
              </properties>
            </test-case>
            <test-case id="1037" name="Nova_OutsideRadius_SpendsOilAndLeavesEnemyUntouched" fullname="CinderCourt.Tests.CinderSimTests.Nova_OutsideRadius_SpendsOilAndLeavesEnemyUntouched" methodname="Nova_OutsideRadius_SpendsOilAndLeavesEnemyUntouched" classname="CinderCourt.Tests.CinderSimTests" runstate="Runnable" seed="129003385" result="Passed" start-time="2026-08-05 06:30:50Z" end-time="2026-08-05 06:30:50Z" duration="0.000631" asserts="0">
              <properties>
                <property name="retryIteration" value="0" />
                <property name="repeatIteration" value="0" />
              </properties>
            </test-case>
            <test-case id="1042" name="Pickup_ExpiresAfterTwelveSeconds" fullname="CinderCourt.Tests.CinderSimTests.Pickup_ExpiresAfterTwelveSeconds" methodname="Pickup_ExpiresAfterTwelveSeconds" classname="CinderCourt.Tests.CinderSimTests" runstate="Runnable" seed="750736271" result="Passed" start-time="2026-08-05 06:30:50Z" end-time="2026-08-05 06:30:50Z" duration="0.000887" asserts="0">
              <properties>
                <property name="retryIteration" value="0" />
                <property name="repeatIteration" value="0" />
              </properties>
            </test-case>
            <test-case id="1040" name="Pickup_KindRotatesOnEnemyIdAndMagnetCollectsInstantly" fullname="CinderCourt.Tests.CinderSimTests.Pickup_KindRotatesOnEnemyIdAndMagnetCollectsInstantly" methodname="Pickup_KindRotatesOnEnemyIdAndMagnetCollectsInstantly" classname="CinderCourt.Tests.CinderSimTests" runstate="Runnable" seed="1775199124" result="Passed" start-time="2026-08-05 06:30:50Z" end-time="2026-08-05 06:30:50Z" duration="0.000595" asserts="0">
              <properties>
                <property name="retryIteration" value="0" />
                <property name="repeatIteration" value="0" />
              </properties>
            </test-case>
            <test-case id="1041" name="Pickup_RelicMoteAppliesScoreAndRelicWhenWalkedOver" fullname="CinderCourt.Tests.CinderSimTests.Pickup_RelicMoteAppliesScoreAndRelicWhenWalkedOver" methodname="Pickup_RelicMoteAppliesScoreAndRelicWhenWalkedOver" classname="CinderCourt.Tests.CinderSimTests" runstate="Runnable" seed="575966687" result="Passed" start-time="2026-08-05 06:30:50Z" end-time="2026-08-05 06:30:50Z" duration="0.000545" asserts="0">
              <properties>
                <property name="retryIteration" value="0" />
                <property name="repeatIteration" value="0" />
              </properties>
            </test-case>
            <test-case id="1028" name="Restart_AfterGameOver_RewindsRunToWaveOne" fullname="CinderCourt.Tests.CinderSimTests.Restart_AfterGameOver_RewindsRunToWaveOne" methodname="Restart_AfterGameOver_RewindsRunToWaveOne" classname="CinderCourt.Tests.CinderSimTests" runstate="Runnable" seed="1066481109" result="Passed" start-time="2026-08-05 06:30:50Z" end-time="2026-08-05 06:30:50Z" duration="0.001314" asserts="0">
              <properties>
                <property name="retryIteration" value="0" />
                <property name="repeatIteration" value="0" />
              </properties>
            </test-case>
            <test-case id="1027" name="Restart_ProducesSpecInitialState" fullname="CinderCourt.Tests.CinderSimTests.Restart_ProducesSpecInitialState" methodname="Restart_ProducesSpecInitialState" classname="CinderCourt.Tests.CinderSimTests" runstate="Runnable" seed="404825002" result="Passed" start-time="2026-08-05 06:30:50Z" end-time="2026-08-05 06:30:50Z" duration="0.000489" asserts="0">
              <properties>
                <property name="retryIteration" value="0" />
                <property name="repeatIteration" value="0" />
              </properties>
            </test-case>
            <test-case id="1031" name="SpawnCountForWave_FollowsSpecFormula" fullname="CinderCourt.Tests.CinderSimTests.SpawnCountForWave_FollowsSpecFormula" methodname="SpawnCountForWave_FollowsSpecFormula" classname="CinderCourt.Tests.CinderSimTests" runstate="Runnable" seed="395516968" result="Passed" start-time="2026-08-05 06:30:50Z" end-time="2026-08-05 06:30:50Z" duration="0.000157" asserts="0">
              <properties>
                <property name="retryIteration" value="0" />
                <property name="repeatIteration" value="0" />
              </properties>
            </test-case>
            <test-case id="1032" name="SpawnPointIndex_FollowsWaveSeedFormula" fullname="CinderCourt.Tests.CinderSimTests.SpawnPointIndex_FollowsWaveSeedFormula" methodname="SpawnPointIndex_FollowsWaveSeedFormula" classname="CinderCourt.Tests.CinderSimTests" runstate="Runnable" seed="171469229" result="Passed" start-time="2026-08-05 06:30:50Z" end-time="2026-08-05 06:30:50Z" duration="0.000115" asserts="0">
              <properties>
                <property name="retryIteration" value="0" />
                <property name="repeatIteration" value="0" />
              </properties>
            </test-case>
            <test-case id="1029" name="Tick_AfterGameOver_FreezesTheRun" fullname="CinderCourt.Tests.CinderSimTests.Tick_AfterGameOver_FreezesTheRun" methodname="Tick_AfterGameOver_FreezesTheRun" classname="CinderCourt.Tests.CinderSimTests" runstate="Runnable" seed="156949520" result="Passed" start-time="2026-08-05 06:30:50Z" end-time="2026-08-05 06:30:50Z" duration="0.000950" asserts="0">
              <properties>
                <property name="retryIteration" value="0" />
                <property name="repeatIteration" value="0" />
              </properties>
            </test-case>
            <test-case id="1030" name="Tick_SameInputScript_ProducesIdenticalRun" fullname="CinderCourt.Tests.CinderSimTests.Tick_SameInputScript_ProducesIdenticalRun" methodname="Tick_SameInputScript_ProducesIdenticalRun" classname="CinderCourt.Tests.CinderSimTests" runstate="Runnable" seed="893470158" result="Passed" start-time="2026-08-05 06:30:50Z" end-time="2026-08-05 06:30:50Z" duration="0.001807" asserts="0">
              <properties>
                <property name="retryIteration" value="0" />
                <property name="repeatIteration" value="0" />
              </properties>
            </test-case>
            <test-case id="1039" name="Ward_RefusesDamageForThreeSecondsButStillBurnsGrace" fullname="CinderCourt.Tests.CinderSimTests.Ward_RefusesDamageForThreeSecondsButStillBurnsGrace" methodname="Ward_RefusesDamageForThreeSecondsButStillBurnsGrace" classname="CinderCourt.Tests.CinderSimTests" runstate="Runnable" seed="1560360973" result="Passed" start-time="2026-08-05 06:30:50Z" end-time="2026-08-05 06:30:50Z" duration="0.001738" asserts="0">
              <properties>
                <property name="retryIteration" value="0" />
                <property name="repeatIteration" value="0" />
              </properties>
            </test-case>
            <test-case id="1034" name="WaveClear_KeepsPlayerSkillsAndPickupsTicking" fullname="CinderCourt.Tests.CinderSimTests.WaveClear_KeepsPlayerSkillsAndPickupsTicking" methodname="WaveClear_KeepsPlayerSkillsAndPickupsTicking" classname="CinderCourt.Tests.CinderSimTests" runstate="Runnable" seed="1231069836" result="Passed" start-time="2026-08-05 06:30:50Z" end-time="2026-08-05 06:30:50Z" duration="0.000655" asserts="0">
              <properties>
                <property name="retryIteration" value="0" />
                <property name="repeatIteration" value="0" />
              </properties>
            </test-case>
            <test-case id="1033" name="WaveOne_SpawnsFourEnemiesOnTheFormulaSpawnPoints" fullname="CinderCourt.Tests.CinderSimTests.WaveOne_SpawnsFourEnemiesOnTheFormulaSpawnPoints" methodname="WaveOne_SpawnsFourEnemiesOnTheFormulaSpawnPoints" classname="CinderCourt.Tests.CinderSimTests" runstate="Runnable" seed="1915454608" result="Passed" start-time="2026-08-05 06:30:50Z" end-time="2026-08-05 06:30:50Z" duration="0.000518" asserts="0">
              <properties>
                <property name="retryIteration" value="0" />
                <property name="repeatIteration" value="0" />
              </properties>
            </test-case>
          </test-suite>
          <test-suite type="TestFixture" id="1047" name="CompanionCommandParserTests" fullname="CinderCourt.Tests.CompanionCommandParserTests" classname="CinderCourt.Tests.CompanionCommandParserTests" runstate="Runnable" testcasecount="35" result="Passed" start-time="2026-08-05 06:30:50Z" end-time="2026-08-05 06:30:50Z" duration="0.010431" total="35" passed="35" failed="0" inconclusive="0" skipped="0" asserts="0">
            <properties />
            <test-case id="1085" name="ExtractFirstText_PullsIntentWordFromGeminiJson" fullname="CinderCourt.Tests.CompanionCommandParserTests.ExtractFirstText_PullsIntentWordFromGeminiJson" methodname="ExtractFirstText_PullsIntentWordFromGeminiJson" classname="CinderCourt.Tests.CompanionCommandParserTests" runstate="Runnable" seed="860897412" result="Passed" start-time="2026-08-05 06:30:50Z" end-time="2026-08-05 06:30:50Z" duration="0.000277" asserts="0">
              <properties>
                <property name="retryIteration" value="0" />
                <property name="repeatIteration" value="0" />
              </properties>
            </test-case>
            <test-suite type="ParameterizedMethod" id="1084" name="FromIntentWord_MapsGeminiReplies" fullname="CinderCourt.Tests.CompanionCommandParserTests.FromIntentWord_MapsGeminiReplies" classname="CinderCourt.Tests.CompanionCommandParserTests" runstate="Runnable" testcasecount="9" result="Passed" start-time="2026-08-05 06:30:50Z" end-time="2026-08-05 06:30:50Z" duration="0.003387" total="9" passed="9" failed="0" inconclusive="0" skipped="0" asserts="0">
              <properties />
              <test-case id="1075" name="FromIntentWord_MapsGeminiReplies(&quot;FocusAttack&quot;,FocusAttack)" fullname="CinderCourt.Tests.CompanionCommandParserTests.FromIntentWord_MapsGeminiReplies(&quot;FocusAttack&quot;,FocusAttack)" methodname="FromIntentWord_MapsGeminiReplies" classname="CinderCourt.Tests.CompanionCommandParserTests" runstate="Runnable" seed="1751199350" result="Passed" start-time="2026-08-05 06:30:50Z" end-time="2026-08-05 06:30:50Z" duration="0.000744" asserts="0">
                <properties>
                  <property name="retryIteration" value="0" />
                  <property name="repeatIteration" value="0" />
                </properties>
              </test-case>
              <test-case id="1076" name="FromIntentWord_MapsGeminiReplies(&quot;focusattack&quot;,FocusAttack)" fullname="CinderCourt.Tests.CompanionCommandParserTests.FromIntentWord_MapsGeminiReplies(&quot;focusattack&quot;,FocusAttack)" methodname="FromIntentWord_MapsGeminiReplies" classname="CinderCourt.Tests.CompanionCommandParserTests" runstate="Runnable" seed="1901516021" result="Passed" start-time="2026-08-05 06:30:50Z" end-time="2026-08-05 06:30:50Z" duration="0.000079" asserts="0">
                <properties>
                  <property name="retryIteration" value="0" />
                  <property name="repeatIteration" value="0" />
                </properties>
              </test-case>
              <test-case id="1077" name="FromIntentWord_MapsGeminiReplies(&quot;  Defend  &quot;,Defend)" fullname="CinderCourt.Tests.CompanionCommandParserTests.FromIntentWord_MapsGeminiReplies(&quot;  Defend  &quot;,Defend)" methodname="FromIntentWord_MapsGeminiReplies" classname="CinderCourt.Tests.CompanionCommandParserTests" runstate="Runnable" seed="399524590" result="Passed" start-time="2026-08-05 06:30:50Z" end-time="2026-08-05 06:30:50Z" duration="0.000066" asserts="0">
                <properties>
                  <property name="retryIteration" value="0" />
                  <property name="repeatIteration" value="0" />
                </properties>
              </test-case>
              <test-case id="1078" name="FromIntentWord_MapsGeminiReplies(&quot;SkillNova.&quot;,SkillNova)" fullname="CinderCourt.Tests.CompanionCommandParserTests.FromIntentWord_MapsGeminiReplies(&quot;SkillNova.&quot;,SkillNova)" methodname="FromIntentWord_MapsGeminiReplies" classname="CinderCourt.Tests.CompanionCommandParserTests" runstate="Runnable" seed="1232517712" result="Passed" start-time="2026-08-05 06:30:50Z" end-time="2026-08-05 06:30:50Z" duration="0.000060" asserts="0">
                <properties>
                  <property name="retryIteration" value="0" />
                  <property name="repeatIteration" value="0" />
                </properties>
              </test-case>
              <test-case id="1079" name="FromIntentWord_MapsGeminiReplies(&quot;Recall\n&quot;,Recall)" fullname="CinderCourt.Tests.CompanionCommandParserTests.FromIntentWord_MapsGeminiReplies(&quot;Recall\n&quot;,Recall)" methodname="FromIntentWord_MapsGeminiReplies" classname="CinderCourt.Tests.CompanionCommandParserTests" runstate="Runnable" seed="772601424" result="Passed" start-time="2026-08-05 06:30:50Z" end-time="2026-08-05 06:30:50Z" duration="0.000056" asserts="0">
                <properties>
                  <property name="retryIteration" value="0" />
                  <property name="repeatIteration" value="0" />
                </properties>
              </test-case>
              <test-case id="1080" name="FromIntentWord_MapsGeminiReplies(&quot;PickupInfo&quot;,PickupInfo)" fullname="CinderCourt.Tests.CompanionCommandParserTests.FromIntentWord_MapsGeminiReplies(&quot;PickupInfo&quot;,PickupInfo)" methodname="FromIntentWord_MapsGeminiReplies" classname="CinderCourt.Tests.CompanionCommandParserTests" runstate="Runnable" seed="639776718" result="Passed" start-time="2026-08-05 06:30:50Z" end-time="2026-08-05 06:30:50Z" duration="0.000057" asserts="0">
                <properties>
                  <property name="retryIteration" value="0" />
                  <property name="repeatIteration" value="0" />
                </properties>
              </test-case>
              <test-case id="1081" name="FromIntentWord_MapsGeminiReplies(&quot;banana&quot;,Unknown)" fullname="CinderCourt.Tests.CompanionCommandParserTests.FromIntentWord_MapsGeminiReplies(&quot;banana&quot;,Unknown)" methodname="FromIntentWord_MapsGeminiReplies" classname="CinderCourt.Tests.CompanionCommandParserTests" runstate="Runnable" seed="2050715215" result="Passed" start-time="2026-08-05 06:30:50Z" end-time="2026-08-05 06:30:50Z" duration="0.000343" asserts="0">
                <properties>
                  <property name="retryIteration" value="0" />
                  <property name="repeatIteration" value="0" />
                </properties>
              </test-case>
              <test-case id="1082" name="FromIntentWord_MapsGeminiReplies(&quot;&quot;,Unknown)" fullname="CinderCourt.Tests.CompanionCommandParserTests.FromIntentWord_MapsGeminiReplies(&quot;&quot;,Unknown)" methodname="FromIntentWord_MapsGeminiReplies" classname="CinderCourt.Tests.CompanionCommandParserTests" runstate="Runnable" seed="951457205" result="Passed" start-time="2026-08-05 06:30:50Z" end-time="2026-08-05 06:30:50Z" duration="0.000162" asserts="0">
                <properties>
                  <property name="retryIteration" value="0" />
                  <property name="repeatIteration" value="0" />
                </properties>
              </test-case>
              <test-case id="1083" name="FromIntentWord_MapsGeminiReplies(null,Unknown)" fullname="CinderCourt.Tests.CompanionCommandParserTests.FromIntentWord_MapsGeminiReplies(null,Unknown)" methodname="FromIntentWord_MapsGeminiReplies" classname="CinderCourt.Tests.CompanionCommandParserTests" runstate="Runnable" seed="1680513680" result="Passed" start-time="2026-08-05 06:30:50Z" end-time="2026-08-05 06:30:50Z" duration="0.000197" asserts="0">
                <properties>
                  <property name="retryIteration" value="0" />
                  <property name="repeatIteration" value="0" />
                </properties>
              </test-case>
            </test-suite>
            <test-suite type="ParameterizedMethod" id="1068" name="Parse_ClassifiesKnownCommands" fullname="CinderCourt.Tests.CompanionCommandParserTests.Parse_ClassifiesKnownCommands" classname="CinderCourt.Tests.CompanionCommandParserTests" runstate="Runnable" testcasecount="20" result="Passed" start-time="2026-08-05 06:30:50Z" end-time="2026-08-05 06:30:50Z" duration="0.004086" total="20" passed="20" failed="0" inconclusive="0" skipped="0" asserts="0">
              <properties />
              <test-case id="1048" name="Parse_ClassifiesKnownCommands(&quot;집중공격&quot;,FocusAttack)" fullname="CinderCourt.Tests.CompanionCommandParserTests.Parse_ClassifiesKnownCommands(&quot;집중공격&quot;,FocusAttack)" methodname="Parse_ClassifiesKnownCommands" classname="CinderCourt.Tests.CompanionCommandParserTests" runstate="Runnable" seed="1537730393" result="Passed" start-time="2026-08-05 06:30:50Z" end-time="2026-08-05 06:30:50Z" duration="0.000499" asserts="0">
                <properties>
                  <property name="retryIteration" value="0" />
                  <property name="repeatIteration" value="0" />
                </properties>
              </test-case>
              <test-case id="1049" name="Parse_ClassifiesKnownCommands(&quot;집중 공격해&quot;,FocusAttack)" fullname="CinderCourt.Tests.CompanionCommandParserTests.Parse_ClassifiesKnownCommands(&quot;집중 공격해&quot;,FocusAttack)" methodname="Parse_ClassifiesKnownCommands" classname="CinderCourt.Tests.CompanionCommandParserTests" runstate="Runnable" seed="1507982105" result="Passed" start-time="2026-08-05 06:30:50Z" end-time="2026-08-05 06:30:50Z" duration="0.000094" asserts="0">
                <properties>
                  <property name="retryIteration" value="0" />
                  <property name="repeatIteration" value="0" />
                </properties>
              </test-case>
              <test-case id="1050" name="Parse_ClassifiesKnownCommands(&quot;저놈 잡아&quot;,FocusAttack)" fullname="CinderCourt.Tests.CompanionCommandParserTests.Parse_ClassifiesKnownCommands(&quot;저놈 잡아&quot;,FocusAttack)" methodname="Parse_ClassifiesKnownCommands" classname="CinderCourt.Tests.CompanionCommandParserTests" runstate="Runnable" seed="625366172" result="Passed" start-time="2026-08-05 06:30:50Z" end-time="2026-08-05 06:30:50Z" duration="0.000083" asserts="0">
                <properties>
                  <property name="retryIteration" value="0" />
                  <property name="repeatIteration" value="0" />
                </properties>
              </test-case>
              <test-case id="1051" name="Parse_ClassifiesKnownCommands(&quot;방어태세&quot;,Defend)" fullname="CinderCourt.Tests.CompanionCommandParserTests.Parse_ClassifiesKnownCommands(&quot;방어태세&quot;,Defend)" methodname="Parse_ClassifiesKnownCommands" classname="CinderCourt.Tests.CompanionCommandParserTests" runstate="Runnable" seed="1191911755" result="Passed" start-time="2026-08-05 06:30:50Z" end-time="2026-08-05 06:30:50Z" duration="0.000079" asserts="0">
                <properties>
                  <property name="retryIteration" value="0" />
                  <property name="repeatIteration" value="0" />
                </properties>
              </test-case>
              <test-case id="1052" name="Parse_ClassifiesKnownCommands(&quot;방어 태세 갖춰&quot;,Defend)" fullname="CinderCourt.Tests.CompanionCommandParserTests.Parse_ClassifiesKnownCommands(&quot;방어 태세 갖춰&quot;,Defend)" methodname="Parse_ClassifiesKnownCommands" classname="CinderCourt.Tests.CompanionCommandParserTests" runstate="Runnable" seed="449155403" result="Passed" start-time="2026-08-05 06:30:50Z" end-time="2026-08-05 06:30:50Z" duration="0.000081" asserts="0">
                <properties>
                  <property name="retryIteration" value="0" />
                  <property name="repeatIteration" value="0" />
                </properties>
              </test-case>
              <test-case id="1053" name="Parse_ClassifiesKnownCommands(&quot;나를 지켜&quot;,Defend)" fullname="CinderCourt.Tests.CompanionCommandParserTests.Parse_ClassifiesKnownCommands(&quot;나를 지켜&quot;,Defend)" methodname="Parse_ClassifiesKnownCommands" classname="CinderCourt.Tests.CompanionCommandParserTests" runstate="Runnable" seed="67964461" result="Passed" start-time="2026-08-05 06:30:50Z" end-time="2026-08-05 06:30:50Z" duration="0.000079" asserts="0">
                <properties>
                  <property name="retryIteration" value="0" />
                  <property name="repeatIteration" value="0" />
                </properties>
              </test-case>
              <test-case id="1054" name="Parse_ClassifiesKnownCommands(&quot;복귀&quot;,Recall)" fullname="CinderCourt.Tests.CompanionCommandParserTests.Parse_ClassifiesKnownCommands(&quot;복귀&quot;,Recall)" methodname="Parse_ClassifiesKnownCommands" classname="CinderCourt.Tests.CompanionCommandParserTests" runstate="Runnable" seed="809740849" result="Passed" start-time="2026-08-05 06:30:50Z" end-time="2026-08-05 06:30:50Z" duration="0.000082" asserts="0">
                <properties>
                  <property name="retryIteration" value="0" />
                  <property name="repeatIteration" value="0" />
                </properties>
              </test-case>
              <test-case id="1055" name="Parse_ClassifiesKnownCommands(&quot;이리와&quot;,Recall)" fullname="CinderCourt.Tests.CompanionCommandParserTests.Parse_ClassifiesKnownCommands(&quot;이리와&quot;,Recall)" methodname="Parse_ClassifiesKnownCommands" classname="CinderCourt.Tests.CompanionCommandParserTests" runstate="Runnable" seed="1207946651" result="Passed" start-time="2026-08-05 06:30:50Z" end-time="2026-08-05 06:30:50Z" duration="0.000079" asserts="0">
                <properties>
                  <property name="retryIteration" value="0" />
                  <property name="repeatIteration" value="0" />
                </properties>
              </test-case>
              <test-case id="1056" name="Parse_ClassifiesKnownCommands(&quot;돌아와&quot;,Recall)" fullname="CinderCourt.Tests.CompanionCommandParserTests.Parse_ClassifiesKnownCommands(&quot;돌아와&quot;,Recall)" methodname="Parse_ClassifiesKnownCommands" classname="CinderCourt.Tests.CompanionCommandParserTests" runstate="Runnable" seed="790366614" result="Passed" start-time="2026-08-05 06:30:50Z" end-time="2026-08-05 06:30:50Z" duration="0.000084" asserts="0">
                <properties>
                  <property name="retryIteration" value="0" />
                  <property name="repeatIteration" value="0" />
                </properties>
              </test-case>
              <test-case id="1057" name="Parse_ClassifiesKnownCommands(&quot;아이템 획득&quot;,PickupInfo)" fullname="CinderCourt.Tests.CompanionCommandParserTests.Parse_ClassifiesKnownCommands(&quot;아이템 획득&quot;,PickupInfo)" methodname="Parse_ClassifiesKnownCommands" classname="CinderCourt.Tests.CompanionCommandParserTests" runstate="Runnable" seed="2068278846" result="Passed" start-time="2026-08-05 06:30:50Z" end-time="2026-08-05 06:30:50Z" duration="0.000083" asserts="0">
                <properties>
                  <property name="retryIteration" value="0" />
                  <property name="repeatIteration" value="0" />
                </properties>
              </test-case>
              <test-case id="1058" name="Parse_ClassifiesKnownCommands(&quot;저거 주워&quot;,PickupInfo)" fullname="CinderCourt.Tests.CompanionCommandParserTests.Parse_ClassifiesKnownCommands(&quot;저거 주워&quot;,PickupInfo)" methodname="Parse_ClassifiesKnownCommands" classname="CinderCourt.Tests.CompanionCommandParserTests" runstate="Runnable" seed="1470363345" result="Passed" start-time="2026-08-05 06:30:50Z" end-time="2026-08-05 06:30:50Z" duration="0.000084" asserts="0">
                <properties>
                  <property name="retryIteration" value="0" />
                  <property name="repeatIteration" value="0" />
                </properties>
              </test-case>
              <test-case id="1059" name="Parse_ClassifiesKnownCommands(&quot;노바&quot;,SkillNova)" fullname="CinderCourt.Tests.CompanionCommandParserTests.Parse_ClassifiesKnownCommands(&quot;노바&quot;,SkillNova)" methodname="Parse_ClassifiesKnownCommands" classname="CinderCourt.Tests.CompanionCommandParserTests" runstate="Runnable" seed="1510321732" result="Passed" start-time="2026-08-05 06:30:50Z" end-time="2026-08-05 06:30:50Z" duration="0.000077" asserts="0">
                <properties>
                  <property name="retryIteration" value="0" />
                  <property name="repeatIteration" value="0" />
                </properties>
              </test-case>
              <test-case id="1060" name="Parse_ClassifiesKnownCommands(&quot;잿불 노바 써&quot;,SkillNova)" fullname="CinderCourt.Tests.CompanionCommandParserTests.Parse_ClassifiesKnownCommands(&quot;잿불 노바 써&quot;,SkillNova)" methodname="Parse_ClassifiesKnownCommands" classname="CinderCourt.Tests.CompanionCommandParserTests" runstate="Runnable" seed="317662447" result="Passed" start-time="2026-08-05 06:30:50Z" end-time="2026-08-05 06:30:50Z" duration="0.000078" asserts="0">
                <properties>
                  <property name="retryIteration" value="0" />
                  <property name="repeatIteration" value="0" />
                </properties>
              </test-case>
              <test-case id="1061" name="Parse_ClassifiesKnownCommands(&quot;결계&quot;,SkillAegis)" fullname="CinderCourt.Tests.CompanionCommandParserTests.Parse_ClassifiesKnownCommands(&quot;결계&quot;,SkillAegis)" methodname="Parse_ClassifiesKnownCommands" classname="CinderCourt.Tests.CompanionCommandParserTests" runstate="Runnable" seed="45154049" result="Passed" start-time="2026-08-05 06:30:50Z" end-time="2026-08-05 06:30:50Z" duration="0.000085" asserts="0">
                <properties>
                  <property name="retryIteration" value="0" />
                  <property name="repeatIteration" value="0" />
                </properties>
              </test-case>
              <test-case id="1062" name="Parse_ClassifiesKnownCommands(&quot;방패 올려&quot;,SkillAegis)" fullname="CinderCourt.Tests.CompanionCommandParserTests.Parse_ClassifiesKnownCommands(&quot;방패 올려&quot;,SkillAegis)" methodname="Parse_ClassifiesKnownCommands" classname="CinderCourt.Tests.CompanionCommandParserTests" runstate="Runnable" seed="1100435654" result="Passed" start-time="2026-08-05 06:30:50Z" end-time="2026-08-05 06:30:50Z" duration="0.000080" asserts="0">
                <properties>
                  <property name="retryIteration" value="0" />
                  <property name="repeatIteration" value="0" />
                </properties>
              </test-case>
              <test-case id="1063" name="Parse_ClassifiesKnownCommands(&quot;파동&quot;,SkillPulse)" fullname="CinderCourt.Tests.CompanionCommandParserTests.Parse_ClassifiesKnownCommands(&quot;파동&quot;,SkillPulse)" methodname="Parse_ClassifiesKnownCommands" classname="CinderCourt.Tests.CompanionCommandParserTests" runstate="Runnable" seed="815948077" result="Passed" start-time="2026-08-05 06:30:50Z" end-time="2026-08-05 06:30:50Z" duration="0.000084" asserts="0">
                <properties>
                  <property name="retryIteration" value="0" />
                  <property name="repeatIteration" value="0" />
                </properties>
              </test-case>
              <test-case id="1064" name="Parse_ClassifiesKnownCommands(&quot;화살 쏴&quot;,SkillBolt)" fullname="CinderCourt.Tests.CompanionCommandParserTests.Parse_ClassifiesKnownCommands(&quot;화살 쏴&quot;,SkillBolt)" methodname="Parse_ClassifiesKnownCommands" classname="CinderCourt.Tests.CompanionCommandParserTests" runstate="Runnable" seed="1105408985" result="Passed" start-time="2026-08-05 06:30:50Z" end-time="2026-08-05 06:30:50Z" duration="0.000094" asserts="0">
                <properties>
                  <property name="retryIteration" value="0" />
                  <property name="repeatIteration" value="0" />
                </properties>
              </test-case>
              <test-case id="1065" name="Parse_ClassifiesKnownCommands(&quot;질주&quot;,SkillDash)" fullname="CinderCourt.Tests.CompanionCommandParserTests.Parse_ClassifiesKnownCommands(&quot;질주&quot;,SkillDash)" methodname="Parse_ClassifiesKnownCommands" classname="CinderCourt.Tests.CompanionCommandParserTests" runstate="Runnable" seed="1838060515" result="Passed" start-time="2026-08-05 06:30:50Z" end-time="2026-08-05 06:30:50Z" duration="0.000079" asserts="0">
                <properties>
                  <property name="retryIteration" value="0" />
                  <property name="repeatIteration" value="0" />
                </properties>
              </test-case>
              <test-case id="1066" name="Parse_ClassifiesKnownCommands(&quot;FOCUS the enemy&quot;,FocusAttack)" fullname="CinderCourt.Tests.CompanionCommandParserTests.Parse_ClassifiesKnownCommands(&quot;FOCUS the enemy&quot;,FocusAttack)" methodname="Parse_ClassifiesKnownCommands" classname="CinderCourt.Tests.CompanionCommandParserTests" runstate="Runnable" seed="371310088" result="Passed" start-time="2026-08-05 06:30:50Z" end-time="2026-08-05 06:30:50Z" duration="0.000095" asserts="0">
                <properties>
                  <property name="retryIteration" value="0" />
                  <property name="repeatIteration" value="0" />
                </properties>
              </test-case>
              <test-case id="1067" name="Parse_ClassifiesKnownCommands(&quot;defend me&quot;,Defend)" fullname="CinderCourt.Tests.CompanionCommandParserTests.Parse_ClassifiesKnownCommands(&quot;defend me&quot;,Defend)" methodname="Parse_ClassifiesKnownCommands" classname="CinderCourt.Tests.CompanionCommandParserTests" runstate="Runnable" seed="244573140" result="Passed" start-time="2026-08-05 06:30:50Z" end-time="2026-08-05 06:30:50Z" duration="0.000094" asserts="0">
                <properties>
                  <property name="retryIteration" value="0" />
                  <property name="repeatIteration" value="0" />
                </properties>
              </test-case>
            </test-suite>
            <test-case id="1069" name="Parse_SkillWordsBeatGenericDefense" fullname="CinderCourt.Tests.CompanionCommandParserTests.Parse_SkillWordsBeatGenericDefense" methodname="Parse_SkillWordsBeatGenericDefense" classname="CinderCourt.Tests.CompanionCommandParserTests" runstate="Runnable" seed="661219593" result="Passed" start-time="2026-08-05 06:30:50Z" end-time="2026-08-05 06:30:50Z" duration="0.000097" asserts="0">
              <properties>
                <property name="retryIteration" value="0" />
                <property name="repeatIteration" value="0" />
              </properties>
            </test-case>
            <test-suite type="ParameterizedMethod" id="1074" name="Parse_UnknownAndEmptyFallThrough" fullname="CinderCourt.Tests.CompanionCommandParserTests.Parse_UnknownAndEmptyFallThrough" classname="CinderCourt.Tests.CompanionCommandParserTests" runstate="Runnable" testcasecount="4" result="Passed" start-time="2026-08-05 06:30:50Z" end-time="2026-08-05 06:30:50Z" duration="0.001158" total="4" passed="4" failed="0" inconclusive="0" skipped="0" asserts="0">
              <properties />
              <test-case id="1070" name="Parse_UnknownAndEmptyFallThrough(null)" fullname="CinderCourt.Tests.CompanionCommandParserTests.Parse_UnknownAndEmptyFallThrough(null)" methodname="Parse_UnknownAndEmptyFallThrough" classname="CinderCourt.Tests.CompanionCommandParserTests" runstate="Runnable" seed="200848720" result="Passed" start-time="2026-08-05 06:30:50Z" end-time="2026-08-05 06:30:50Z" duration="0.000314" asserts="0">
                <properties>
                  <property name="retryIteration" value="0" />
                  <property name="repeatIteration" value="0" />
                </properties>
              </test-case>
              <test-case id="1071" name="Parse_UnknownAndEmptyFallThrough(&quot;&quot;)" fullname="CinderCourt.Tests.CompanionCommandParserTests.Parse_UnknownAndEmptyFallThrough(&quot;&quot;)" methodname="Parse_UnknownAndEmptyFallThrough" classname="CinderCourt.Tests.CompanionCommandParserTests" runstate="Runnable" seed="761030229" result="Passed" start-time="2026-08-05 06:30:50Z" end-time="2026-08-05 06:30:50Z" duration="0.000085" asserts="0">
                <properties>
                  <property name="retryIteration" value="0" />
                  <property name="repeatIteration" value="0" />
                </properties>
              </test-case>
              <test-case id="1072" name="Parse_UnknownAndEmptyFallThrough(&quot;   &quot;)" fullname="CinderCourt.Tests.CompanionCommandParserTests.Parse_UnknownAndEmptyFallThrough(&quot;   &quot;)" methodname="Parse_UnknownAndEmptyFallThrough" classname="CinderCourt.Tests.CompanionCommandParserTests" runstate="Runnable" seed="444310136" result="Passed" start-time="2026-08-05 06:30:50Z" end-time="2026-08-05 06:30:50Z" duration="0.000046" asserts="0">
                <properties>
                  <property name="retryIteration" value="0" />
                  <property name="repeatIteration" value="0" />
                </properties>
              </test-case>
              <test-case id="1073" name="Parse_UnknownAndEmptyFallThrough(&quot;오늘 날씨 어때&quot;)" fullname="CinderCourt.Tests.CompanionCommandParserTests.Parse_UnknownAndEmptyFallThrough(&quot;오늘 날씨 어때&quot;)" methodname="Parse_UnknownAndEmptyFallThrough" classname="CinderCourt.Tests.CompanionCommandParserTests" runstate="Runnable" seed="1920548287" result="Passed" start-time="2026-08-05 06:30:50Z" end-time="2026-08-05 06:30:50Z" duration="0.000045" asserts="0">
                <properties>
                  <property name="retryIteration" value="0" />
                  <property name="repeatIteration" value="0" />
                </properties>
              </test-case>
            </test-suite>
          </test-suite>
          <test-suite type="TestFixture" id="1086" name="ElementTintTests" fullname="CinderCourt.Tests.ElementTintTests" classname="CinderCourt.Tests.ElementTintTests" runstate="Runnable" testcasecount="5" result="Passed" start-time="2026-08-05 06:30:50Z" end-time="2026-08-05 06:30:50Z" duration="0.003526" total="5" passed="5" failed="0" inconclusive="0" skipped="0" asserts="0">
            <properties />
            <test-case id="1090" name="CoincidentCasts_ResolveInDocumentedKitOrder" fullname="CinderCourt.Tests.ElementTintTests.CoincidentCasts_ResolveInDocumentedKitOrder" methodname="CoincidentCasts_ResolveInDocumentedKitOrder" classname="CinderCourt.Tests.ElementTintTests" runstate="Runnable" seed="603008842" result="Passed" start-time="2026-08-05 06:30:50Z" end-time="2026-08-05 06:30:50Z" duration="0.001241" asserts="0">
              <properties>
                <property name="retryIteration" value="0" />
                <property name="repeatIteration" value="0" />
              </properties>
            </test-case>
            <test-case id="1087" name="EachCastEvent_MapsToItsSpecifiedElementColor" fullname="CinderCourt.Tests.ElementTintTests.EachCastEvent_MapsToItsSpecifiedElementColor" methodname="EachCastEvent_MapsToItsSpecifiedElementColor" classname="CinderCourt.Tests.ElementTintTests" runstate="Runnable" seed="682184900" result="Passed" start-time="2026-08-05 06:30:50Z" end-time="2026-08-05 06:30:50Z" duration="0.000203" asserts="0">
              <properties>
                <property name="retryIteration" value="0" />
                <property name="repeatIteration" value="0" />
              </properties>
            </test-case>
            <test-case id="1088" name="ElementColors_AreMutuallyDistinct" fullname="CinderCourt.Tests.ElementTintTests.ElementColors_AreMutuallyDistinct" methodname="ElementColors_AreMutuallyDistinct" classname="CinderCourt.Tests.ElementTintTests" runstate="Runnable" seed="2101873872" result="Passed" start-time="2026-08-05 06:30:50Z" end-time="2026-08-05 06:30:50Z" duration="0.000437" asserts="0">
              <properties>
                <property name="retryIteration" value="0" />
                <property name="repeatIteration" value="0" />
              </properties>
            </test-case>
            <test-case id="1089" name="NoCastBit_ReturnsFalseAndLeavesColorDefault" fullname="CinderCourt.Tests.ElementTintTests.NoCastBit_ReturnsFalseAndLeavesColorDefault" methodname="NoCastBit_ReturnsFalseAndLeavesColorDefault" classname="CinderCourt.Tests.ElementTintTests" runstate="Runnable" seed="1699084957" result="Passed" start-time="2026-08-05 06:30:50Z" end-time="2026-08-05 06:30:50Z" duration="0.000339" asserts="0">
              <properties>
                <property name="retryIteration" value="0" />
                <property name="repeatIteration" value="0" />
              </properties>
            </test-case>
            <test-case id="1091" name="RepeatedCalls_AreStableAcrossInterleavedInputs" fullname="CinderCourt.Tests.ElementTintTests.RepeatedCalls_AreStableAcrossInterleavedInputs" methodname="RepeatedCalls_AreStableAcrossInterleavedInputs" classname="CinderCourt.Tests.ElementTintTests" runstate="Runnable" seed="1925026259" result="Passed" start-time="2026-08-05 06:30:50Z" end-time="2026-08-05 06:30:50Z" duration="0.000188" asserts="0">
              <properties>
                <property name="retryIteration" value="0" />
                <property name="repeatIteration" value="0" />
              </properties>
            </test-case>
          </test-suite>
          <test-suite type="TestFixture" id="1092" name="EquipPropTests" fullname="CinderCourt.Tests.EquipPropTests" classname="CinderCourt.Tests.EquipPropTests" runstate="Runnable" testcasecount="5" result="Passed" start-time="2026-08-05 06:30:50Z" end-time="2026-08-05 06:30:50Z" duration="0.016794" total="5" passed="5" failed="0" inconclusive="0" skipped="0" asserts="0">
            <properties />
            <test-case id="1093" name="AllSixPropPrefabs_ExistWithRenderers" fullname="CinderCourt.Tests.EquipPropTests.AllSixPropPrefabs_ExistWithRenderers" methodname="AllSixPropPrefabs_ExistWithRenderers" classname="CinderCourt.Tests.EquipPropTests" runstate="Runnable" seed="522909041" result="Passed" start-time="2026-08-05 06:30:50Z" end-time="2026-08-05 06:30:50Z" duration="0.009761" asserts="0">
              <properties>
                <property name="retryIteration" value="0" />
                <property name="repeatIteration" value="0" />
              </properties>
            </test-case>
            <test-case id="1095" name="EveryProp_HasCharacterScaleWorldSize" fullname="CinderCourt.Tests.EquipPropTests.EveryProp_HasCharacterScaleWorldSize" methodname="EveryProp_HasCharacterScaleWorldSize" classname="CinderCourt.Tests.EquipPropTests" runstate="Runnable" seed="943271274" result="Passed" start-time="2026-08-05 06:30:50Z" end-time="2026-08-05 06:30:50Z" duration="0.001054" asserts="0">
              <properties>
                <property name="retryIteration" value="0" />
                <property name="repeatIteration" value="0" />
              </properties>
            </test-case>
            <test-case id="1094" name="EveryProp_RespectsTriangleBudget" fullname="CinderCourt.Tests.EquipPropTests.EveryProp_RespectsTriangleBudget" methodname="EveryProp_RespectsTriangleBudget" classname="CinderCourt.Tests.EquipPropTests" runstate="Runnable" seed="324828408" result="Passed" start-time="2026-08-05 06:30:50Z" end-time="2026-08-05 06:30:50Z" duration="0.000736" asserts="0">
              <properties>
                <property name="retryIteration" value="0" />
                <property name="repeatIteration" value="0" />
              </properties>
            </test-case>
            <test-case id="1097" name="PlayerPrefab_IsHumanoidWithAllThreeSocketBones" fullname="CinderCourt.Tests.EquipPropTests.PlayerPrefab_IsHumanoidWithAllThreeSocketBones" methodname="PlayerPrefab_IsHumanoidWithAllThreeSocketBones" classname="CinderCourt.Tests.EquipPropTests" runstate="Runnable" seed="1792973481" result="Passed" start-time="2026-08-05 06:30:50Z" end-time="2026-08-05 06:30:50Z" duration="0.002358" asserts="0">
              <properties>
                <property name="retryIteration" value="0" />
                <property name="repeatIteration" value="0" />
              </properties>
            </test-case>
            <test-case id="1096" name="PropMaterials_UseUrpShaders" fullname="CinderCourt.Tests.EquipPropTests.PropMaterials_UseUrpShaders" methodname="PropMaterials_UseUrpShaders" classname="CinderCourt.Tests.EquipPropTests" runstate="Runnable" seed="909374341" result="Passed" start-time="2026-08-05 06:30:50Z" end-time="2026-08-05 06:30:50Z" duration="0.001733" asserts="0">
              <properties>
                <property name="retryIteration" value="0" />
                <property name="repeatIteration" value="0" />
              </properties>
            </test-case>
          </test-suite>
          <test-suite type="TestFixture" id="1098" name="FontCoverageTests" fullname="CinderCourt.Tests.FontCoverageTests" classname="CinderCourt.Tests.FontCoverageTests" runstate="Runnable" testcasecount="1" result="Passed" start-time="2026-08-05 06:30:50Z" end-time="2026-08-05 06:30:50Z" duration="0.033381" total="1" passed="1" failed="0" inconclusive="0" skipped="0" asserts="0">
            <properties />
            <test-case id="1099" name="HudKorean_CoversEveryKoreanCharacterInViewStrings" fullname="CinderCourt.Tests.FontCoverageTests.HudKorean_CoversEveryKoreanCharacterInViewStrings" methodname="HudKorean_CoversEveryKoreanCharacterInViewStrings" classname="CinderCourt.Tests.FontCoverageTests" runstate="Runnable" seed="260035179" result="Passed" start-time="2026-08-05 06:30:50Z" end-time="2026-08-05 06:30:50Z" duration="0.032622" asserts="0">
              <properties>
                <property name="retryIteration" value="0" />
                <property name="repeatIteration" value="0" />
              </properties>
            </test-case>
          </test-suite>
          <test-suite type="TestFixture" id="1100" name="GameDirectorCampaignRouteTests" fullname="CinderCourt.Tests.GameDirectorCampaignRouteTests" classname="CinderCourt.Tests.GameDirectorCampaignRouteTests" runstate="Runnable" testcasecount="5" result="Passed" start-time="2026-08-05 06:30:50Z" end-time="2026-08-05 06:30:51Z" duration="0.911879" total="5" passed="5" failed="0" inconclusive="0" skipped="0" asserts="0">
            <properties />
            <test-case id="1103" name="BeginBeforeFirstScheduledFrame_InitializesOnePlayerAndDamageHost" fullname="CinderCourt.Tests.GameDirectorCampaignRouteTests.BeginBeforeFirstScheduledFrame_InitializesOnePlayerAndDamageHost" methodname="BeginBeforeFirstScheduledFrame_InitializesOnePlayerAndDamageHost" classname="CinderCourt.Tests.GameDirectorCampaignRouteTests" runstate="Runnable" seed="721101943" result="Passed" start-time="2026-08-05 06:30:50Z" end-time="2026-08-05 06:30:51Z" duration="0.614345" asserts="0">
              <properties>
                <property name="_JOINTYPE" value="UnityCombinatorial" />
                <property name="retryIteration" value="0" />
                <property name="repeatIteration" value="0" />
              </properties>
            </test-case>
            <test-case id="1101" name="CampaignClear_PersistsUnlockAndCarriesSelectedOrDeferredRestIntoDirectSuccessor" fullname="CinderCourt.Tests.GameDirectorCampaignRouteTests.CampaignClear_PersistsUnlockAndCarriesSelectedOrDeferredRestIntoDirectSuccessor" methodname="CampaignClear_PersistsUnlockAndCarriesSelectedOrDeferredRestIntoDirectSuccessor" classname="CinderCourt.Tests.GameDirectorCampaignRouteTests" runstate="Runnable" seed="1432206997" result="Passed" start-time="2026-08-05 06:30:51Z" end-time="2026-08-05 06:30:51Z" duration="0.262574" asserts="0">
              <properties>
                <property name="_JOINTYPE" value="UnityCombinatorial" />
                <property name="retryIteration" value="0" />
                <property name="repeatIteration" value="0" />
              </properties>
            </test-case>
            <test-suite type="ParameterizedMethod" id="1106" name="CompanionOneShot_IsConsumedAfterFirstTickOfCatchUpBatch" fullname="CinderCourt.Tests.GameDirectorCampaignRouteTests.CompanionOneShot_IsConsumedAfterFirstTickOfCatchUpBatch" classname="CinderCourt.Tests.GameDirectorCampaignRouteTests" runstate="Runnable" testcasecount="2" result="Passed" start-time="2026-08-05 06:30:51Z" end-time="2026-08-05 06:30:51Z" duration="0.006594" total="2" passed="2" failed="0" inconclusive="0" skipped="0" asserts="0">
              <properties />
              <test-case id="1104" name="CompanionOneShot_IsConsumedAfterFirstTickOfCatchUpBatch(True)" fullname="CinderCourt.Tests.GameDirectorCampaignRouteTests.CompanionOneShot_IsConsumedAfterFirstTickOfCatchUpBatch(True)" methodname="CompanionOneShot_IsConsumedAfterFirstTickOfCatchUpBatch" classname="CinderCourt.Tests.GameDirectorCampaignRouteTests" runstate="Runnable" seed="1253230047" result="Passed" start-time="2026-08-05 06:30:51Z" end-time="2026-08-05 06:30:51Z" duration="0.004682" asserts="0">
                <properties>
                  <property name="retryIteration" value="0" />
                  <property name="repeatIteration" value="0" />
                </properties>
              </test-case>
              <test-case id="1105" name="CompanionOneShot_IsConsumedAfterFirstTickOfCatchUpBatch(False)" fullname="CinderCourt.Tests.GameDirectorCampaignRouteTests.CompanionOneShot_IsConsumedAfterFirstTickOfCatchUpBatch(False)" methodname="CompanionOneShot_IsConsumedAfterFirstTickOfCatchUpBatch" classname="CinderCourt.Tests.GameDirectorCampaignRouteTests" runstate="Runnable" seed="726896042" result="Passed" start-time="2026-08-05 06:30:51Z" end-time="2026-08-05 06:30:51Z" duration="0.001094" asserts="0">
                <properties>
                  <property name="retryIteration" value="0" />
                  <property name="repeatIteration" value="0" />
                </properties>
              </test-case>
            </test-suite>
            <test-case id="1102" name="LobbyMotionLabels_UseGlyphsPresentInShippedHudKoreanFont" fullname="CinderCourt.Tests.GameDirectorCampaignRouteTests.LobbyMotionLabels_UseGlyphsPresentInShippedHudKoreanFont" methodname="LobbyMotionLabels_UseGlyphsPresentInShippedHudKoreanFont" classname="CinderCourt.Tests.GameDirectorCampaignRouteTests" runstate="Runnable" seed="1718871405" result="Passed" start-time="2026-08-05 06:30:51Z" end-time="2026-08-05 06:30:51Z" duration="0.025824" asserts="0">
              <properties>
                <property name="retryIteration" value="0" />
                <property name="repeatIteration" value="0" />
              </properties>
            </test-case>
          </test-suite>
          <test-suite type="TestFixture" id="1107" name="HackSimTests" fullname="CinderCourt.Tests.HackSimTests" classname="CinderCourt.Tests.HackSimTests" runstate="Runnable" testcasecount="46" result="Passed" start-time="2026-08-05 06:30:51Z" end-time="2026-08-05 06:30:51Z" duration="0.207393" total="46" passed="46" failed="0" inconclusive="0" skipped="0" asserts="0">
            <properties />
            <test-case id="1123" name="AshNova_DamagesInsideTheRadiusAndKnocksBack" fullname="CinderCourt.Tests.HackSimTests.AshNova_DamagesInsideTheRadiusAndKnocksBack" methodname="AshNova_DamagesInsideTheRadiusAndKnocksBack" classname="CinderCourt.Tests.HackSimTests" runstate="Runnable" seed="1730359811" result="Passed" start-time="2026-08-05 06:30:51Z" end-time="2026-08-05 06:30:51Z" duration="0.002665" asserts="0">
              <properties>
                <property name="retryIteration" value="0" />
                <property name="repeatIteration" value="0" />
              </properties>
            </test-case>
            <test-case id="1152" name="BossPhase2_MonarchSummonsThreeEscorts" fullname="CinderCourt.Tests.HackSimTests.BossPhase2_MonarchSummonsThreeEscorts" methodname="BossPhase2_MonarchSummonsThreeEscorts" classname="CinderCourt.Tests.HackSimTests" runstate="Runnable" seed="940132428" result="Passed" start-time="2026-08-05 06:30:51Z" end-time="2026-08-05 06:30:51Z" duration="0.009174" asserts="0">
              <properties>
                <property name="retryIteration" value="0" />
                <property name="repeatIteration" value="0" />
              </properties>
            </test-case>
            <test-case id="1151" name="BossPhase2_TriggersOnceAtHalfHealth" fullname="CinderCourt.Tests.HackSimTests.BossPhase2_TriggersOnceAtHalfHealth" methodname="BossPhase2_TriggersOnceAtHalfHealth" classname="CinderCourt.Tests.HackSimTests" runstate="Runnable" seed="1460683790" result="Passed" start-time="2026-08-05 06:30:51Z" end-time="2026-08-05 06:30:51Z" duration="0.004327" asserts="0">
              <properties>
                <property name="retryIteration" value="0" />
                <property name="repeatIteration" value="0" />
              </properties>
            </test-case>
            <test-case id="1116" name="Combo_ChainsThreeHitsWithSpecSwingTimesAndActiveWindows" fullname="CinderCourt.Tests.HackSimTests.Combo_ChainsThreeHitsWithSpecSwingTimesAndActiveWindows" methodname="Combo_ChainsThreeHitsWithSpecSwingTimesAndActiveWindows" classname="CinderCourt.Tests.HackSimTests" runstate="Runnable" seed="1347098911" result="Passed" start-time="2026-08-05 06:30:51Z" end-time="2026-08-05 06:30:51Z" duration="0.001857" asserts="0">
              <properties>
                <property name="retryIteration" value="0" />
                <property name="repeatIteration" value="0" />
              </properties>
            </test-case>
            <test-case id="1118" name="Combo_FinisherScalesDamageKnocksBackAndRaisesComboFinisher" fullname="CinderCourt.Tests.HackSimTests.Combo_FinisherScalesDamageKnocksBackAndRaisesComboFinisher" methodname="Combo_FinisherScalesDamageKnocksBackAndRaisesComboFinisher" classname="CinderCourt.Tests.HackSimTests" runstate="Runnable" seed="696054254" result="Passed" start-time="2026-08-05 06:30:51Z" end-time="2026-08-05 06:30:51Z" duration="0.001924" asserts="0">
              <properties>
                <property name="retryIteration" value="0" />
                <property name="repeatIteration" value="0" />
              </properties>
            </test-case>
            <test-case id="1117" name="Combo_LinkWindowExpiresAfterNinetenthsAndRestartsTheChain" fullname="CinderCourt.Tests.HackSimTests.Combo_LinkWindowExpiresAfterNinetenthsAndRestartsTheChain" methodname="Combo_LinkWindowExpiresAfterNinetenthsAndRestartsTheChain" classname="CinderCourt.Tests.HackSimTests" runstate="Runnable" seed="1243429702" result="Passed" start-time="2026-08-05 06:30:51Z" end-time="2026-08-05 06:30:51Z" duration="0.001700" asserts="0">
              <properties>
                <property name="retryIteration" value="0" />
                <property name="repeatIteration" value="0" />
              </properties>
            </test-case>
            <test-case id="1136" name="Companion_AttackingLeftTarget_PublishesLeftFacing" fullname="CinderCourt.Tests.HackSimTests.Companion_AttackingLeftTarget_PublishesLeftFacing" methodname="Companion_AttackingLeftTarget_PublishesLeftFacing" classname="CinderCourt.Tests.HackSimTests" runstate="Runnable" seed="1516004224" result="Passed" start-time="2026-08-05 06:30:51Z" end-time="2026-08-05 06:30:51Z" duration="0.000754" asserts="0">
              <properties>
                <property name="retryIteration" value="0" />
                <property name="repeatIteration" value="0" />
              </properties>
            </test-case>
            <test-case id="1141" name="Companion_CommandsAreInertOutsideDungeonAndWithoutAnActiveCompanion" fullname="CinderCourt.Tests.HackSimTests.Companion_CommandsAreInertOutsideDungeonAndWithoutAnActiveCompanion" methodname="Companion_CommandsAreInertOutsideDungeonAndWithoutAnActiveCompanion" classname="CinderCourt.Tests.HackSimTests" runstate="Runnable" seed="1278026693" result="Passed" start-time="2026-08-05 06:30:51Z" end-time="2026-08-05 06:30:51Z" duration="0.006620" asserts="0">
              <properties>
                <property name="retryIteration" value="0" />
                <property name="repeatIteration" value="0" />
              </properties>
            </test-case>
            <test-case id="1142" name="Companion_CommandSequencesProduceIdenticalSnapshotsAndDigests" fullname="CinderCourt.Tests.HackSimTests.Companion_CommandSequencesProduceIdenticalSnapshotsAndDigests" methodname="Companion_CommandSequencesProduceIdenticalSnapshotsAndDigests" classname="CinderCourt.Tests.HackSimTests" runstate="Runnable" seed="532189480" result="Passed" start-time="2026-08-05 06:30:51Z" end-time="2026-08-05 06:30:51Z" duration="0.002490" asserts="0">
              <properties>
                <property name="retryIteration" value="0" />
                <property name="repeatIteration" value="0" />
              </properties>
            </test-case>
            <test-case id="1153" name="Companion_DefaultFollowWithoutCommandsPreservesTheDungeonDigest" fullname="CinderCourt.Tests.HackSimTests.Companion_DefaultFollowWithoutCommandsPreservesTheDungeonDigest" methodname="Companion_DefaultFollowWithoutCommandsPreservesTheDungeonDigest" classname="CinderCourt.Tests.HackSimTests" runstate="Runnable" seed="1663887948" result="Passed" start-time="2026-08-05 06:30:51Z" end-time="2026-08-05 06:30:51Z" duration="0.005187" asserts="0">
              <properties>
                <property name="retryIteration" value="0" />
                <property name="repeatIteration" value="0" />
              </properties>
            </test-case>
            <test-case id="1137" name="Companion_HoldLocksCoordinatesWhileRetainingItsAttackCadence" fullname="CinderCourt.Tests.HackSimTests.Companion_HoldLocksCoordinatesWhileRetainingItsAttackCadence" methodname="Companion_HoldLocksCoordinatesWhileRetainingItsAttackCadence" classname="CinderCourt.Tests.HackSimTests" runstate="Runnable" seed="1474190195" result="Passed" start-time="2026-08-05 06:30:51Z" end-time="2026-08-05 06:30:51Z" duration="0.001313" asserts="0">
              <properties>
                <property name="retryIteration" value="0" />
                <property name="repeatIteration" value="0" />
              </properties>
            </test-case>
            <test-case id="1138" name="Companion_RecallResumesFollowingWithoutTeleporting" fullname="CinderCourt.Tests.HackSimTests.Companion_RecallResumesFollowingWithoutTeleporting" methodname="Companion_RecallResumesFollowingWithoutTeleporting" classname="CinderCourt.Tests.HackSimTests" runstate="Runnable" seed="43467543" result="Passed" start-time="2026-08-05 06:30:51Z" end-time="2026-08-05 06:30:51Z" duration="0.001010" asserts="0">
              <properties>
                <property name="retryIteration" value="0" />
                <property name="repeatIteration" value="0" />
              </properties>
            </test-case>
            <test-case id="1140" name="Companion_RedundantCommandsAreNoOpsAndRestartResetsFollow" fullname="CinderCourt.Tests.HackSimTests.Companion_RedundantCommandsAreNoOpsAndRestartResetsFollow" methodname="Companion_RedundantCommandsAreNoOpsAndRestartResetsFollow" classname="CinderCourt.Tests.HackSimTests" runstate="Runnable" seed="1375751314" result="Passed" start-time="2026-08-05 06:30:51Z" end-time="2026-08-05 06:30:51Z" duration="0.000397" asserts="0">
              <properties>
                <property name="retryIteration" value="0" />
                <property name="repeatIteration" value="0" />
              </properties>
            </test-case>
[...]
              <properties>
                <property name="retryIteration" value="0" />
                <property name="repeatIteration" value="0" />
              </properties>
            </test-case>
            <test-case id="1172" name="Unprotect_PassesLegacyPlaintextThrough" fullname="CinderCourt.Tests.KeyVaultTests.Unprotect_PassesLegacyPlaintextThrough" methodname="Unprotect_PassesLegacyPlaintextThrough" classname="CinderCourt.Tests.KeyVaultTests" runstate="Runnable" seed="1736384476" result="Passed" start-time="2026-08-05 06:30:51Z" end-time="2026-08-05 06:30:51Z" duration="0.000494" asserts="0">
              <properties>
                <property name="retryIteration" value="0" />
                <property name="repeatIteration" value="0" />
              </properties>
            </test-case>
            <test-case id="1173" name="Unprotect_TamperedCiphertext_ReturnsNull" fullname="CinderCourt.Tests.KeyVaultTests.Unprotect_TamperedCiphertext_ReturnsNull" methodname="Unprotect_TamperedCiphertext_ReturnsNull" classname="CinderCourt.Tests.KeyVaultTests" runstate="Runnable" seed="632593300" result="Passed" start-time="2026-08-05 06:30:51Z" end-time="2026-08-05 06:30:51Z" duration="0.001214" asserts="0">
              <properties>
                <property name="retryIteration" value="0" />
                <property name="repeatIteration" value="0" />
              </properties>
            </test-case>
          </test-suite>
          <test-suite type="TestFixture" id="1178" name="LanternReaverPrefabTests" fullname="CinderCourt.Tests.LanternReaverPrefabTests" classname="CinderCourt.Tests.LanternReaverPrefabTests" runstate="Runnable" testcasecount="2" result="Passed" start-time="2026-08-05 06:30:51Z" end-time="2026-08-05 06:30:51Z" duration="0.006211" total="2" passed="2" failed="0" inconclusive="0" skipped="0" asserts="0">
            <properties />
            <test-case id="1180" name="LanternReaverPrefab_AttackActionMovesHumanoidRightHand" fullname="CinderCourt.Tests.LanternReaverPrefabTests.LanternReaverPrefab_AttackActionMovesHumanoidRightHand" methodname="LanternReaverPrefab_AttackActionMovesHumanoidRightHand" classname="CinderCourt.Tests.LanternReaverPrefabTests" runstate="Runnable" seed="1202178276" result="Passed" start-time="2026-08-05 06:30:51Z" end-time="2026-08-05 06:30:51Z" duration="0.002673" asserts="0">
              <properties>
                <property name="retryIteration" value="0" />
                <property name="repeatIteration" value="0" />
              </properties>
            </test-case>
            <test-case id="1179" name="LanternReaverPrefab_IsAUsableHumanoidActor" fullname="CinderCourt.Tests.LanternReaverPrefabTests.LanternReaverPrefab_IsAUsableHumanoidActor" methodname="LanternReaverPrefab_IsAUsableHumanoidActor" classname="CinderCourt.Tests.LanternReaverPrefabTests" runstate="Runnable" seed="721834945" result="Passed" start-time="2026-08-05 06:30:51Z" end-time="2026-08-05 06:30:51Z" duration="0.002052" asserts="0">
              <properties>
                <property name="retryIteration" value="0" />
                <property name="repeatIteration" value="0" />
              </properties>
            </test-case>
          </test-suite>
          <test-suite type="TestFixture" id="1181" name="PresentationFeedbackTests" fullname="CinderCourt.Tests.PresentationFeedbackTests" classname="CinderCourt.Tests.PresentationFeedbackTests" runstate="Runnable" testcasecount="2" result="Passed" start-time="2026-08-05 06:30:51Z" end-time="2026-08-05 06:30:51Z" duration="0.088956" total="2" passed="2" failed="0" inconclusive="0" skipped="0" asserts="0">
            <properties />
            <test-case id="1182" name="BossIntro_UsesProvidedName_AndResetsTransientInputSafeElements" fullname="CinderCourt.Tests.PresentationFeedbackTests.BossIntro_UsesProvidedName_AndResetsTransientInputSafeElements" methodname="BossIntro_UsesProvidedName_AndResetsTransientInputSafeElements" classname="CinderCourt.Tests.PresentationFeedbackTests" runstate="Runnable" seed="100166556" result="Passed" start-time="2026-08-05 06:30:51Z" end-time="2026-08-05 06:30:51Z" duration="0.033720" asserts="0">
              <properties>
                <property name="retryIteration" value="0" />
                <property name="repeatIteration" value="0" />
              </properties>
            </test-case>
            <test-case id="1183" name="CampaignStageClear_StartsCeremonyWithoutPrematureOrDuplicateTerminalPanel" fullname="CinderCourt.Tests.PresentationFeedbackTests.CampaignStageClear_StartsCeremonyWithoutPrematureOrDuplicateTerminalPanel" methodname="CampaignStageClear_StartsCeremonyWithoutPrematureOrDuplicateTerminalPanel" classname="CinderCourt.Tests.PresentationFeedbackTests" runstate="Runnable" seed="1608234463" result="Passed" start-time="2026-08-05 06:30:51Z" end-time="2026-08-05 06:30:51Z" duration="0.049390" asserts="0">
              <properties>
                <property name="retryIteration" value="0" />
                <property name="repeatIteration" value="0" />
              </properties>
            </test-case>
          </test-suite>
          <test-suite type="TestFixture" id="1184" name="StageCatalogTests" fullname="CinderCourt.Tests.StageCatalogTests" classname="CinderCourt.Tests.StageCatalogTests" runstate="Runnable" testcasecount="8" result="Passed" start-time="2026-08-05 06:30:51Z" end-time="2026-08-05 06:30:51Z" duration="0.018449" total="8" passed="8" failed="0" inconclusive="0" skipped="0" asserts="0">
            <properties />
            <test-case id="1189" name="CompositeHazards_MatchPlacementAndClearanceContracts" fullname="CinderCourt.Tests.StageCatalogTests.CompositeHazards_MatchPlacementAndClearanceContracts" methodname="CompositeHazards_MatchPlacementAndClearanceContracts" classname="CinderCourt.Tests.StageCatalogTests" runstate="Runnable" seed="1869772524" result="Passed" start-time="2026-08-05 06:30:51Z" end-time="2026-08-05 06:30:51Z" duration="0.002998" asserts="0">
              <properties>
                <property name="retryIteration" value="0" />
                <property name="repeatIteration" value="0" />
              </properties>
            </test-case>
            <test-case id="1185" name="Entries_AreSixOrderedUniqueLogicalStages" fullname="CinderCourt.Tests.StageCatalogTests.Entries_AreSixOrderedUniqueLogicalStages" methodname="Entries_AreSixOrderedUniqueLogicalStages" classname="CinderCourt.Tests.StageCatalogTests" runstate="Runnable" seed="214701769" result="Passed" start-time="2026-08-05 06:30:51Z" end-time="2026-08-05 06:30:51Z" duration="0.002191" asserts="0">
              <properties>
                <property name="retryIteration" value="0" />
                <property name="repeatIteration" value="0" />
              </properties>
            </test-case>
            <test-case id="1187" name="Entries_FormStrictPrerequisiteChain" fullname="CinderCourt.Tests.StageCatalogTests.Entries_FormStrictPrerequisiteChain" methodname="Entries_FormStrictPrerequisiteChain" classname="CinderCourt.Tests.StageCatalogTests" runstate="Runnable" seed="811956345" result="Passed" start-time="2026-08-05 06:30:51Z" end-time="2026-08-05 06:30:51Z" duration="0.001190" asserts="0">
              <properties>
                <property name="retryIteration" value="0" />
                <property name="repeatIteration" value="0" />
              </properties>
            </test-case>
            <test-case id="1188" name="Entries_ReferenceOnlyExistingSharedTerrainResources" fullname="CinderCourt.Tests.StageCatalogTests.Entries_ReferenceOnlyExistingSharedTerrainResources" methodname="Entries_ReferenceOnlyExistingSharedTerrainResources" classname="CinderCourt.Tests.StageCatalogTests" runstate="Runnable" seed="976713301" result="Passed" start-time="2026-08-05 06:30:51Z" end-time="2026-08-05 06:30:51Z" duration="0.002338" asserts="0">
              <properties>
                <property name="retryIteration" value="0" />
                <property name="repeatIteration" value="0" />
              </properties>
            </test-case>
            <test-case id="1186" name="Entries_ResolveFrozenAnchorWithoutChangingAnchorStageId" fullname="CinderCourt.Tests.StageCatalogTests.Entries_ResolveFrozenAnchorWithoutChangingAnchorStageId" methodname="Entries_ResolveFrozenAnchorWithoutChangingAnchorStageId" classname="CinderCourt.Tests.StageCatalogTests" runstate="Runnable" seed="1452171179" result="Passed" start-time="2026-08-05 06:30:51Z" end-time="2026-08-05 06:30:51Z" duration="0.001998" asserts="0">
              <properties>
                <property name="retryIteration" value="0" />
                <property name="repeatIteration" value="0" />
              </properties>
            </test-case>
            <test-case id="1192" name="IsUnlocked_DirectlyClearedLegacyAnchorRemainsEnterable" fullname="CinderCourt.Tests.StageCatalogTests.IsUnlocked_DirectlyClearedLegacyAnchorRemainsEnterable" methodname="IsUnlocked_DirectlyClearedLegacyAnchorRemainsEnterable" classname="CinderCourt.Tests.StageCatalogTests" runstate="Runnable" seed="329421257" result="Passed" start-time="2026-08-05 06:30:51Z" end-time="2026-08-05 06:30:51Z" duration="0.001982" asserts="0">
              <properties>
                <property name="retryIteration" value="0" />
                <property name="repeatIteration" value="0" />
              </properties>
            </test-case>
            <test-case id="1190" name="Load_LegacyClearedIdsMapToAnchorBits" fullname="CinderCourt.Tests.StageCatalogTests.Load_LegacyClearedIdsMapToAnchorBits" methodname="Load_LegacyClearedIdsMapToAnchorBits" classname="CinderCourt.Tests.StageCatalogTests" runstate="Runnable" seed="1439795813" result="Passed" start-time="2026-08-05 06:30:51Z" end-time="2026-08-05 06:30:51Z" duration="0.001319" asserts="0">
              <properties>
                <property name="retryIteration" value="0" />
                <property name="repeatIteration" value="0" />
              </properties>
            </test-case>
            <test-case id="1191" name="Save_RoundTripsSixBitMaskAndPreservesMetaWithoutLegacyShape" fullname="CinderCourt.Tests.StageCatalogTests.Save_RoundTripsSixBitMaskAndPreservesMetaWithoutLegacyShape" methodname="Save_RoundTripsSixBitMaskAndPreservesMetaWithoutLegacyShape" classname="CinderCourt.Tests.StageCatalogTests" runstate="Runnable" seed="523949982" result="Passed" start-time="2026-08-05 06:30:51Z" end-time="2026-08-05 06:30:51Z" duration="0.001405" asserts="0">
              <properties>
                <property name="retryIteration" value="0" />
                <property name="repeatIteration" value="0" />
              </properties>
            </test-case>
          </test-suite>
          <test-suite type="TestFixture" id="1193" name="StageDressingTests" fullname="CinderCourt.Tests.StageDressingTests" classname="CinderCourt.Tests.StageDressingTests" runstate="Runnable" testcasecount="5" result="Passed" start-time="2026-08-05 06:30:51Z" end-time="2026-08-05 06:30:51Z" duration="0.005193" total="5" passed="5" failed="0" inconclusive="0" skipped="0" asserts="0">
            <properties />
            <test-case id="1194" name="DressedStages_HaveNonEmptyDistinctTables" fullname="CinderCourt.Tests.StageDressingTests.DressedStages_HaveNonEmptyDistinctTables" methodname="DressedStages_HaveNonEmptyDistinctTables" classname="CinderCourt.Tests.StageDressingTests" runstate="Runnable" seed="1251326006" result="Passed" start-time="2026-08-05 06:30:51Z" end-time="2026-08-05 06:30:51Z" duration="0.000617" asserts="0">
              <properties>
                <property name="retryIteration" value="0" />
                <property name="repeatIteration" value="0" />
              </properties>
            </test-case>
            <test-case id="1197" name="Placements_ClearEveryStageHazard" fullname="CinderCourt.Tests.StageDressingTests.Placements_ClearEveryStageHazard" methodname="Placements_ClearEveryStageHazard" classname="CinderCourt.Tests.StageDressingTests" runstate="Runnable" seed="923228065" result="Passed" start-time="2026-08-05 06:30:51Z" end-time="2026-08-05 06:30:51Z" duration="0.001252" asserts="0">
              <properties>
                <property name="retryIteration" value="0" />
                <property name="repeatIteration" value="0" />
              </properties>
            </test-case>
            <test-case id="1195" name="Placements_ReferenceExistingLibraryFeatureOrPropChildren" fullname="CinderCourt.Tests.StageDressingTests.Placements_ReferenceExistingLibraryFeatureOrPropChildren" methodname="Placements_ReferenceExistingLibraryFeatureOrPropChildren" classname="CinderCourt.Tests.StageDressingTests" runstate="Runnable" seed="998183944" result="Passed" start-time="2026-08-05 06:30:51Z" end-time="2026-08-05 06:30:51Z" duration="0.000974" asserts="0">
              <properties>
                <property name="retryIteration" value="0" />
                <property name="repeatIteration" value="0" />
              </properties>
            </test-case>
            <test-case id="1196" name="Placements_StayOutsideTheCombatPlane" fullname="CinderCourt.Tests.StageDressingTests.Placements_StayOutsideTheCombatPlane" methodname="Placements_StayOutsideTheCombatPlane" classname="CinderCourt.Tests.StageDressingTests" runstate="Runnable" seed="2056086107" result="Passed" start-time="2026-08-05 06:30:51Z" end-time="2026-08-05 06:30:51Z" duration="0.000229" asserts="0">
              <properties>
                <property name="retryIteration" value="0" />
                <property name="repeatIteration" value="0" />
              </properties>
            </test-case>
            <test-case id="1198" name="Tables_AreDeterministic" fullname="CinderCourt.Tests.StageDressingTests.Tables_AreDeterministic" methodname="Tables_AreDeterministic" classname="CinderCourt.Tests.StageDressingTests" runstate="Runnable" seed="888022147" result="Passed" start-time="2026-08-05 06:30:51Z" end-time="2026-08-05 06:30:51Z" duration="0.000281" asserts="0">
              <properties>
                <property name="retryIteration" value="0" />
                <property name="repeatIteration" value="0" />
              </properties>
            </test-case>
          </test-suite>
          <test-suite type="TestFixture" id="1199" name="TerrainPartsTests" fullname="CinderCourt.Tests.TerrainPartsTests" classname="CinderCourt.Tests.TerrainPartsTests" runstate="Runnable" testcasecount="2" result="Passed" start-time="2026-08-05 06:30:51Z" end-time="2026-08-05 06:30:51Z" duration="0.001956" total="2" passed="2" failed="0" inconclusive="0" skipped="0" asserts="0">
            <properties />
            <test-case id="1200" name="AbyssChancel_CarriesSplitPartsAndIntactFloor" fullname="CinderCourt.Tests.TerrainPartsTests.AbyssChancel_CarriesSplitPartsAndIntactFloor" methodname="AbyssChancel_CarriesSplitPartsAndIntactFloor" classname="CinderCourt.Tests.TerrainPartsTests" runstate="Runnable" seed="441760557" result="Passed" start-time="2026-08-05 06:30:51Z" end-time="2026-08-05 06:30:51Z" duration="0.000598" asserts="0">
              <properties>
                <property name="retryIteration" value="0" />
                <property name="repeatIteration" value="0" />
              </properties>
            </test-case>
            <test-case id="1201" name="EchoThrone_StaysSlabOnly_BillboardNonGoal" fullname="CinderCourt.Tests.TerrainPartsTests.EchoThrone_StaysSlabOnly_BillboardNonGoal" methodname="EchoThrone_StaysSlabOnly_BillboardNonGoal" classname="CinderCourt.Tests.TerrainPartsTests" runstate="Runnable" seed="171408464" result="Passed" start-time="2026-08-05 06:30:51Z" end-time="2026-08-05 06:30:51Z" duration="0.000187" asserts="0">
              <properties>
                <property name="retryIteration" value="0" />
                <property name="repeatIteration" value="0" />
              </properties>
            </test-case>
          </test-suite>
          <test-suite type="TestFixture" id="1202" name="WaveTelegraphTests" fullname="CinderCourt.Tests.WaveTelegraphTests" classname="CinderCourt.Tests.WaveTelegraphTests" runstate="Runnable" testcasecount="3" result="Passed" start-time="2026-08-05 06:30:51Z" end-time="2026-08-05 06:30:51Z" duration="0.003523" total="3" passed="3" failed="0" inconclusive="0" skipped="0" asserts="0">
            <properties />
            <test-case id="1205" name="EverySpawnPoint_SitsInsideTheArena" fullname="CinderCourt.Tests.WaveTelegraphTests.EverySpawnPoint_SitsInsideTheArena" methodname="EverySpawnPoint_SitsInsideTheArena" classname="CinderCourt.Tests.WaveTelegraphTests" runstate="Runnable" seed="283700479" result="Passed" start-time="2026-08-05 06:30:51Z" end-time="2026-08-05 06:30:51Z" duration="0.000228" asserts="0">
              <properties>
                <property name="retryIteration" value="0" />
                <property name="repeatIteration" value="0" />
              </properties>
            </test-case>
            <test-case id="1203" name="SpawnPointIndex_IsPureAndInRange" fullname="CinderCourt.Tests.WaveTelegraphTests.SpawnPointIndex_IsPureAndInRange" methodname="SpawnPointIndex_IsPureAndInRange" classname="CinderCourt.Tests.WaveTelegraphTests" runstate="Runnable" seed="283457925" result="Passed" start-time="2026-08-05 06:30:51Z" end-time="2026-08-05 06:30:51Z" duration="0.000888" asserts="0">
              <properties>
                <property name="retryIteration" value="0" />
                <property name="repeatIteration" value="0" />
              </properties>
            </test-case>
            <test-case id="1204" name="TelegraphRings_LandOnDistinctPointsWithinAWave" fullname="CinderCourt.Tests.WaveTelegraphTests.TelegraphRings_LandOnDistinctPointsWithinAWave" methodname="TelegraphRings_LandOnDistinctPointsWithinAWave" classname="CinderCourt.Tests.WaveTelegraphTests" runstate="Runnable" seed="1284982841" result="Passed" start-time="2026-08-05 06:30:51Z" end-time="2026-08-05 06:30:51Z" duration="0.001313" asserts="0">
              <properties>
                <property name="retryIteration" value="0" />
                <property name="repeatIteration" value="0" />
              </properties>
            </test-case>
          </test-suite>
          <test-suite type="TestFixture" id="1206" name="WebGlTextureCapTests" fullname="CinderCourt.Tests.WebGlTextureCapTests" classname="CinderCourt.Tests.WebGlTextureCapTests" runstate="Runnable" testcasecount="1" result="Passed" start-time="2026-08-05 06:30:51Z" end-time="2026-08-05 06:30:52Z" duration="0.045270" total="1" passed="1" failed="0" inconclusive="0" skipped="0" asserts="0">
            <properties />
            <test-case id="1207" name="TextureImporters_DefaultAndWebGlCapsDoNotExceed1024" fullname="CinderCourt.Tests.WebGlTextureCapTests.TextureImporters_DefaultAndWebGlCapsDoNotExceed1024" methodname="TextureImporters_DefaultAndWebGlCapsDoNotExceed1024" classname="CinderCourt.Tests.WebGlTextureCapTests" runstate="Runnable" seed="943305252" result="Passed" start-time="2026-08-05 06:30:51Z" end-time="2026-08-05 06:30:52Z" duration="0.044693" asserts="0">
              <properties>
                <property name="retryIteration" value="0" />
                <property name="repeatIteration" value="0" />
              </properties>
              <output><![CDATA[Saving results to: /Users/jangyoung/Library/Application Support/HongT/Abyssal Lantern — Cinder Court/TestResults.xml
]]></output>
            </test-case>
          </test-suite>
        </test-suite>
      </test-suite>
    </test-suite>
  </test-suite>
</test-run>