<?xml version="1.0" encoding="utf-8"?>
<test-run id="2" testcasecount="840" result="Passed" total="840" passed="839" failed="0" inconclusive="0" skipped="1" asserts="0" engine-version="3.5.0.0" clr-version="4.0.30319.42000" start-time="2026-08-09 05:54:48Z" end-time="2026-08-09 05:55:02Z" duration="14.1328466">
  <test-suite type="TestSuite" id="1000" name="Abyssal Lantern — Cinder Court" fullname="Abyssal Lantern — Cinder Court" runstate="Runnable" testcasecount="840" result="Passed" start-time="2026-08-09 05:54:48Z" end-time="2026-08-09 05:55:02Z" duration="14.132847" total="840" passed="839" failed="0" inconclusive="0" skipped="1" asserts="0">
    <properties>
      <property name="platform" value="EditMode" />
    </properties>
    <test-suite type="Assembly" id="1927" name="CinderCourt.Tests.EditMode.dll" fullname="/Users/jangyoung/orca/workspaces/HongT/main/Library/ScriptAssemblies/CinderCourt.Tests.EditMode.dll" runstate="Runnable" testcasecount="840" result="Passed" start-time="2026-08-09 05:54:48Z" end-time="2026-08-09 05:55:02Z" duration="14.117442" total="840" passed="839" failed="0" inconclusive="0" skipped="1" asserts="0">
      <properties>
        <property name="_PID" value="27276" />
        <property name="_APPDOMAIN" value="Unity Child Domain" />
        <property name="platform" value="EditMode" />
        <property name="EditorOnly" value="True" />
      </properties>
      <test-suite type="TestSuite" id="1928" name="CinderCourt" fullname="CinderCourt" runstate="Runnable" testcasecount="840" result="Passed" start-time="2026-08-09 05:54:48Z" end-time="2026-08-09 05:55:02Z" duration="14.108007" total="840" passed="839" failed="0" inconclusive="0" skipped="1" asserts="0">
        <properties />
        <test-suite type="TestSuite" id="1929" name="Tests" fullname="CinderCourt.Tests" runstate="Runnable" testcasecount="840" result="Passed" start-time="2026-08-09 05:54:48Z" end-time="2026-08-09 05:55:02Z" duration="14.094595" total="840" passed="839" failed="0" inconclusive="0" skipped="1" asserts="0">
          <properties />
          <test-suite type="TestFixture" id="1001" name="AdditiveMaterialTests" fullname="CinderCourt.Tests.AdditiveMaterialTests" classname="CinderCourt.Tests.AdditiveMaterialTests" runstate="Runnable" testcasecount="3" result="Passed" start-time="2026-08-09 05:54:48Z" end-time="2026-08-09 05:54:48Z" duration="0.050019" total="3" passed="3" failed="0" inconclusive="0" skipped="0" asserts="0">
            <properties />
            <test-case id="1003" name="MakeAdditive_DiffersFromMakeUnlit_OnlyInDestinationBlend" fullname="CinderCourt.Tests.AdditiveMaterialTests.MakeAdditive_DiffersFromMakeUnlit_OnlyInDestinationBlend" methodname="MakeAdditive_DiffersFromMakeUnlit_OnlyInDestinationBlend" classname="CinderCourt.Tests.AdditiveMaterialTests" runstate="Runnable" seed="213918757" result="Passed" start-time="2026-08-09 05:54:48Z" end-time="2026-08-09 05:54:48Z" duration="0.029373" asserts="0">
              <properties>
                <property name="retryIteration" value="0" />
                <property name="repeatIteration" value="0" />
              </properties>
            </test-case>
            <test-case id="1004" name="MakeAdditive_PreservesRequestedColor" fullname="CinderCourt.Tests.AdditiveMaterialTests.MakeAdditive_PreservesRequestedColor" methodname="MakeAdditive_PreservesRequestedColor" classname="CinderCourt.Tests.AdditiveMaterialTests" runstate="Runnable" seed="1221953506" result="Passed" start-time="2026-08-09 05:54:48Z" end-time="2026-08-09 05:54:48Z" duration="0.002163" asserts="0">
              <properties>
                <property name="retryIteration" value="0" />
                <property name="repeatIteration" value="0" />
              </properties>
            </test-case>
            <test-case id="1002" name="MakeAdditive_UsesSrcAlphaOne_SoOverlapsAccumulateIntoBloom" fullname="CinderCourt.Tests.AdditiveMaterialTests.MakeAdditive_UsesSrcAlphaOne_SoOverlapsAccumulateIntoBloom" methodname="MakeAdditive_UsesSrcAlphaOne_SoOverlapsAccumulateIntoBloom" classname="CinderCourt.Tests.AdditiveMaterialTests" runstate="Runnable" seed="419802952" result="Passed" start-time="2026-08-09 05:54:48Z" end-time="2026-08-09 05:54:48Z" duration="0.002907" asserts="0">
              <properties>
                <property name="retryIteration" value="0" />
                <property name="repeatIteration" value="0" />
              </properties>
            </test-case>
          </test-suite>
          <test-suite type="TestFixture" id="1005" name="AudioPitchJitterTests" fullname="CinderCourt.Tests.AudioPitchJitterTests" classname="CinderCourt.Tests.AudioPitchJitterTests" runstate="Runnable" testcasecount="4" result="Passed" start-time="2026-08-09 05:54:48Z" end-time="2026-08-09 05:54:48Z" duration="0.512717" total="4" passed="4" failed="0" inconclusive="0" skipped="0" asserts="0">
            <properties />
            <test-case id="1007" name="ConsecutiveDrawsDiffer_SoRetriggersDePhase" fullname="CinderCourt.Tests.AudioPitchJitterTests.ConsecutiveDrawsDiffer_SoRetriggersDePhase" methodname="ConsecutiveDrawsDiffer_SoRetriggersDePhase" classname="CinderCourt.Tests.AudioPitchJitterTests" runstate="Runnable" seed="1229176795" result="Passed" start-time="2026-08-09 05:54:48Z" end-time="2026-08-09 05:54:48Z" duration="0.001626" asserts="0">
              <properties>
                <property name="retryIteration" value="0" />
                <property name="repeatIteration" value="0" />
              </properties>
            </test-case>
            <test-case id="1009" name="CoversBothSidesOfUnityPitch_NotAOneSidedBias" fullname="CinderCourt.Tests.AudioPitchJitterTests.CoversBothSidesOfUnityPitch_NotAOneSidedBias" methodname="CoversBothSidesOfUnityPitch_NotAOneSidedBias" classname="CinderCourt.Tests.AudioPitchJitterTests" runstate="Runnable" seed="84302471" result="Passed" start-time="2026-08-09 05:54:48Z" end-time="2026-08-09 05:54:48Z" duration="0.000656" asserts="0">
              <properties>
                <property name="retryIteration" value="0" />
                <property name="repeatIteration" value="0" />
              </properties>
            </test-case>
            <test-case id="1006" name="EveryDrawStaysInsideTheJitterBandAndAboveZero" fullname="CinderCourt.Tests.AudioPitchJitterTests.EveryDrawStaysInsideTheJitterBandAndAboveZero" methodname="EveryDrawStaysInsideTheJitterBandAndAboveZero" classname="CinderCourt.Tests.AudioPitchJitterTests" runstate="Runnable" seed="1344541917" result="Passed" start-time="2026-08-09 05:54:48Z" end-time="2026-08-09 05:54:48Z" duration="0.505933" asserts="0">
              <properties>
                <property name="retryIteration" value="0" />
                <property name="repeatIteration" value="0" />
              </properties>
            </test-case>
            <test-case id="1008" name="IsDeterministicForAGivenSeed_SoEditModeIsReproducible" fullname="CinderCourt.Tests.AudioPitchJitterTests.IsDeterministicForAGivenSeed_SoEditModeIsReproducible" methodname="IsDeterministicForAGivenSeed_SoEditModeIsReproducible" classname="CinderCourt.Tests.AudioPitchJitterTests" runstate="Runnable" seed="1237218079" result="Passed" start-time="2026-08-09 05:54:48Z" end-time="2026-08-09 05:54:48Z" duration="0.001511" asserts="0">
              <properties>
                <property name="retryIteration" value="0" />
                <property name="repeatIteration" value="0" />
              </properties>
            </test-case>
          </test-suite>
          <test-suite type="TestFixture" id="1010" name="AudioPreloadTests" fullname="CinderCourt.Tests.AudioPreloadTests" classname="CinderCourt.Tests.AudioPreloadTests" runstate="Runnable" testcasecount="1" result="Passed" start-time="2026-08-09 05:54:48Z" end-time="2026-08-09 05:54:48Z" duration="0.024079" total="1" passed="1" failed="0" inconclusive="0" skipped="0" asserts="0">
            <properties />
            <test-case id="1011" name="AudioDirectorMp3Clips_PreloadAudioDataForWebGl" fullname="CinderCourt.Tests.AudioPreloadTests.AudioDirectorMp3Clips_PreloadAudioDataForWebGl" methodname="AudioDirectorMp3Clips_PreloadAudioDataForWebGl" classname="CinderCourt.Tests.AudioPreloadTests" runstate="Runnable" seed="2124925134" result="Passed" start-time="2026-08-09 05:54:48Z" end-time="2026-08-09 05:54:48Z" duration="0.021312" asserts="0">
              <properties>
                <property name="retryIteration" value="0" />
                <property name="repeatIteration" value="0" />
              </properties>
            </test-case>
          </test-suite>
          <test-suite type="TestFixture" id="1012" name="BossFlashYieldTests" fullname="CinderCourt.Tests.BossFlashYieldTests" classname="CinderCourt.Tests.BossFlashYieldTests" runstate="Runnable" testcasecount="7" result="Passed" start-time="2026-08-09 05:54:48Z" end-time="2026-08-09 05:54:48Z" duration="0.028290" total="7" passed="7" failed="0" inconclusive="0" skipped="0" asserts="0">
            <properties />
            <test-case id="1020" name="DeathAfterAHit_ReleasesTheFlash_SoTheTintIsNotSuppressedForTheWholeFade" fullname="CinderCourt.Tests.BossFlashYieldTests.DeathAfterAHit_ReleasesTheFlash_SoTheTintIsNotSuppressedForTheWholeFade" methodname="DeathAfterAHit_ReleasesTheFlash_SoTheTintIsNotSuppressedForTheWholeFade" classname="CinderCourt.Tests.BossFlashYieldTests" runstate="Runnable" seed="760124698" result="Passed" start-time="2026-08-09 05:54:48Z" end-time="2026-08-09 05:54:48Z" duration="0.020232" asserts="0">
              <properties>
                <property name="retryIteration" value="0" />
                <property name="repeatIteration" value="0" />
              </properties>
            </test-case>
            <test-case id="1013" name="FirstSyncAfterRent_LeavesTheFlashDown_EvenAtALowHealthFraction" fullname="CinderCourt.Tests.BossFlashYieldTests.FirstSyncAfterRent_LeavesTheFlashDown_EvenAtALowHealthFraction" methodname="FirstSyncAfterRent_LeavesTheFlashDown_EvenAtALowHealthFraction" classname="CinderCourt.Tests.BossFlashYieldTests" runstate="Runnable" seed="659382220" result="Passed" start-time="2026-08-09 05:54:48Z" end-time="2026-08-09 05:54:48Z" duration="0.000709" asserts="0">
              <properties>
                <property name="retryIteration" value="0" />
                <property name="repeatIteration" value="0" />
              </properties>
            </test-case>
            <test-case id="1014" name="HealthDropOnALaterSync_RaisesTheFlashTheBossTintYieldsTo" fullname="CinderCourt.Tests.BossFlashYieldTests.HealthDropOnALaterSync_RaisesTheFlashTheBossTintYieldsTo" methodname="HealthDropOnALaterSync_RaisesTheFlashTheBossTintYieldsTo" classname="CinderCourt.Tests.BossFlashYieldTests" runstate="Runnable" seed="1393505842" result="Passed" start-time="2026-08-09 05:54:48Z" end-time="2026-08-09 05:54:48Z" duration="0.000660" asserts="0">
              <properties>
                <property name="retryIteration" value="0" />
                <property name="repeatIteration" value="0" />
              </properties>
            </test-case>
            <test-suite type="ParameterizedMethod" id="1017" name="NonDamagingSecondSync_LeavesTheFlashDown" fullname="CinderCourt.Tests.BossFlashYieldTests.NonDamagingSecondSync_LeavesTheFlashDown" classname="CinderCourt.Tests.BossFlashYieldTests" runstate="Runnable" testcasecount="2" result="Passed" start-time="2026-08-09 05:54:48Z" end-time="2026-08-09 05:54:48Z" duration="0.001686" total="2" passed="2" failed="0" inconclusive="0" skipped="0" asserts="0">
              <properties />
              <test-case id="1015" name="NonDamagingSecondSync_LeavesTheFlashDown(100.0f,&quot;unchanged health is not a hit&quot;)" fullname="CinderCourt.Tests.BossFlashYieldTests.NonDamagingSecondSync_LeavesTheFlashDown(100.0f,&quot;unchanged health is not a hit&quot;)" methodname="NonDamagingSecondSync_LeavesTheFlashDown" classname="CinderCourt.Tests.BossFlashYieldTests" runstate="Runnable" seed="1480866654" result="Passed" start-time="2026-08-09 05:54:48Z" end-time="2026-08-09 05:54:48Z" duration="0.000622" asserts="0">
                <properties>
                  <property name="retryIteration" value="0" />
                  <property name="repeatIteration" value="0" />
                </properties>
              </test-case>
              <test-case id="1016" name="NonDamagingSecondSync_LeavesTheFlashDown(120.0f,&quot;a heal is not a hit&quot;)" fullname="CinderCourt.Tests.BossFlashYieldTests.NonDamagingSecondSync_LeavesTheFlashDown(120.0f,&quot;a heal is not a hit&quot;)" methodname="NonDamagingSecondSync_LeavesTheFlashDown" classname="CinderCourt.Tests.BossFlashYieldTests" runstate="Runnable" seed="1322902023" result="Passed" start-time="2026-08-09 05:54:48Z" end-time="2026-08-09 05:54:48Z" duration="0.000323" asserts="0">
                <properties>
                  <property name="retryIteration" value="0" />
                  <property name="repeatIteration" value="0" />
                </properties>
              </test-case>
            </test-suite>
            <test-case id="1018" name="ResetForPool_ClearsALiveFlash" fullname="CinderCourt.Tests.BossFlashYieldTests.ResetForPool_ClearsALiveFlash" methodname="ResetForPool_ClearsALiveFlash" classname="CinderCourt.Tests.BossFlashYieldTests" runstate="Runnable" seed="303452411" result="Passed" start-time="2026-08-09 05:54:48Z" end-time="2026-08-09 05:54:48Z" duration="0.001031" asserts="0">
              <properties>
                <property name="retryIteration" value="0" />
                <property name="repeatIteration" value="0" />
              </properties>
            </test-case>
            <test-case id="1019" name="ResetForPool_ReArmsTheRentGuard_SoTheRecycledActorDoesNotFlashOnItsFirstSync" fullname="CinderCourt.Tests.BossFlashYieldTests.ResetForPool_ReArmsTheRentGuard_SoTheRecycledActorDoesNotFlashOnItsFirstSync" methodname="ResetForPool_ReArmsTheRentGuard_SoTheRecycledActorDoesNotFlashOnItsFirstSync" classname="CinderCourt.Tests.BossFlashYieldTests" runstate="Runnable" seed="675284806" result="Passed" start-time="2026-08-09 05:54:48Z" end-time="2026-08-09 05:54:48Z" duration="0.000509" asserts="0">
              <properties>
                <property name="retryIteration" value="0" />
                <property name="repeatIteration" value="0" />
              </properties>
            </test-case>
          </test-suite>
          <test-suite type="TestFixture" id="1021" name="BossVarietyTests" fullname="CinderCourt.Tests.BossVarietyTests" classname="CinderCourt.Tests.BossVarietyTests" runstate="Runnable" testcasecount="13" result="Passed" start-time="2026-08-09 05:54:48Z" end-time="2026-08-09 05:54:49Z" duration="1.080452" total="13" passed="13" failed="0" inconclusive="0" skipped="0" asserts="0">
            <properties />
            <test-case id="1034" name="Archetype_IsFixedForTheRun_AndSurvivesRestart" fullname="CinderCourt.Tests.BossVarietyTests.Archetype_IsFixedForTheRun_AndSurvivesRestart" methodname="Archetype_IsFixedForTheRun_AndSurvivesRestart" classname="CinderCourt.Tests.BossVarietyTests" runstate="Runnable" seed="1836146139" result="Passed" start-time="2026-08-09 05:54:48Z" end-time="2026-08-09 05:54:48Z" duration="0.018662" asserts="0">
              <properties>
                <property name="retryIteration" value="0" />
                <property name="repeatIteration" value="0" />
              </properties>
            </test-case>
            <test-case id="1032" name="CadenceAxis_SeparatesTheThreeStageArchetypes" fullname="CinderCourt.Tests.BossVarietyTests.CadenceAxis_SeparatesTheThreeStageArchetypes" methodname="CadenceAxis_SeparatesTheThreeStageArchetypes" classname="CinderCourt.Tests.BossVarietyTests" runstate="Runnable" seed="1113380538" result="Passed" start-time="2026-08-09 05:54:48Z" end-time="2026-08-09 05:54:48Z" duration="0.054288" asserts="0">
              <properties>
                <property name="retryIteration" value="0" />
                <property name="repeatIteration" value="0" />
              </properties>
            </test-case>
            <test-case id="1027" name="EveryArchetypePair_DiffersOnAtLeastThreeAxes" fullname="CinderCourt.Tests.BossVarietyTests.EveryArchetypePair_DiffersOnAtLeastThreeAxes" methodname="EveryArchetypePair_DiffersOnAtLeastThreeAxes" classname="CinderCourt.Tests.BossVarietyTests" runstate="Runnable" seed="1771597124" result="Passed" start-time="2026-08-09 05:54:48Z" end-time="2026-08-09 05:54:48Z" duration="0.000401" asserts="0">
              <properties>
                <property name="retryIteration" value="0" />
                <property name="repeatIteration" value="0" />
              </properties>
            </test-case>
            <test-case id="1026" name="EveryProfile_IsMonotoneHarder_AndStructurallyLegal" fullname="CinderCourt.Tests.BossVarietyTests.EveryProfile_IsMonotoneHarder_AndStructurallyLegal" methodname="EveryProfile_IsMonotoneHarder_AndStructurallyLegal" classname="CinderCourt.Tests.BossVarietyTests" runstate="Runnable" seed="487336910" result="Passed" start-time="2026-08-09 05:54:48Z" end-time="2026-08-09 05:54:48Z" duration="0.001522" asserts="0">
              <properties>
                <property name="retryIteration" value="0" />
                <property name="repeatIteration" value="0" />
              </properties>
            </test-case>
            <test-case id="1033" name="GatedRuns_AreReproducible_OnEveryArchetype" fullname="CinderCourt.Tests.BossVarietyTests.GatedRuns_AreReproducible_OnEveryArchetype" methodname="GatedRuns_AreReproducible_OnEveryArchetype" classname="CinderCourt.Tests.BossVarietyTests" runstate="Runnable" seed="1782563163" result="Passed" start-time="2026-08-09 05:54:48Z" end-time="2026-08-09 05:54:49Z" duration="0.628557" asserts="0">
              <properties>
                <property name="retryIteration" value="0" />
                <property name="repeatIteration" value="0" />
              </properties>
            </test-case>
            <test-case id="1022" name="GateOff_KeepsTheFrozenBossFight_InLockstep" fullname="CinderCourt.Tests.BossVarietyTests.GateOff_KeepsTheFrozenBossFight_InLockstep" methodname="GateOff_KeepsTheFrozenBossFight_InLockstep" classname="CinderCourt.Tests.BossVarietyTests" runstate="Runnable" seed="132780694" result="Passed" start-time="2026-08-09 05:54:49Z" end-time="2026-08-09 05:54:49Z" duration="0.273486" asserts="0">
              <properties>
                <property name="retryIteration" value="0" />
                <property name="repeatIteration" value="0" />
              </properties>
            </test-case>
            <test-case id="1023" name="GateOn_OutsideTheDungeon_StaysOnTheFrozenBoss" fullname="CinderCourt.Tests.BossVarietyTests.GateOn_OutsideTheDungeon_StaysOnTheFrozenBoss" methodname="GateOn_OutsideTheDungeon_StaysOnTheFrozenBoss" classname="CinderCourt.Tests.BossVarietyTests" runstate="Runnable" seed="606188594" result="Passed" start-time="2026-08-09 05:54:49Z" end-time="2026-08-09 05:54:49Z" duration="0.000447" asserts="0">
              <properties>
                <property name="retryIteration" value="0" />
                <property name="repeatIteration" value="0" />
              </properties>
            </test-case>
            <test-case id="1031" name="Monarch_KeepsTheFrozenThresholds_ButIsReinforced" fullname="CinderCourt.Tests.BossVarietyTests.Monarch_KeepsTheFrozenThresholds_ButIsReinforced" methodname="Monarch_KeepsTheFrozenThresholds_ButIsReinforced" classname="CinderCourt.Tests.BossVarietyTests" runstate="Runnable" seed="1501216847" result="Passed" start-time="2026-08-09 05:54:49Z" end-time="2026-08-09 05:54:49Z" duration="0.035742" asserts="0">
              <properties>
                <property name="retryIteration" value="0" />
                <property name="repeatIteration" value="0" />
              </properties>
            </test-case>
            <test-case id="1024" name="NoneProfile_RestatesTheFrozenVectors" fullname="CinderCourt.Tests.BossVarietyTests.NoneProfile_RestatesTheFrozenVectors" methodname="NoneProfile_RestatesTheFrozenVectors" classname="CinderCourt.Tests.BossVarietyTests" runstate="Runnable" seed="1036865271" result="Passed" start-time="2026-08-09 05:54:49Z" end-time="2026-08-09 05:54:49Z" duration="0.000795" asserts="0">
              <properties>
                <property name="retryIteration" value="0" />
                <property name="repeatIteration" value="0" />
              </properties>
            </test-case>
            <test-case id="1030" name="Sovereign_ShiftsItsTelegraphAtEveryBoundary" fullname="CinderCourt.Tests.BossVarietyTests.Sovereign_ShiftsItsTelegraphAtEveryBoundary" methodname="Sovereign_ShiftsItsTelegraphAtEveryBoundary" classname="CinderCourt.Tests.BossVarietyTests" runstate="Runnable" seed="152360450" result="Passed" start-time="2026-08-09 05:54:49Z" end-time="2026-08-09 05:54:49Z" duration="0.019964" asserts="0">
              <properties>
                <property name="retryIteration" value="0" />
                <property name="repeatIteration" value="0" />
              </properties>
            </test-case>
            <test-case id="1025" name="StageTable_CoversEveryStage_AndFallsBackToNone" fullname="CinderCourt.Tests.BossVarietyTests.StageTable_CoversEveryStage_AndFallsBackToNone" methodname="StageTable_CoversEveryStage_AndFallsBackToNone" classname="CinderCourt.Tests.BossVarietyTests" runstate="Runnable" seed="611486604" result="Passed" start-time="2026-08-09 05:54:49Z" end-time="2026-08-09 05:54:49Z" duration="0.008798" asserts="0">
              <properties>
                <property name="retryIteration" value="0" />
                <property name="repeatIteration" value="0" />
              </properties>
            </test-case>
            <test-case id="1029" name="Tactician_SwingsFasterAndSummonsAtBothBoundaries" fullname="CinderCourt.Tests.BossVarietyTests.Tactician_SwingsFasterAndSummonsAtBothBoundaries" methodname="Tactician_SwingsFasterAndSummonsAtBothBoundaries" classname="CinderCourt.Tests.BossVarietyTests" runstate="Runnable" seed="1797406843" result="Passed" start-time="2026-08-09 05:54:49Z" end-time="2026-08-09 05:54:49Z" duration="0.020747" asserts="0">
              <properties>
                <property name="retryIteration" value="0" />
                <property name="repeatIteration" value="0" />
              </properties>
            </test-case>
            <test-case id="1028" name="Warden_IsATwoPhaseFight_UnlikeTheFrozenBoss" fullname="CinderCourt.Tests.BossVarietyTests.Warden_IsATwoPhaseFight_UnlikeTheFrozenBoss" methodname="Warden_IsATwoPhaseFight_UnlikeTheFrozenBoss" classname="CinderCourt.Tests.BossVarietyTests" runstate="Runnable" seed="1643123837" result="Passed" start-time="2026-08-09 05:54:49Z" end-time="2026-08-09 05:54:49Z" duration="0.013612" asserts="0">
              <properties>
                <property name="retryIteration" value="0" />
                <property name="repeatIteration" value="0" />
              </properties>
            </test-case>
          </test-suite>
          <test-suite type="TestFixture" id="1035" name="BuildScriptWebGlPostprocessTests" fullname="CinderCourt.Tests.BuildScriptWebGlPostprocessTests" classname="CinderCourt.Tests.BuildScriptWebGlPostprocessTests" runstate="Runnable" testcasecount="1" result="Passed" start-time="2026-08-09 05:54:49Z" end-time="2026-08-09 05:54:49Z" duration="0.027116" total="1" passed="1" failed="0" inconclusive="0" skipped="0" asserts="0">
            <properties />
            <test-case id="1036" name="PolishIndexHtml_ResyncsResponsiveBackingStoreBeforeLoader_AndIsIdempotent" fullname="CinderCourt.Tests.BuildScriptWebGlPostprocessTests.PolishIndexHtml_ResyncsResponsiveBackingStoreBeforeLoader_AndIsIdempotent" methodname="PolishIndexHtml_ResyncsResponsiveBackingStoreBeforeLoader_AndIsIdempotent" classname="CinderCourt.Tests.BuildScriptWebGlPostprocessTests" runstate="Runnable" seed="566950675" result="Passed" start-time="2026-08-09 05:54:49Z" end-time="2026-08-09 05:54:49Z" duration="0.024600" asserts="0">
              <properties>
                <property name="retryIteration" value="0" />
                <property name="repeatIteration" value="0" />
              </properties>
            </test-case>
          </test-suite>
          <test-suite type="TestFixture" id="1037" name="CameraFlourishTests" fullname="CinderCourt.Tests.CameraFlourishTests" classname="CinderCourt.Tests.CameraFlourishTests" runstate="Runnable" testcasecount="8" result="Passed" start-time="2026-08-09 05:54:49Z" end-time="2026-08-09 05:54:49Z" duration="0.018571" total="8" passed="8" failed="0" inconclusive="0" skipped="0" asserts="0">
            <properties />
            <test-case id="1038" name="Flourish_ClampsEveryChannelWhateverIsRequested" fullname="CinderCourt.Tests.CameraFlourishTests.Flourish_ClampsEveryChannelWhateverIsRequested" methodname="Flourish_ClampsEveryChannelWhateverIsRequested" classname="CinderCourt.Tests.CameraFlourishTests" runstate="Runnable" seed="369613715" result="Passed" start-time="2026-08-09 05:54:49Z" end-time="2026-08-09 05:54:49Z" duration="0.004019" asserts="0">
              <properties>
                <property name="retryIteration" value="0" />
                <property name="repeatIteration" value="0" />
              </properties>
            </test-case>
            <test-case id="1043" name="Flourish_DoesNotSurviveAProfileSwitch" fullname="CinderCourt.Tests.CameraFlourishTests.Flourish_DoesNotSurviveAProfileSwitch" methodname="Flourish_DoesNotSurviveAProfileSwitch" classname="CinderCourt.Tests.CameraFlourishTests" runstate="Runnable" seed="1826803647" result="Passed" start-time="2026-08-09 05:54:49Z" end-time="2026-08-09 05:54:49Z" duration="0.002191" asserts="0">
              <properties>
                <property name="retryIteration" value="0" />
                <property name="repeatIteration" value="0" />
              </properties>
            </test-case>
            <test-case id="1044" name="Flourish_EveryEventTheChainHandlesArmsABoundedPunch" fullname="CinderCourt.Tests.CameraFlourishTests.Flourish_EveryEventTheChainHandlesArmsABoundedPunch" methodname="Flourish_EveryEventTheChainHandlesArmsABoundedPunch" classname="CinderCourt.Tests.CameraFlourishTests" runstate="Runnable" seed="268611145" result="Passed" start-time="2026-08-09 05:54:49Z" end-time="2026-08-09 05:54:49Z" duration="0.001823" asserts="0">
              <properties>
                <property name="retryIteration" value="0" />
                <property name="repeatIteration" value="0" />
              </properties>
            </test-case>
            <test-case id="1039" name="Flourish_IsRefusedEntirelyUnderReducedMotion" fullname="CinderCourt.Tests.CameraFlourishTests.Flourish_IsRefusedEntirelyUnderReducedMotion" methodname="Flourish_IsRefusedEntirelyUnderReducedMotion" classname="CinderCourt.Tests.CameraFlourishTests" runstate="Runnable" seed="953672300" result="Passed" start-time="2026-08-09 05:54:49Z" end-time="2026-08-09 05:54:49Z" duration="0.002245" asserts="0">
              <properties>
                <property name="retryIteration" value="0" />
                <property name="repeatIteration" value="0" />
              </properties>
            </test-case>
            <test-case id="1042" name="Flourish_ReachesFullStrengthAtThePeakAndReturnsToZero" fullname="CinderCourt.Tests.CameraFlourishTests.Flourish_ReachesFullStrengthAtThePeakAndReturnsToZero" methodname="Flourish_ReachesFullStrengthAtThePeakAndReturnsToZero" classname="CinderCourt.Tests.CameraFlourishTests" runstate="Runnable" seed="1799156797" result="Passed" start-time="2026-08-09 05:54:49Z" end-time="2026-08-09 05:54:49Z" duration="0.001987" asserts="0">
              <properties>
                <property name="retryIteration" value="0" />
                <property name="repeatIteration" value="0" />
              </properties>
            </test-case>
            <test-case id="1045" name="Flourish_ScalesDownWhileAShakeIsCarryingTheFrame" fullname="CinderCourt.Tests.CameraFlourishTests.Flourish_ScalesDownWhileAShakeIsCarryingTheFrame" methodname="Flourish_ScalesDownWhileAShakeIsCarryingTheFrame" classname="CinderCourt.Tests.CameraFlourishTests" runstate="Runnable" seed="2050563899" result="Passed" start-time="2026-08-09 05:54:49Z" end-time="2026-08-09 05:54:49Z" duration="0.001652" asserts="0">
              <properties>
                <property name="retryIteration" value="0" />
                <property name="repeatIteration" value="0" />
              </properties>
            </test-case>
            <test-case id="1041" name="Flourish_StaysInsideTheBudgetAcrossTheWholeEnvelope" fullname="CinderCourt.Tests.CameraFlourishTests.Flourish_StaysInsideTheBudgetAcrossTheWholeEnvelope" methodname="Flourish_StaysInsideTheBudgetAcrossTheWholeEnvelope" classname="CinderCourt.Tests.CameraFlourishTests" runstate="Runnable" seed="947154652" result="Passed" start-time="2026-08-09 05:54:49Z" end-time="2026-08-09 05:54:49Z" duration="0.001801" asserts="0">
              <properties>
                <property name="retryIteration" value="0" />
                <property name="repeatIteration" value="0" />
              </properties>
            </test-case>
            <test-case id="1040" name="Flourish_WeakerRequestCannotCutAStrongerOneShort" fullname="CinderCourt.Tests.CameraFlourishTests.Flourish_WeakerRequestCannotCutAStrongerOneShort" methodname="Flourish_WeakerRequestCannotCutAStrongerOneShort" classname="CinderCourt.Tests.CameraFlourishTests" runstate="Runnable" seed="958517676" result="Passed" start-time="2026-08-09 05:54:49Z" end-time="2026-08-09 05:54:49Z" duration="0.001249" asserts="0">
              <properties>
                <property name="retryIteration" value="0" />
                <property name="repeatIteration" value="0" />
              </properties>
            </test-case>
          </test-suite>
          <test-suite type="TestFixture" id="1046" name="CameraRigPresentationTests" fullname="CinderCourt.Tests.CameraRigPresentationTests" classname="CinderCourt.Tests.CameraRigPresentationTests" runstate="Runnable" testcasecount="12" result="Passed" start-time="2026-08-09 05:54:49Z" end-time="2026-08-09 05:54:49Z" duration="0.022219" total="12" passed="12" failed="0" inconclusive="0" skipped="0" asserts="0">
            <properties />
            <test-case id="1053" name="FocusPulse_ClampsAnAbsurdDurationToTheDeclaredMaximum" fullname="CinderCourt.Tests.CameraRigPresentationTests.FocusPulse_ClampsAnAbsurdDurationToTheDeclaredMaximum" methodname="FocusPulse_ClampsAnAbsurdDurationToTheDeclaredMaximum" classname="CinderCourt.Tests.CameraRigPresentationTests" runstate="Runnable" seed="1943388481" result="Passed" start-time="2026-08-09 05:54:49Z" end-time="2026-08-09 05:54:49Z" duration="0.001612" asserts="0">
              <properties>
                <property name="retryIteration" value="0" />
                <property name="repeatIteration" value="0" />
              </properties>
            </test-case>
            <test-case id="1050" name="FollowAnchor_RejectsNonFinitePositionsWithoutCorruptingTheAuthoredFrame" fullname="CinderCourt.Tests.CameraRigPresentationTests.FollowAnchor_RejectsNonFinitePositionsWithoutCorruptingTheAuthoredFrame" methodname="FollowAnchor_RejectsNonFinitePositionsWithoutCorruptingTheAuthoredFrame" classname="CinderCourt.Tests.CameraRigPresentationTests" runstate="Runnable" seed="1704769196" result="Passed" start-time="2026-08-09 05:54:49Z" end-time="2026-08-09 05:54:49Z" duration="0.001676" asserts="0">
              <properties>
                <property name="retryIteration" value="0" />
                <property name="repeatIteration" value="0" />
              </properties>
            </test-case>
            <test-case id="1047" name="FollowResponse_ReachesHalfDisplacementWithinOneHundredMilliseconds_WithoutOvershoot" fullname="CinderCourt.Tests.CameraRigPresentationTests.FollowResponse_ReachesHalfDisplacementWithinOneHundredMilliseconds_WithoutOvershoot" methodname="FollowResponse_ReachesHalfDisplacementWithinOneHundredMilliseconds_WithoutOvershoot" classname="CinderCourt.Tests.CameraRigPresentationTests" runstate="Runnable" seed="1521114107" result="Passed" start-time="2026-08-09 05:54:49Z" end-time="2026-08-09 05:54:49Z" duration="0.001534" asserts="0">
              <properties>
                <property name="retryIteration" value="0" />
                <property name="repeatIteration" value="0" />
              </properties>
            </test-case>
            <test-case id="1057" name="ProfileSwitch_ClearsEveryLiveShakeChannel" fullname="CinderCourt.Tests.CameraRigPresentationTests.ProfileSwitch_ClearsEveryLiveShakeChannel" methodname="ProfileSwitch_ClearsEveryLiveShakeChannel" classname="CinderCourt.Tests.CameraRigPresentationTests" runstate="Runnable" seed="327990772" result="Passed" start-time="2026-08-09 05:54:49Z" end-time="2026-08-09 05:54:49Z" duration="0.001424" asserts="0">
              <properties>
                <property name="retryIteration" value="0" />
                <property name="repeatIteration" value="0" />
              </properties>
            </test-case>
            <test-case id="1051" name="PublicPresentationRequests_RejectNonFiniteValuesWithoutArmingEffects" fullname="CinderCourt.Tests.CameraRigPresentationTests.PublicPresentationRequests_RejectNonFiniteValuesWithoutArmingEffects" methodname="PublicPresentationRequests_RejectNonFiniteValuesWithoutArmingEffects" classname="CinderCourt.Tests.CameraRigPresentationTests" runstate="Runnable" seed="2053720305" result="Passed" start-time="2026-08-09 05:54:49Z" end-time="2026-08-09 05:54:49Z" duration="0.001402" asserts="0">
              <properties>
                <property name="retryIteration" value="0" />
                <property name="repeatIteration" value="0" />
              </properties>
            </test-case>
            <test-case id="1054" name="Punch_ClampsAbsurdRequests_AndAWeakerRequestCannotStompTheLiveShake" fullname="CinderCourt.Tests.CameraRigPresentationTests.Punch_ClampsAbsurdRequests_AndAWeakerRequestCannotStompTheLiveShake" methodname="Punch_ClampsAbsurdRequests_AndAWeakerRequestCannotStompTheLiveShake" classname="CinderCourt.Tests.CameraRigPresentationTests" runstate="Runnable" seed="1293756379" result="Passed" start-time="2026-08-09 05:54:49Z" end-time="2026-08-09 05:54:49Z" duration="0.001388" asserts="0">
              <properties>
                <property name="retryIteration" value="0" />
                <property name="repeatIteration" value="0" />
              </properties>
            </test-case>
            <test-case id="1055" name="Punch_ShorterThanAFrameStillAppliesOneBoundedSampleBeforeClearing" fullname="CinderCourt.Tests.CameraRigPresentationTests.Punch_ShorterThanAFrameStillAppliesOneBoundedSampleBeforeClearing" methodname="Punch_ShorterThanAFrameStillAppliesOneBoundedSampleBeforeClearing" classname="CinderCourt.Tests.CameraRigPresentationTests" runstate="Runnable" seed="737162075" result="Passed" start-time="2026-08-09 05:54:49Z" end-time="2026-08-09 05:54:49Z" duration="0.001611" asserts="0">
              <properties>
                <property name="retryIteration" value="0" />
                <property name="repeatIteration" value="0" />
              </properties>
            </test-case>
            <test-case id="1058" name="ReducedMotionToggle_CancelsLivePresentation_AndRestoresAuthoredFramingOnLateUpdate" fullname="CinderCourt.Tests.CameraRigPresentationTests.ReducedMotionToggle_CancelsLivePresentation_AndRestoresAuthoredFramingOnLateUpdate" methodname="ReducedMotionToggle_CancelsLivePresentation_AndRestoresAuthoredFramingOnLateUpdate" classname="CinderCourt.Tests.CameraRigPresentationTests" runstate="Runnable" seed="756047581" result="Passed" start-time="2026-08-09 05:54:49Z" end-time="2026-08-09 05:54:49Z" duration="0.002225" asserts="0">
              <properties>
                <property name="retryIteration" value="0" />
                <property name="repeatIteration" value="0" />
              </properties>
            </test-case>
            <test-case id="1056" name="ShakeEnvelope_IsBounded_AndRetainsMoreStrengthThanLinearDecay" fullname="CinderCourt.Tests.CameraRigPresentationTests.ShakeEnvelope_IsBounded_AndRetainsMoreStrengthThanLinearDecay" methodname="ShakeEnvelope_IsBounded_AndRetainsMoreStrengthThanLinearDecay" classname="CinderCourt.Tests.CameraRigPresentationTests" runstate="Runnable" seed="897241762" result="Passed" start-time="2026-08-09 05:54:49Z" end-time="2026-08-09 05:54:49Z" duration="0.001263" asserts="0">
              <properties>
                <property name="retryIteration" value="0" />
                <property name="repeatIteration" value="0" />
              </properties>
            </test-case>
            <test-case id="1049" name="SmoothedVelocityAndLookAhead_AreEquivalentAtThirtySixtyAndOneHundredTwentyHertz" fullname="CinderCourt.Tests.CameraRigPresentationTests.SmoothedVelocityAndLookAhead_AreEquivalentAtThirtySixtyAndOneHundredTwentyHertz" methodname="SmoothedVelocityAndLookAhead_AreEquivalentAtThirtySixtyAndOneHundredTwentyHertz" classname="CinderCourt.Tests.CameraRigPresentationTests" runstate="Runnable" seed="1014605267" result="Passed" start-time="2026-08-09 05:54:49Z" end-time="2026-08-09 05:54:49Z" duration="0.002292" asserts="0">
              <properties>
                <property name="retryIteration" value="0" />
                <property name="repeatIteration" value="0" />
              </properties>
            </test-case>
            <test-case id="1052" name="ThreatFocus_IsGroundPlanar_AndNeverExceedsItsRadialBudget" fullname="CinderCourt.Tests.CameraRigPresentationTests.ThreatFocus_IsGroundPlanar_AndNeverExceedsItsRadialBudget" methodname="ThreatFocus_IsGroundPlanar_AndNeverExceedsItsRadialBudget" classname="CinderCourt.Tests.CameraRigPresentationTests" runstate="Runnable" seed="1884183411" result="Passed" start-time="2026-08-09 05:54:49Z" end-time="2026-08-09 05:54:49Z" duration="0.001811" asserts="0">
              <properties>
                <property name="retryIteration" value="0" />
                <property name="repeatIteration" value="0" />
              </properties>
            </test-case>
            <test-case id="1048" name="VelocityLookAhead_IsRadiallyBounded_AndCannotEscapeEitherFollowClamp" fullname="CinderCourt.Tests.CameraRigPresentationTests.VelocityLookAhead_IsRadiallyBounded_AndCannotEscapeEitherFollowClamp" methodname="VelocityLookAhead_IsRadiallyBounded_AndCannotEscapeEitherFollowClamp" classname="CinderCourt.Tests.CameraRigPresentationTests" runstate="Runnable" seed="2036908892" result="Passed" start-time="2026-08-09 05:54:49Z" end-time="2026-08-09 05:54:49Z" duration="0.001493" asserts="0">
              <properties>
                <property name="retryIteration" value="0" />
                <property name="repeatIteration" value="0" />
              </properties>
            </test-case>
          </test-suite>
          <test-suite type="TestFixture" id="1059" name="CampaignMapLayoutTests" fullname="CinderCourt.Tests.CampaignMapLayoutTests" classname="CinderCourt.Tests.CampaignMapLayoutTests" runstate="Runnable" testcasecount="9" result="Passed" start-time="2026-08-09 05:54:49Z" end-time="2026-08-09 05:54:49Z" duration="0.007682" total="9" passed="9" failed="0" inconclusive="0" skipped="0" asserts="0">
            <properties />
            <test-case id="1066" name="AlphaLadderIsStrictlyDescending" fullname="CinderCourt.Tests.CampaignMapLayoutTests.AlphaLadderIsStrictlyDescending" methodname="AlphaLadderIsStrictlyDescending" classname="CinderCourt.Tests.CampaignMapLayoutTests" runstate="Runnable" seed="220839853" result="Passed" start-time="2026-08-09 05:54:49Z" end-time="2026-08-09 05:54:49Z" duration="0.000212" asserts="0">
              <properties>
                <property name="retryIteration" value="0" />
                <property name="repeatIteration" value="0" />
              </properties>
            </test-case>
            <test-case id="1060" name="BeforeThePrologue_EveryNodeIsLockedAndUnnamed" fullname="CinderCourt.Tests.CampaignMapLayoutTests.BeforeThePrologue_EveryNodeIsLockedAndUnnamed" methodname="BeforeThePrologue_EveryNodeIsLockedAndUnnamed" classname="CinderCourt.Tests.CampaignMapLayoutTests" runstate="Runnable" seed="1241191598" result="Passed" start-time="2026-08-09 05:54:49Z" end-time="2026-08-09 05:54:49Z" duration="0.003216" asserts="0">
              <properties>
                <property name="retryIteration" value="0" />
                <property name="repeatIteration" value="0" />
              </properties>
            </test-case>
            <test-case id="1062" name="ClearingAStage_LightsItAndOpensItsSuccessor" fullname="CinderCourt.Tests.CampaignMapLayoutTests.ClearingAStage_LightsItAndOpensItsSuccessor" methodname="ClearingAStage_LightsItAndOpensItsSuccessor" classname="CinderCourt.Tests.CampaignMapLayoutTests" runstate="Runnable" seed="664432608" result="Passed" start-time="2026-08-09 05:54:49Z" end-time="2026-08-09 05:54:49Z" duration="0.000249" asserts="0">
              <properties>
                <property name="retryIteration" value="0" />
                <property name="repeatIteration" value="0" />
              </properties>
            </test-case>
            <test-case id="1064" name="EveryLinkResolvesToARealNodePair" fullname="CinderCourt.Tests.CampaignMapLayoutTests.EveryLinkResolvesToARealNodePair" methodname="EveryLinkResolvesToARealNodePair" classname="CinderCourt.Tests.CampaignMapLayoutTests" runstate="Runnable" seed="229185295" result="Passed" start-time="2026-08-09 05:54:49Z" end-time="2026-08-09 05:54:49Z" duration="0.000491" asserts="0">
              <properties>
                <property name="retryIteration" value="0" />
                <property name="repeatIteration" value="0" />
              </properties>
            </test-case>
            <test-case id="1067" name="FrontierIsTheFirstReachableUnfinishedStage" fullname="CinderCourt.Tests.CampaignMapLayoutTests.FrontierIsTheFirstReachableUnfinishedStage" methodname="FrontierIsTheFirstReachableUnfinishedStage" classname="CinderCourt.Tests.CampaignMapLayoutTests" runstate="Runnable" seed="209539119" result="Passed" start-time="2026-08-09 05:54:49Z" end-time="2026-08-09 05:54:49Z" duration="0.000232" asserts="0">
              <properties>
                <property name="retryIteration" value="0" />
                <property name="repeatIteration" value="0" />
              </properties>
            </test-case>
            <test-case id="1063" name="LinksLightOnlyBehindAClearedPrerequisite" fullname="CinderCourt.Tests.CampaignMapLayoutTests.LinksLightOnlyBehindAClearedPrerequisite" methodname="LinksLightOnlyBehindAClearedPrerequisite" classname="CinderCourt.Tests.CampaignMapLayoutTests" runstate="Runnable" seed="1984702521" result="Passed" start-time="2026-08-09 05:54:49Z" end-time="2026-08-09 05:54:49Z" duration="0.000337" asserts="0">
              <properties>
                <property name="retryIteration" value="0" />
                <property name="repeatIteration" value="0" />
              </properties>
            </test-case>
            <test-case id="1065" name="NodeCoordinatesStayInsideTheViewportAndApart" fullname="CinderCourt.Tests.CampaignMapLayoutTests.NodeCoordinatesStayInsideTheViewportAndApart" methodname="NodeCoordinatesStayInsideTheViewportAndApart" classname="CinderCourt.Tests.CampaignMapLayoutTests" runstate="Runnable" seed="1425155287" result="Passed" start-time="2026-08-09 05:54:49Z" end-time="2026-08-09 05:54:49Z" duration="0.000346" asserts="0">
              <properties>
                <property name="retryIteration" value="0" />
                <property name="repeatIteration" value="0" />
              </properties>
            </test-case>
            <test-case id="1068" name="ProgressLineCountsClearsAndNamesTheNextRoom" fullname="CinderCourt.Tests.CampaignMapLayoutTests.ProgressLineCountsClearsAndNamesTheNextRoom" methodname="ProgressLineCountsClearsAndNamesTheNextRoom" classname="CinderCourt.Tests.CampaignMapLayoutTests" runstate="Runnable" seed="1452467257" result="Passed" start-time="2026-08-09 05:54:49Z" end-time="2026-08-09 05:54:49Z" duration="0.000252" asserts="0">
              <properties>
                <property name="retryIteration" value="0" />
                <property name="repeatIteration" value="0" />
              </properties>
            </test-case>
            <test-case id="1061" name="PrologueOpensExactlyTheFirstStage" fullname="CinderCourt.Tests.CampaignMapLayoutTests.PrologueOpensExactlyTheFirstStage" methodname="PrologueOpensExactlyTheFirstStage" classname="CinderCourt.Tests.CampaignMapLayoutTests" runstate="Runnable" seed="1432281205" result="Passed" start-time="2026-08-09 05:54:49Z" end-time="2026-08-09 05:54:49Z" duration="0.000161" asserts="0">
              <properties>
                <property name="retryIteration" value="0" />
                <property name="repeatIteration" value="0" />
              </properties>
            </test-case>
          </test-suite>
          <test-suite type="TestFixture" id="1069" name="CampaignSimTests" fullname="CinderCourt.Tests.CampaignSimTests" classname="CinderCourt.Tests.CampaignSimTests" runstate="Runnable" testcasecount="30" result="Passed" start-time="2026-08-09 05:54:49Z" end-time="2026-08-09 05:54:50Z" duration="0.447636" total="30" passed="30" failed="0" inconclusive="0" skipped="0" asserts="0">
            <properties />
            <test-case id="1095" name="AshMarch_FinalePylon_ShieldsAltarWithoutBlockingCorridor" fullname="CinderCourt.Tests.CampaignSimTests.AshMarch_FinalePylon_ShieldsAltarWithoutBlockingCorridor" methodname="AshMarch_FinalePylon_ShieldsAltarWithoutBlockingCorridor" classname="CinderCourt.Tests.CampaignSimTests" runstate="Runnable" seed="936990817" result="Passed" start-time="2026-08-09 05:54:49Z" end-time="2026-08-09 05:54:49Z" duration="0.002945" asserts="0">
              <properties>
                <property name="retryIteration" value="0" />
                <property name="repeatIteration" value="0" />
              </properties>
            </test-case>
            <test-case id="1094" name="AshVerdict_PylonAura_ShieldsAltarUntilPylonDown" fullname="CinderCourt.Tests.CampaignSimTests.AshVerdict_PylonAura_ShieldsAltarUntilPylonDown" methodname="AshVerdict_PylonAura_ShieldsAltarUntilPylonDown" classname="CinderCourt.Tests.CampaignSimTests" runstate="Runnable" seed="1921196961" result="Passed" start-time="2026-08-09 05:54:49Z" end-time="2026-08-09 05:54:49Z" duration="0.002131" asserts="0">
              <properties>
                <property name="retryIteration" value="0" />
                <property name="repeatIteration" value="0" />
              </properties>
            </test-case>
            <test-case id="1087" name="AshWall_RightWallHoldAndCorridorInvariant" fullname="CinderCourt.Tests.CampaignSimTests.AshWall_RightWallHoldAndCorridorInvariant" methodname="AshWall_RightWallHoldAndCorridorInvariant" classname="CinderCourt.Tests.CampaignSimTests" runstate="Runnable" seed="686595005" result="Passed" start-time="2026-08-09 05:54:49Z" end-time="2026-08-09 05:54:49Z" duration="0.012413" asserts="0">
              <properties>
                <property name="retryIteration" value="0" />
                <property name="repeatIteration" value="0" />
              </properties>
            </test-case>
            <test-case id="1086" name="AshWall_TimetableAndTicks" fullname="CinderCourt.Tests.CampaignSimTests.AshWall_TimetableAndTicks" methodname="AshWall_TimetableAndTicks" classname="CinderCourt.Tests.CampaignSimTests" runstate="Runnable" seed="953967644" result="Passed" start-time="2026-08-09 05:54:49Z" end-time="2026-08-09 05:54:49Z" duration="0.014110" asserts="0">
              <properties>
                <property name="retryIteration" value="0" />
                <property name="repeatIteration" value="0" />
              </properties>
            </test-case>
            <test-case id="1072" name="BossWave_Composition_BossPlusEscorts" fullname="CinderCourt.Tests.CampaignSimTests.BossWave_Composition_BossPlusEscorts" methodname="BossWave_Composition_BossPlusEscorts" classname="CinderCourt.Tests.CampaignSimTests" runstate="Runnable" seed="1211986152" result="Passed" start-time="2026-08-09 05:54:49Z" end-time="2026-08-09 05:54:49Z" duration="0.003942" asserts="0">
              <properties>
                <property name="retryIteration" value="0" />
                <property name="repeatIteration" value="0" />
              </properties>
            </test-case>
            <test-case id="1080" name="Campaign_Deterministic_SameConfigSameInputs" fullname="CinderCourt.Tests.CampaignSimTests.Campaign_Deterministic_SameConfigSameInputs" methodname="Campaign_Deterministic_SameConfigSameInputs" classname="CinderCourt.Tests.CampaignSimTests" runstate="Runnable" seed="2032083569" result="Passed" start-time="2026-08-09 05:54:49Z" end-time="2026-08-09 05:54:49Z" duration="0.005516" asserts="0">
              <properties>
                <property name="retryIteration" value="0" />
                <property name="repeatIteration" value="0" />
              </properties>
            </test-case>
            <test-case id="1073" name="CinderSpan_KitingBot_ClearsStage" fullname="CinderCourt.Tests.CampaignSimTests.CinderSpan_KitingBot_ClearsStage" methodname="CinderSpan_KitingBot_ClearsStage" classname="CinderCourt.Tests.CampaignSimTests" runstate="Runnable" seed="1046290101" result="Passed" start-time="2026-08-09 05:54:49Z" end-time="2026-08-09 05:54:49Z" duration="0.007588" asserts="0">
              <properties>
                <property name="retryIteration" value="0" />
                <property name="repeatIteration" value="0" />
              </properties>
            </test-case>
            <test-case id="1096" name="DerivedStats_MatchClosedFormOnFullMetaGrid" fullname="CinderCourt.Tests.CampaignSimTests.DerivedStats_MatchClosedFormOnFullMetaGrid" methodname="DerivedStats_MatchClosedFormOnFullMetaGrid" classname="CinderCourt.Tests.CampaignSimTests" runstate="Runnable" seed="856320204" result="Passed" start-time="2026-08-09 05:54:49Z" end-time="2026-08-09 05:54:49Z" duration="0.001263" asserts="0">
              <properties>
                <property name="retryIteration" value="0" />
                <property name="repeatIteration" value="0" />
              </properties>
            </test-case>
            <test-case id="1092" name="EchoThrone_AltarChannel_CompletesInRestWindow" fullname="CinderCourt.Tests.CampaignSimTests.EchoThrone_AltarChannel_CompletesInRestWindow" methodname="EchoThrone_AltarChannel_CompletesInRestWindow" classname="CinderCourt.Tests.CampaignSimTests" runstate="Runnable" seed="1841584793" result="Passed" start-time="2026-08-09 05:54:49Z" end-time="2026-08-09 05:54:49Z" duration="0.001177" asserts="0">
              <properties>
                <property name="retryIteration" value="0" />
                <property name="repeatIteration" value="0" />
              </properties>
            </test-case>
            <test-case id="1091" name="EchoThrone_CurrentPreview_PushesAndInterruptsChannel" fullname="CinderCourt.Tests.CampaignSimTests.EchoThrone_CurrentPreview_PushesAndInterruptsChannel" methodname="EchoThrone_CurrentPreview_PushesAndInterruptsChannel" classname="CinderCourt.Tests.CampaignSimTests" runstate="Runnable" seed="919878526" result="Passed" start-time="2026-08-09 05:54:49Z" end-time="2026-08-09 05:54:49Z" duration="0.000902" asserts="0">
              <properties>
                <property name="retryIteration" value="0" />
                <property name="repeatIteration" value="0" />
              </properties>
            </test-case>
            <test-case id="1093" name="EmberGallery_VentRing_PulsesInPhaseOrder" fullname="CinderCourt.Tests.CampaignSimTests.EmberGallery_VentRing_PulsesInPhaseOrder" methodname="EmberGallery_VentRing_PulsesInPhaseOrder" classname="CinderCourt.Tests.CampaignSimTests" runstate="Runnable" seed="2062120470" result="Passed" start-time="2026-08-09 05:54:49Z" end-time="2026-08-09 05:54:49Z" duration="0.001685" asserts="0">
              <properties>
                <property name="retryIteration" value="0" />
                <property name="repeatIteration" value="0" />
              </properties>
            </test-case>
            <test-case id="1085" name="EmberPylon_AuraCoversSpawnConvergence" fullname="CinderCourt.Tests.CampaignSimTests.EmberPylon_AuraCoversSpawnConvergence" methodname="EmberPylon_AuraCoversSpawnConvergence" classname="CinderCourt.Tests.CampaignSimTests" runstate="Runnable" seed="476531886" result="Passed" start-time="2026-08-09 05:54:49Z" end-time="2026-08-09 05:54:49Z" duration="0.002362" asserts="0">
              <properties>
                <property name="retryIteration" value="0" />
                <property name="repeatIteration" value="0" />
              </properties>
            </test-case>
            <test-case id="1084" name="EmberPylon_CombatContract" fullname="CinderCourt.Tests.CampaignSimTests.EmberPylon_CombatContract" methodname="EmberPylon_CombatContract" classname="CinderCourt.Tests.CampaignSimTests" runstate="Runnable" seed="1436819679" result="Passed" start-time="2026-08-09 05:54:49Z" end-time="2026-08-09 05:54:49Z" duration="0.004060" asserts="0">
              <properties>
                <property name="retryIteration" value="0" />
                <property name="repeatIteration" value="0" />
              </properties>
            </test-case>
            <test-case id="1076" name="EmberVent_DamagesInsideRadius_WardBlocks" fullname="CinderCourt.Tests.CampaignSimTests.EmberVent_DamagesInsideRadius_WardBlocks" methodname="EmberVent_DamagesInsideRadius_WardBlocks" classname="CinderCourt.Tests.CampaignSimTests" runstate="Runnable" seed="875976437" result="Passed" start-time="2026-08-09 05:54:49Z" end-time="2026-08-09 05:54:49Z" duration="0.000845" asserts="0">
              <properties>
                <property name="retryIteration" value="0" />
                <property name="repeatIteration" value="0" />
              </properties>
            </test-case>
            <test-case id="1077" name="EmberVent_Pulse_WardNegatesDamageAndStartsGrace" fullname="CinderCourt.Tests.CampaignSimTests.EmberVent_Pulse_WardNegatesDamageAndStartsGrace" methodname="EmberVent_Pulse_WardNegatesDamageAndStartsGrace" classname="CinderCourt.Tests.CampaignSimTests" runstate="Runnable" seed="105765825" result="Passed" start-time="2026-08-09 05:54:49Z" end-time="2026-08-09 05:54:49Z" duration="0.000280" asserts="0">
              <properties>
                <property name="retryIteration" value="0" />
                <property name="repeatIteration" value="0" />
              </properties>
            </test-case>
            <test-case id="1071" name="EquipmentFormulas_ApplyAtRunStart" fullname="CinderCourt.Tests.CampaignSimTests.EquipmentFormulas_ApplyAtRunStart" methodname="EquipmentFormulas_ApplyAtRunStart" classname="CinderCourt.Tests.CampaignSimTests" runstate="Runnable" seed="737012169" result="Passed" start-time="2026-08-09 05:54:49Z" end-time="2026-08-09 05:54:49Z" duration="0.000354" asserts="0">
              <properties>
                <property name="retryIteration" value="0" />
                <property name="repeatIteration" value="0" />
              </properties>
            </test-case>
            <test-case id="1074" name="EquipShard_DropsFromEnemyIdModulo" fullname="CinderCourt.Tests.CampaignSimTests.EquipShard_DropsFromEnemyIdModulo" methodname="EquipShard_DropsFromEnemyIdModulo" classname="CinderCourt.Tests.CampaignSimTests" runstate="Runnable" seed="122282129" result="Passed" start-time="2026-08-09 05:54:49Z" end-time="2026-08-09 05:54:49Z" duration="0.000777" asserts="0">
              <properties>
                <property name="retryIteration" value="0" />
                <property name="repeatIteration" value="0" />
              </properties>
            </test-case>
            <test-case id="1097" name="LobbyView_DerivedStatDisplay_ReadsSimPropertiesNotLiterals" fullname="CinderCourt.Tests.CampaignSimTests.LobbyView_DerivedStatDisplay_ReadsSimPropertiesNotLiterals" methodname="LobbyView_DerivedStatDisplay_ReadsSimPropertiesNotLiterals" classname="CinderCourt.Tests.CampaignSimTests" runstate="Runnable" seed="1984566953" result="Passed" start-time="2026-08-09 05:54:49Z" end-time="2026-08-09 05:54:49Z" duration="0.002057" asserts="0">
              <properties>
                <property name="retryIteration" value="0" />
                <property name="repeatIteration" value="0" />
              </properties>
            </test-case>
            <test-case id="1090" name="NewStages_MutatedPlacement_ChangesDigest" fullname="CinderCourt.Tests.CampaignSimTests.NewStages_MutatedPlacement_ChangesDigest" methodname="NewStages_MutatedPlacement_ChangesDigest" classname="CinderCourt.Tests.CampaignSimTests" runstate="Runnable" seed="1346037858" result="Passed" start-time="2026-08-09 05:54:49Z" end-time="2026-08-09 05:54:49Z" duration="0.021660" asserts="0">
              <properties>
                <property name="retryIteration" value="0" />
                <property name="repeatIteration" value="0" />
              </properties>
            </test-case>
            <test-case id="1089" name="NewStages_SameConfigSameInputs_IdenticalDigests" fullname="CinderCourt.Tests.CampaignSimTests.NewStages_SameConfigSameInputs_IdenticalDigests" methodname="NewStages_SameConfigSameInputs_IdenticalDigests" classname="CinderCourt.Tests.CampaignSimTests" runstate="Runnable" seed="1871026456" result="Passed" start-time="2026-08-09 05:54:49Z" end-time="2026-08-09 05:54:49Z" duration="0.022380" asserts="0">
              <properties>
                <property name="retryIteration" value="0" />
                <property name="repeatIteration" value="0" />
              </properties>
            </test-case>
            <test-case id="1078" name="ObsidianPillar_BlocksPlayer" fullname="CinderCourt.Tests.CampaignSimTests.ObsidianPillar_BlocksPlayer" methodname="ObsidianPillar_BlocksPlayer" classname="CinderCourt.Tests.CampaignSimTests" runstate="Runnable" seed="1187019456" result="Passed" start-time="2026-08-09 05:54:49Z" end-time="2026-08-09 05:54:49Z" duration="0.000562" asserts="0">
              <properties>
                <property name="retryIteration" value="0" />
                <property name="repeatIteration" value="0" />
              </properties>
            </test-case>
            <test-case id="1099" name="PactSluice_SameConfigSameInputs_IdenticalDigests_AndBotSurvivable" fullname="CinderCourt.Tests.CampaignSimTests.PactSluice_SameConfigSameInputs_IdenticalDigests_AndBotSurvivable" methodname="PactSluice_SameConfigSameInputs_IdenticalDigests_AndBotSurvivable" classname="CinderCourt.Tests.CampaignSimTests" runstate="Runnable" seed="1588106979" result="Passed" start-time="2026-08-09 05:54:49Z" end-time="2026-08-09 05:54:49Z" duration="0.008869" asserts="0">
              <properties>
                <property name="retryIteration" value="0" />
                <property name="repeatIteration" value="0" />
              </properties>
            </test-case>
            <test-case id="1079" name="RelicAltar_BlessesAfterHold_WithCooldown" fullname="CinderCourt.Tests.CampaignSimTests.RelicAltar_BlessesAfterHold_WithCooldown" methodname="RelicAltar_BlessesAfterHold_WithCooldown" classname="CinderCourt.Tests.CampaignSimTests" runstate="Runnable" seed="2056358152" result="Passed" start-time="2026-08-09 05:54:49Z" end-time="2026-08-09 05:54:49Z" duration="0.001305" asserts="0">
              <properties>
                <property name="retryIteration" value="0" />
                <property name="repeatIteration" value="0" />
              </properties>
            </test-case>
            <test-case id="1075" name="StageClear_GrantsBossDrop_SlotByStageIndex" fullname="CinderCourt.Tests.CampaignSimTests.StageClear_GrantsBossDrop_SlotByStageIndex" methodname="StageClear_GrantsBossDrop_SlotByStageIndex" classname="CinderCourt.Tests.CampaignSimTests" runstate="Runnable" seed="1076372866" result="Passed" start-time="2026-08-09 05:54:49Z" end-time="2026-08-09 05:54:49Z" duration="0.008198" asserts="0">
              <properties>
                <property name="retryIteration" value="0" />
                <property name="repeatIteration" value="0" />
              </properties>
            </test-case>
            <test-case id="1070" name="StageTable_MatchesAmendment" fullname="CinderCourt.Tests.CampaignSimTests.StageTable_MatchesAmendment" methodname="StageTable_MatchesAmendment" classname="CinderCourt.Tests.CampaignSimTests" runstate="Runnable" seed="555492004" result="Passed" start-time="2026-08-09 05:54:49Z" end-time="2026-08-09 05:54:49Z" duration="0.000380" asserts="0">
              <properties>
                <property name="retryIteration" value="0" />
                <property name="repeatIteration" value="0" />
              </properties>
            </test-case>
            <test-case id="1081" name="StageTable_MatchesDungeonAmendment" fullname="CinderCourt.Tests.CampaignSimTests.StageTable_MatchesDungeonAmendment" methodname="StageTable_MatchesDungeonAmendment" classname="CinderCourt.Tests.CampaignSimTests" runstate="Runnable" seed="2086886119" result="Passed" start-time="2026-08-09 05:54:49Z" end-time="2026-08-09 05:54:49Z" duration="0.001548" asserts="0">
              <properties>
                <property name="retryIteration" value="0" />
                <property name="repeatIteration" value="0" />
              </properties>
            </test-case>
            <test-case id="1088" name="Telegraph_CensusUnderBudget" fullname="CinderCourt.Tests.CampaignSimTests.Telegraph_CensusUnderBudget" methodname="Telegraph_CensusUnderBudget" classname="CinderCourt.Tests.CampaignSimTests" runstate="Runnable" seed="1086085743" result="Passed" start-time="2026-08-09 05:54:49Z" end-time="2026-08-09 05:54:50Z" duration="0.125479" asserts="0">
              <properties>
                <property name="retryIteration" value="0" />
                <property name="repeatIteration" value="0" />
              </properties>
            </test-case>
            <test-case id="1098" name="Telegraph_PactCensusUnderBudget" fullname="CinderCourt.Tests.CampaignSimTests.Telegraph_PactCensusUnderBudget" methodname="Telegraph_PactCensusUnderBudget" classname="CinderCourt.Tests.CampaignSimTests" runstate="Runnable" seed="1535036966" result="Passed" start-time="2026-08-09 05:54:50Z" end-time="2026-08-09 05:54:50Z" duration="0.177781" asserts="0">
              <properties>
                <property name="retryIteration" value="0" />
                <property name="repeatIteration" value="0" />
              </properties>
            </test-case>
            <test-case id="1082" name="TideCurrent_PushesPlayerInsideActiveBand" fullname="CinderCourt.Tests.CampaignSimTests.TideCurrent_PushesPlayerInsideActiveBand" methodname="TideCurrent_PushesPlayerInsideActiveBand" classname="CinderCourt.Tests.CampaignSimTests" runstate="Runnable" seed="1259307372" result="Passed" start-time="2026-08-09 05:54:50Z" end-time="2026-08-09 05:54:50Z" duration="0.003665" asserts="0">
              <properties>
                <property name="retryIteration" value="0" />
                <property name="repeatIteration" value="0" />
              </properties>
            </test-case>
            <test-case id="1083" name="TideCurrent_SymmetricAndClamped" fullname="CinderCourt.Tests.CampaignSimTests.TideCurrent_SymmetricAndClamped" methodname="TideCurrent_SymmetricAndClamped" classname="CinderCourt.Tests.CampaignSimTests" runstate="Runnable" seed="686105811" result="Passed" start-time="2026-08-09 05:54:50Z" end-time="2026-08-09 05:54:50Z" duration="0.004846" asserts="0">
              <properties>
                <property name="retryIteration" value="0" />
                <property name="repeatIteration" value="0" />
              </properties>
            </test-case>
          </test-suite>
          <test-suite type="TestFixture" id="1100" name="CharacterRosterAnimationTests" fullname="CinderCourt.Tests.CharacterRosterAnimationTests" classname="CinderCourt.Tests.CharacterRosterAnimationTests" runstate="Runnable" testcasecount="1" result="Passed" start-time="2026-08-09 05:54:50Z" end-time="2026-08-09 05:54:50Z" duration="0.293330" total="1" passed="1" failed="0" inconclusive="0" skipped="0" asserts="0">
            <properties />
            <test-case id="1101" name="CharacterRoster_ActorsRenderAndAnimateSharedAttack" fullname="CinderCourt.Tests.CharacterRosterAnimationTests.CharacterRoster_ActorsRenderAndAnimateSharedAttack" methodname="CharacterRoster_ActorsRenderAndAnimateSharedAttack" classname="CinderCourt.Tests.CharacterRosterAnimationTests" runstate="Runnable" seed="1227924061" result="Passed" start-time="2026-08-09 05:54:50Z" end-time="2026-08-09 05:54:50Z" duration="0.292120" asserts="0">
              <properties>
                <property name="retryIteration" value="0" />
                <property name="repeatIteration" value="0" />
              </properties>
            </test-case>
          </test-suite>
          <test-suite type="TestFixture" id="1102" name="CinderSimTests" fullname="CinderCourt.Tests.CinderSimTests" classname="CinderCourt.Tests.CinderSimTests" runstate="Runnable" testcasecount="20" result="Passed" start-time="2026-08-09 05:54:50Z" end-time="2026-08-09 05:54:50Z" duration="0.035027" total="20" passed="20" failed="0" inconclusive="0" skipped="0" asserts="0">
            <properties />
            <test-case id="1119" name="Attack_HitsEnemyInFrontOncePerAttackId" fullname="CinderCourt.Tests.CinderSimTests.Attack_HitsEnemyInFrontOncePerAttackId" methodname="Attack_HitsEnemyInFrontOncePerAttackId" classname="CinderCourt.Tests.CinderSimTests" runstate="Runnable" seed="2045148973" result="Passed" start-time="2026-08-09 05:54:50Z" end-time="2026-08-09 05:54:50Z" duration="0.001481" asserts="0">
              <properties>
                <property name="retryIteration" value="0" />
                <property name="repeatIteration" value="0" />
              </properties>
            </test-case>
            <test-case id="1120" name="Attack_MissesEnemiesBehindTheFacingArc" fullname="CinderCourt.Tests.CinderSimTests.Attack_MissesEnemiesBehindTheFacingArc" methodname="Attack_MissesEnemiesBehindTheFacingArc" classname="CinderCourt.Tests.CinderSimTests" runstate="Runnable" seed="21603280" result="Passed" start-time="2026-08-09 05:54:50Z" end-time="2026-08-09 05:54:50Z" duration="0.000659" asserts="0">
              <properties>
                <property name="retryIteration" value="0" />
                <property name="repeatIteration" value="0" />
              </properties>
            </test-case>
            <test-case id="1121" name="Attack_RangeUsesIsoWeightedDistance" fullname="CinderCourt.Tests.CinderSimTests.Attack_RangeUsesIsoWeightedDistance" methodname="Attack_RangeUsesIsoWeightedDistance" classname="CinderCourt.Tests.CinderSimTests" runstate="Runnable" seed="794163416" result="Passed" start-time="2026-08-09 05:54:50Z" end-time="2026-08-09 05:54:50Z" duration="0.000482" asserts="0">
              <properties>
                <property name="retryIteration" value="0" />
                <property name="repeatIteration" value="0" />
              </properties>
            </test-case>
            <test-case id="1122" name="Boss_SpawnsOnWaveFiveWithSixTimesHealth" fullname="CinderCourt.Tests.CinderSimTests.Boss_SpawnsOnWaveFiveWithSixTimesHealth" methodname="Boss_SpawnsOnWaveFiveWithSixTimesHealth" classname="CinderCourt.Tests.CinderSimTests" runstate="Runnable" seed="2119038393" result="Passed" start-time="2026-08-09 05:54:50Z" end-time="2026-08-09 05:54:50Z" duration="0.003094" asserts="0">
              <properties>
                <property name="retryIteration" value="0" />
                <property name="repeatIteration" value="0" />
              </properties>
            </test-case>
            <test-case id="1112" name="Clamp_IsDiamondNotAxisAlignedBox" fullname="CinderCourt.Tests.CinderSimTests.Clamp_IsDiamondNotAxisAlignedBox" methodname="Clamp_IsDiamondNotAxisAlignedBox" classname="CinderCourt.Tests.CinderSimTests" runstate="Runnable" seed="748540412" result="Passed" start-time="2026-08-09 05:54:50Z" end-time="2026-08-09 05:54:50Z" duration="0.000899" asserts="0">
              <properties>
                <property name="retryIteration" value="0" />
                <property name="repeatIteration" value="0" />
              </properties>
            </test-case>
            <test-case id="1111" name="Clamp_KeepsPlayerInsideTheL1Diamond" fullname="CinderCourt.Tests.CinderSimTests.Clamp_KeepsPlayerInsideTheL1Diamond" methodname="Clamp_KeepsPlayerInsideTheL1Diamond" classname="CinderCourt.Tests.CinderSimTests" runstate="Runnable" seed="1349746914" result="Passed" start-time="2026-08-09 05:54:50Z" end-time="2026-08-09 05:54:50Z" duration="0.011812" asserts="0">
              <properties>
                <property name="retryIteration" value="0" />
                <property name="repeatIteration" value="0" />
              </properties>
            </test-case>
            <test-case id="1114" name="Nova_DamagesExactlyTheEnemiesInsideTheIsoRadius" fullname="CinderCourt.Tests.CinderSimTests.Nova_DamagesExactlyTheEnemiesInsideTheIsoRadius" methodname="Nova_DamagesExactlyTheEnemiesInsideTheIsoRadius" classname="CinderCourt.Tests.CinderSimTests" runstate="Runnable" seed="788864907" result="Passed" start-time="2026-08-09 05:54:50Z" end-time="2026-08-09 05:54:50Z" duration="0.000939" asserts="0">
              <properties>
                <property name="retryIteration" value="0" />
                <property name="repeatIteration" value="0" />
              </properties>
            </test-case>
            <test-case id="1113" name="Nova_OutsideRadius_SpendsOilAndLeavesEnemyUntouched" fullname="CinderCourt.Tests.CinderSimTests.Nova_OutsideRadius_SpendsOilAndLeavesEnemyUntouched" methodname="Nova_OutsideRadius_SpendsOilAndLeavesEnemyUntouched" classname="CinderCourt.Tests.CinderSimTests" runstate="Runnable" seed="422535516" result="Passed" start-time="2026-08-09 05:54:50Z" end-time="2026-08-09 05:54:50Z" duration="0.000574" asserts="0">
              <properties>
                <property name="retryIteration" value="0" />
                <property name="repeatIteration" value="0" />
              </properties>
            </test-case>
            <test-case id="1118" name="Pickup_ExpiresAfterTwelveSeconds" fullname="CinderCourt.Tests.CinderSimTests.Pickup_ExpiresAfterTwelveSeconds" methodname="Pickup_ExpiresAfterTwelveSeconds" classname="CinderCourt.Tests.CinderSimTests" runstate="Runnable" seed="839422863" result="Passed" start-time="2026-08-09 05:54:50Z" end-time="2026-08-09 05:54:50Z" duration="0.001070" asserts="0">
              <properties>
                <property name="retryIteration" value="0" />
                <property name="repeatIteration" value="0" />
              </properties>
            </test-case>
            <test-case id="1116" name="Pickup_KindRotatesOnEnemyIdAndMagnetCollectsInstantly" fullname="CinderCourt.Tests.CinderSimTests.Pickup_KindRotatesOnEnemyIdAndMagnetCollectsInstantly" methodname="Pickup_KindRotatesOnEnemyIdAndMagnetCollectsInstantly" classname="CinderCourt.Tests.CinderSimTests" runstate="Runnable" seed="1831293745" result="Passed" start-time="2026-08-09 05:54:50Z" end-time="2026-08-09 05:54:50Z" duration="0.000694" asserts="0">
              <properties>
                <property name="retryIteration" value="0" />
                <property name="repeatIteration" value="0" />
              </properties>
            </test-case>
            <test-case id="1117" name="Pickup_RelicMoteAppliesScoreAndRelicWhenWalkedOver" fullname="CinderCourt.Tests.CinderSimTests.Pickup_RelicMoteAppliesScoreAndRelicWhenWalkedOver" methodname="Pickup_RelicMoteAppliesScoreAndRelicWhenWalkedOver" classname="CinderCourt.Tests.CinderSimTests" runstate="Runnable" seed="1493990745" result="Passed" start-time="2026-08-09 05:54:50Z" end-time="2026-08-09 05:54:50Z" duration="0.000548" asserts="0">
              <properties>
                <property name="retryIteration" value="0" />
                <property name="repeatIteration" value="0" />
              </properties>
            </test-case>
            <test-case id="1104" name="Restart_AfterGameOver_RewindsRunToWaveOne" fullname="CinderCourt.Tests.CinderSimTests.Restart_AfterGameOver_RewindsRunToWaveOne" methodname="Restart_AfterGameOver_RewindsRunToWaveOne" classname="CinderCourt.Tests.CinderSimTests" runstate="Runnable" seed="945464579" result="Passed" start-time="2026-08-09 05:54:50Z" end-time="2026-08-09 05:54:50Z" duration="0.001180" asserts="0">
              <properties>
                <property name="retryIteration" value="0" />
                <property name="repeatIteration" value="0" />
              </properties>
            </test-case>
            <test-case id="1103" name="Restart_ProducesSpecInitialState" fullname="CinderCourt.Tests.CinderSimTests.Restart_ProducesSpecInitialState" methodname="Restart_ProducesSpecInitialState" classname="CinderCourt.Tests.CinderSimTests" runstate="Runnable" seed="1610390485" result="Passed" start-time="2026-08-09 05:54:50Z" end-time="2026-08-09 05:54:50Z" duration="0.000387" asserts="0">
              <properties>
                <property name="retryIteration" value="0" />
                <property name="repeatIteration" value="0" />
              </properties>
            </test-case>
            <test-case id="1107" name="SpawnCountForWave_FollowsSpecFormula" fullname="CinderCourt.Tests.CinderSimTests.SpawnCountForWave_FollowsSpecFormula" methodname="SpawnCountForWave_FollowsSpecFormula" classname="CinderCourt.Tests.CinderSimTests" runstate="Runnable" seed="2125918989" result="Passed" start-time="2026-08-09 05:54:50Z" end-time="2026-08-09 05:54:50Z" duration="0.000179" asserts="0">
              <properties>
                <property name="retryIteration" value="0" />
                <property name="repeatIteration" value="0" />
              </properties>
            </test-case>
            <test-case id="1108" name="SpawnPointIndex_FollowsWaveSeedFormula" fullname="CinderCourt.Tests.CinderSimTests.SpawnPointIndex_FollowsWaveSeedFormula" methodname="SpawnPointIndex_FollowsWaveSeedFormula" classname="CinderCourt.Tests.CinderSimTests" runstate="Runnable" seed="1233628061" result="Passed" start-time="2026-08-09 05:54:50Z" end-time="2026-08-09 05:54:50Z" duration="0.000121" asserts="0">
              <properties>
                <property name="retryIteration" value="0" />
                <property name="repeatIteration" value="0" />
              </properties>
            </test-case>
            <test-case id="1105" name="Tick_AfterGameOver_FreezesTheRun" fullname="CinderCourt.Tests.CinderSimTests.Tick_AfterGameOver_FreezesTheRun" methodname="Tick_AfterGameOver_FreezesTheRun" classname="CinderCourt.Tests.CinderSimTests" runstate="Runnable" seed="2023416309" result="Passed" start-time="2026-08-09 05:54:50Z" end-time="2026-08-09 05:54:50Z" duration="0.001011" asserts="0">
              <properties>
                <property name="retryIteration" value="0" />
                <property name="repeatIteration" value="0" />
              </properties>
            </test-case>
            <test-case id="1106" name="Tick_SameInputScript_ProducesIdenticalRun" fullname="CinderCourt.Tests.CinderSimTests.Tick_SameInputScript_ProducesIdenticalRun" methodname="Tick_SameInputScript_ProducesIdenticalRun" classname="CinderCourt.Tests.CinderSimTests" runstate="Runnable" seed="1776264018" result="Passed" start-time="2026-08-09 05:54:50Z" end-time="2026-08-09 05:54:50Z" duration="0.001962" asserts="0">
              <properties>
                <property name="retryIteration" value="0" />
                <property name="repeatIteration" value="0" />
              </properties>
            </test-case>
            <test-case id="1115" name="Ward_RefusesDamageForThreeSecondsButStillBurnsGrace" fullname="CinderCourt.Tests.CinderSimTests.Ward_RefusesDamageForThreeSecondsButStillBurnsGrace" methodname="Ward_RefusesDamageForThreeSecondsButStillBurnsGrace" classname="CinderCourt.Tests.CinderSimTests" runstate="Runnable" seed="1940874858" result="Passed" start-time="2026-08-09 05:54:50Z" end-time="2026-08-09 05:54:50Z" duration="0.001815" asserts="0">
              <properties>
                <property name="retryIteration" value="0" />
                <property name="repeatIteration" value="0" />
              </properties>
            </test-case>
            <test-case id="1110" name="WaveClear_KeepsPlayerSkillsAndPickupsTicking" fullname="CinderCourt.Tests.CinderSimTests.WaveClear_KeepsPlayerSkillsAndPickupsTicking" methodname="WaveClear_KeepsPlayerSkillsAndPickupsTicking" classname="CinderCourt.Tests.CinderSimTests" runstate="Runnable" seed="221845245" result="Passed" start-time="2026-08-09 05:54:50Z" end-time="2026-08-09 05:54:50Z" duration="0.000891" asserts="0">
              <properties>
                <property name="retryIteration" value="0" />
                <property name="repeatIteration" value="0" />
              </properties>
            </test-case>
            <test-case id="1109" name="WaveOne_SpawnsFourEnemiesOnTheFormulaSpawnPoints" fullname="CinderCourt.Tests.CinderSimTests.WaveOne_SpawnsFourEnemiesOnTheFormulaSpawnPoints" methodname="WaveOne_SpawnsFourEnemiesOnTheFormulaSpawnPoints" classname="CinderCourt.Tests.CinderSimTests" runstate="Runnable" seed="1018416190" result="Passed" start-time="2026-08-09 05:54:50Z" end-time="2026-08-09 05:54:50Z" duration="0.000521" asserts="0">
              <properties>
                <property name="retryIteration" value="0" />
                <property name="repeatIteration" value="0" />
              </properties>
            </test-case>
          </test-suite>
          <test-suite type="TestFixture" id="1123" name="ClipTableTests" fullname="CinderCourt.Tests.ClipTableTests" classname="CinderCourt.Tests.ClipTableTests" runstate="Runnable" testcasecount="4" result="Passed" start-time="2026-08-09 05:54:50Z" end-time="2026-08-09 05:54:50Z" duration="0.004395" total="4" passed="4" failed="0" inconclusive="0" skipped="0" asserts="0">
            <properties />
            <test-case id="1127" name="ActionNames_AreUniqueAcrossTheWholeTable" fullname="CinderCourt.Tests.ClipTableTests.ActionNames_AreUniqueAcrossTheWholeTable" methodname="ActionNames_AreUniqueAcrossTheWholeTable" classname="CinderCourt.Tests.ClipTableTests" runstate="Runnable" seed="154775626" result="Passed" start-time="2026-08-09 05:54:50Z" end-time="2026-08-09 05:54:50Z" duration="0.001482" asserts="0">
              <properties>
                <property name="retryIteration" value="0" />
                <property name="repeatIteration" value="0" />
              </properties>
            </test-case>
[...]
              <properties>
                <property name="retryIteration" value="0" />
                <property name="repeatIteration" value="0" />
              </properties>
            </test-case>
            <test-case id="1900" name="Trial_SpawnsNothing_SoKillsAndRelicsStayZeroAtEveryTier" fullname="CinderCourt.Tests.TrainingSurgeTests.Trial_SpawnsNothing_SoKillsAndRelicsStayZeroAtEveryTier" methodname="Trial_SpawnsNothing_SoKillsAndRelicsStayZeroAtEveryTier" classname="CinderCourt.Tests.TrainingSurgeTests" runstate="Runnable" seed="785093280" result="Passed" start-time="2026-08-09 05:55:01Z" end-time="2026-08-09 05:55:01Z" duration="0.028068" asserts="0">
              <properties>
                <property name="retryIteration" value="0" />
                <property name="repeatIteration" value="0" />
              </properties>
            </test-case>
            <test-case id="1882" name="Trials_NeverOpenASurgeOrPerilWindow_EvenWhileHealthCrossesTheLine" fullname="CinderCourt.Tests.TrainingSurgeTests.Trials_NeverOpenASurgeOrPerilWindow_EvenWhileHealthCrossesTheLine" methodname="Trials_NeverOpenASurgeOrPerilWindow_EvenWhileHealthCrossesTheLine" classname="CinderCourt.Tests.TrainingSurgeTests" runstate="Runnable" seed="1759754003" result="Passed" start-time="2026-08-09 05:55:01Z" end-time="2026-08-09 05:55:01Z" duration="0.032290" asserts="0">
              <properties>
                <property name="retryIteration" value="0" />
                <property name="repeatIteration" value="0" />
              </properties>
            </test-case>
            <test-case id="1901" name="TrialTier_ScalesTheHazardClockAndNothingElse" fullname="CinderCourt.Tests.TrainingSurgeTests.TrialTier_ScalesTheHazardClockAndNothingElse" methodname="TrialTier_ScalesTheHazardClockAndNothingElse" classname="CinderCourt.Tests.TrainingSurgeTests" runstate="Runnable" seed="366418245" result="Passed" start-time="2026-08-09 05:55:01Z" end-time="2026-08-09 05:55:01Z" duration="0.006037" asserts="0">
              <properties>
                <property name="retryIteration" value="0" />
                <property name="repeatIteration" value="0" />
              </properties>
            </test-case>
            <test-case id="1902" name="TryTraining_RejectsAnUnknownTrialAndAnOutOfRangeTier" fullname="CinderCourt.Tests.TrainingSurgeTests.TryTraining_RejectsAnUnknownTrialAndAnOutOfRangeTier" methodname="TryTraining_RejectsAnUnknownTrialAndAnOutOfRangeTier" classname="CinderCourt.Tests.TrainingSurgeTests" runstate="Runnable" seed="420888347" result="Passed" start-time="2026-08-09 05:55:01Z" end-time="2026-08-09 05:55:01Z" duration="0.001046" asserts="0">
              <properties>
                <property name="retryIteration" value="0" />
                <property name="repeatIteration" value="0" />
              </properties>
            </test-case>
            <test-case id="1896" name="VerdictSurgeClause_FiresOnEitherFace" fullname="CinderCourt.Tests.TrainingSurgeTests.VerdictSurgeClause_FiresOnEitherFace" methodname="VerdictSurgeClause_FiresOnEitherFace" classname="CinderCourt.Tests.TrainingSurgeTests" runstate="Runnable" seed="1325746936" result="Passed" start-time="2026-08-09 05:55:01Z" end-time="2026-08-09 05:55:01Z" duration="0.007372" asserts="0">
              <properties>
                <property name="retryIteration" value="0" />
                <property name="repeatIteration" value="0" />
              </properties>
            </test-case>
            <test-case id="1895" name="VerdictSurgeClause_StopsThePylonAura_ForTheWindowOnly" fullname="CinderCourt.Tests.TrainingSurgeTests.VerdictSurgeClause_StopsThePylonAura_ForTheWindowOnly" methodname="VerdictSurgeClause_StopsThePylonAura_ForTheWindowOnly" classname="CinderCourt.Tests.TrainingSurgeTests" runstate="Runnable" seed="1200960335" result="Passed" start-time="2026-08-09 05:55:01Z" end-time="2026-08-09 05:55:01Z" duration="0.014703" asserts="0">
              <properties>
                <property name="retryIteration" value="0" />
                <property name="repeatIteration" value="0" />
              </properties>
            </test-case>
            <test-case id="1894" name="WitnessPerilClause_CompletesTheAltarChannelInstantly" fullname="CinderCourt.Tests.TrainingSurgeTests.WitnessPerilClause_CompletesTheAltarChannelInstantly" methodname="WitnessPerilClause_CompletesTheAltarChannelInstantly" classname="CinderCourt.Tests.TrainingSurgeTests" runstate="Runnable" seed="2053314308" result="Passed" start-time="2026-08-09 05:55:01Z" end-time="2026-08-09 05:55:01Z" duration="0.003180" asserts="0">
              <properties>
                <property name="retryIteration" value="0" />
                <property name="repeatIteration" value="0" />
              </properties>
            </test-case>
          </test-suite>
          <test-suite type="TestFixture" id="1903" name="ViewColliderStripConventionTests" fullname="CinderCourt.Tests.ViewColliderStripConventionTests" classname="CinderCourt.Tests.ViewColliderStripConventionTests" runstate="Runnable" testcasecount="1" result="Passed" start-time="2026-08-09 05:55:01Z" end-time="2026-08-09 05:55:01Z" duration="0.044061" total="1" passed="1" failed="0" inconclusive="0" skipped="0" asserts="0">
            <properties />
            <test-case id="1904" name="NoViewSource_StripsAColliderWithAnUnguardedDestroy" fullname="CinderCourt.Tests.ViewColliderStripConventionTests.NoViewSource_StripsAColliderWithAnUnguardedDestroy" methodname="NoViewSource_StripsAColliderWithAnUnguardedDestroy" classname="CinderCourt.Tests.ViewColliderStripConventionTests" runstate="Runnable" seed="226847492" result="Passed" start-time="2026-08-09 05:55:01Z" end-time="2026-08-09 05:55:01Z" duration="0.042719" asserts="0">
              <properties>
                <property name="retryIteration" value="0" />
                <property name="repeatIteration" value="0" />
              </properties>
            </test-case>
          </test-suite>
          <test-suite type="TestFixture" id="1905" name="WaveBudgetDdaTests" fullname="CinderCourt.Tests.WaveBudgetDdaTests" classname="CinderCourt.Tests.WaveBudgetDdaTests" runstate="Runnable" testcasecount="10" result="Passed" start-time="2026-08-09 05:55:01Z" end-time="2026-08-09 05:55:02Z" duration="0.525710" total="10" passed="10" failed="0" inconclusive="0" skipped="0" asserts="0">
            <properties />
            <test-case id="1907" name="AdaptiveWaves_ArenaAndPrologue_IgnoreTheProgressionConfig" fullname="CinderCourt.Tests.WaveBudgetDdaTests.AdaptiveWaves_ArenaAndPrologue_IgnoreTheProgressionConfig" methodname="AdaptiveWaves_ArenaAndPrologue_IgnoreTheProgressionConfig" classname="CinderCourt.Tests.WaveBudgetDdaTests" runstate="Runnable" seed="326899689" result="Passed" start-time="2026-08-09 05:55:01Z" end-time="2026-08-09 05:55:01Z" duration="0.153021" asserts="0">
              <properties>
                <property name="retryIteration" value="0" />
                <property name="repeatIteration" value="0" />
              </properties>
            </test-case>
            <test-case id="1906" name="AdaptiveWaves_Off_IsLockstepWithTheFrozenConstructor" fullname="CinderCourt.Tests.WaveBudgetDdaTests.AdaptiveWaves_Off_IsLockstepWithTheFrozenConstructor" methodname="AdaptiveWaves_Off_IsLockstepWithTheFrozenConstructor" classname="CinderCourt.Tests.WaveBudgetDdaTests" runstate="Runnable" seed="65317783" result="Passed" start-time="2026-08-09 05:55:01Z" end-time="2026-08-09 05:55:01Z" duration="0.221868" asserts="0">
              <properties>
                <property name="retryIteration" value="0" />
                <property name="repeatIteration" value="0" />
              </properties>
            </test-case>
            <test-case id="1913" name="AdaptiveWaves_On_SameInputsProduceIdenticalRuns" fullname="CinderCourt.Tests.WaveBudgetDdaTests.AdaptiveWaves_On_SameInputsProduceIdenticalRuns" methodname="AdaptiveWaves_On_SameInputsProduceIdenticalRuns" classname="CinderCourt.Tests.WaveBudgetDdaTests" runstate="Runnable" seed="93385166" result="Passed" start-time="2026-08-09 05:55:01Z" end-time="2026-08-09 05:55:01Z" duration="0.076122" asserts="0">
              <properties>
                <property name="retryIteration" value="0" />
                <property name="repeatIteration" value="0" />
              </properties>
            </test-case>
            <test-case id="1914" name="AdaptiveWaves_On_SimAgreesWithThePureBudgetArithmetic" fullname="CinderCourt.Tests.WaveBudgetDdaTests.AdaptiveWaves_On_SimAgreesWithThePureBudgetArithmetic" methodname="AdaptiveWaves_On_SimAgreesWithThePureBudgetArithmetic" classname="CinderCourt.Tests.WaveBudgetDdaTests" runstate="Runnable" seed="184407832" result="Passed" start-time="2026-08-09 05:55:01Z" end-time="2026-08-09 05:55:01Z" duration="0.060888" asserts="0">
              <properties>
                <property name="retryIteration" value="0" />
                <property name="repeatIteration" value="0" />
              </properties>
            </test-case>
            <test-case id="1912" name="Band_ScalesTheBudgetMonotonically" fullname="CinderCourt.Tests.WaveBudgetDdaTests.Band_ScalesTheBudgetMonotonically" methodname="Band_ScalesTheBudgetMonotonically" classname="CinderCourt.Tests.WaveBudgetDdaTests" runstate="Runnable" seed="482060006" result="Passed" start-time="2026-08-09 05:55:01Z" end-time="2026-08-09 05:55:01Z" duration="0.000334" asserts="0">
              <properties>
                <property name="retryIteration" value="0" />
                <property name="repeatIteration" value="0" />
              </properties>
            </test-case>
            <test-case id="1908" name="BaseBudget_IsMonotoneAndSaturatesAtTheCap" fullname="CinderCourt.Tests.WaveBudgetDdaTests.BaseBudget_IsMonotoneAndSaturatesAtTheCap" methodname="BaseBudget_IsMonotoneAndSaturatesAtTheCap" classname="CinderCourt.Tests.WaveBudgetDdaTests" runstate="Runnable" seed="125493342" result="Passed" start-time="2026-08-09 05:55:01Z" end-time="2026-08-09 05:55:01Z" duration="0.000420" asserts="0">
              <properties>
                <property name="retryIteration" value="0" />
                <property name="repeatIteration" value="0" />
              </properties>
            </test-case>
            <test-case id="1909" name="Budget_BuysBodiesFirstThenHitPoints" fullname="CinderCourt.Tests.WaveBudgetDdaTests.Budget_BuysBodiesFirstThenHitPoints" methodname="Budget_BuysBodiesFirstThenHitPoints" classname="CinderCourt.Tests.WaveBudgetDdaTests" runstate="Runnable" seed="1869785209" result="Passed" start-time="2026-08-09 05:55:01Z" end-time="2026-08-09 05:55:01Z" duration="0.000541" asserts="0">
              <properties>
                <property name="retryIteration" value="0" />
                <property name="repeatIteration" value="0" />
              </properties>
            </test-case>
            <test-case id="1911" name="DifficultyBand_MovesOneStepPerWaveAndClamps" fullname="CinderCourt.Tests.WaveBudgetDdaTests.DifficultyBand_MovesOneStepPerWaveAndClamps" methodname="DifficultyBand_MovesOneStepPerWaveAndClamps" classname="CinderCourt.Tests.WaveBudgetDdaTests" runstate="Runnable" seed="907459300" result="Passed" start-time="2026-08-09 05:55:01Z" end-time="2026-08-09 05:55:01Z" duration="0.000292" asserts="0">
              <properties>
                <property name="retryIteration" value="0" />
                <property name="repeatIteration" value="0" />
              </properties>
            </test-case>
            <test-case id="1910" name="EliteAllowance_GrowsWithBudgetAndCaps" fullname="CinderCourt.Tests.WaveBudgetDdaTests.EliteAllowance_GrowsWithBudgetAndCaps" methodname="EliteAllowance_GrowsWithBudgetAndCaps" classname="CinderCourt.Tests.WaveBudgetDdaTests" runstate="Runnable" seed="2079741539" result="Passed" start-time="2026-08-09 05:55:01Z" end-time="2026-08-09 05:55:01Z" duration="0.000122" asserts="0">
              <properties>
                <property name="retryIteration" value="0" />
                <property name="repeatIteration" value="0" />
              </properties>
            </test-case>
            <test-case id="1915" name="WaveHitsTaken_CountsOnlyDamageThatCostHealth" fullname="CinderCourt.Tests.WaveBudgetDdaTests.WaveHitsTaken_CountsOnlyDamageThatCostHealth" methodname="WaveHitsTaken_CountsOnlyDamageThatCostHealth" classname="CinderCourt.Tests.WaveBudgetDdaTests" runstate="Runnable" seed="1804270656" result="Passed" start-time="2026-08-09 05:55:01Z" end-time="2026-08-09 05:55:02Z" duration="0.009950" asserts="0">
              <properties>
                <property name="retryIteration" value="0" />
                <property name="repeatIteration" value="0" />
              </properties>
            </test-case>
          </test-suite>
          <test-suite type="TestFixture" id="1916" name="WaveTelegraphTests" fullname="CinderCourt.Tests.WaveTelegraphTests" classname="CinderCourt.Tests.WaveTelegraphTests" runstate="Runnable" testcasecount="3" result="Passed" start-time="2026-08-09 05:55:02Z" end-time="2026-08-09 05:55:02Z" duration="0.002191" total="3" passed="3" failed="0" inconclusive="0" skipped="0" asserts="0">
            <properties />
            <test-case id="1919" name="EverySpawnPoint_SitsInsideTheArena" fullname="CinderCourt.Tests.WaveTelegraphTests.EverySpawnPoint_SitsInsideTheArena" methodname="EverySpawnPoint_SitsInsideTheArena" classname="CinderCourt.Tests.WaveTelegraphTests" runstate="Runnable" seed="949266486" result="Passed" start-time="2026-08-09 05:55:02Z" end-time="2026-08-09 05:55:02Z" duration="0.000200" asserts="0">
              <properties>
                <property name="retryIteration" value="0" />
                <property name="repeatIteration" value="0" />
              </properties>
            </test-case>
            <test-case id="1917" name="SpawnPointIndex_IsPureAndInRange" fullname="CinderCourt.Tests.WaveTelegraphTests.SpawnPointIndex_IsPureAndInRange" methodname="SpawnPointIndex_IsPureAndInRange" classname="CinderCourt.Tests.WaveTelegraphTests" runstate="Runnable" seed="1238479875" result="Passed" start-time="2026-08-09 05:55:02Z" end-time="2026-08-09 05:55:02Z" duration="0.000602" asserts="0">
              <properties>
                <property name="retryIteration" value="0" />
                <property name="repeatIteration" value="0" />
              </properties>
            </test-case>
            <test-case id="1918" name="TelegraphRings_LandOnDistinctPointsWithinAWave" fullname="CinderCourt.Tests.WaveTelegraphTests.TelegraphRings_LandOnDistinctPointsWithinAWave" methodname="TelegraphRings_LandOnDistinctPointsWithinAWave" classname="CinderCourt.Tests.WaveTelegraphTests" runstate="Runnable" seed="1422591873" result="Passed" start-time="2026-08-09 05:55:02Z" end-time="2026-08-09 05:55:02Z" duration="0.000298" asserts="0">
              <properties>
                <property name="retryIteration" value="0" />
                <property name="repeatIteration" value="0" />
              </properties>
            </test-case>
          </test-suite>
          <test-suite type="TestFixture" id="1920" name="WebGlReducedMotionSeedTests" fullname="CinderCourt.Tests.WebGlReducedMotionSeedTests" classname="CinderCourt.Tests.WebGlReducedMotionSeedTests" runstate="Runnable" testcasecount="4" result="Passed" start-time="2026-08-09 05:55:02Z" end-time="2026-08-09 05:55:02Z" duration="0.004107" total="4" passed="4" failed="0" inconclusive="0" skipped="0" asserts="0">
            <properties />
            <test-case id="1922" name="Inject_IsIdempotent_AcrossRepeatedPostprocessing" fullname="CinderCourt.Tests.WebGlReducedMotionSeedTests.Inject_IsIdempotent_AcrossRepeatedPostprocessing" methodname="Inject_IsIdempotent_AcrossRepeatedPostprocessing" classname="CinderCourt.Tests.WebGlReducedMotionSeedTests" runstate="Runnable" seed="695662853" result="Passed" start-time="2026-08-09 05:55:02Z" end-time="2026-08-09 05:55:02Z" duration="0.001178" asserts="0">
              <properties>
                <property name="retryIteration" value="0" />
                <property name="repeatIteration" value="0" />
              </properties>
            </test-case>
            <test-case id="1921" name="Inject_MirrorsOsHintAfterCanvasLookup_BeforeLoaderConfig" fullname="CinderCourt.Tests.WebGlReducedMotionSeedTests.Inject_MirrorsOsHintAfterCanvasLookup_BeforeLoaderConfig" methodname="Inject_MirrorsOsHintAfterCanvasLookup_BeforeLoaderConfig" classname="CinderCourt.Tests.WebGlReducedMotionSeedTests" runstate="Runnable" seed="537226379" result="Passed" start-time="2026-08-09 05:55:02Z" end-time="2026-08-09 05:55:02Z" duration="0.000501" asserts="0">
              <properties>
                <property name="retryIteration" value="0" />
                <property name="repeatIteration" value="0" />
              </properties>
            </test-case>
            <test-case id="1923" name="Inject_WithoutCanvasLookup_FailsTheBuildLoudly" fullname="CinderCourt.Tests.WebGlReducedMotionSeedTests.Inject_WithoutCanvasLookup_FailsTheBuildLoudly" methodname="Inject_WithoutCanvasLookup_FailsTheBuildLoudly" classname="CinderCourt.Tests.WebGlReducedMotionSeedTests" runstate="Runnable" seed="6260649" result="Passed" start-time="2026-08-09 05:55:02Z" end-time="2026-08-09 05:55:02Z" duration="0.001360" asserts="0">
              <properties>
                <property name="retryIteration" value="0" />
                <property name="repeatIteration" value="0" />
              </properties>
            </test-case>
            <test-case id="1924" name="StorageKey_MatchesTheViewPrefsContract" fullname="CinderCourt.Tests.WebGlReducedMotionSeedTests.StorageKey_MatchesTheViewPrefsContract" methodname="StorageKey_MatchesTheViewPrefsContract" classname="CinderCourt.Tests.WebGlReducedMotionSeedTests" runstate="Runnable" seed="1933079734" result="Passed" start-time="2026-08-09 05:55:02Z" end-time="2026-08-09 05:55:02Z" duration="0.000303" asserts="0">
              <properties>
                <property name="retryIteration" value="0" />
                <property name="repeatIteration" value="0" />
              </properties>
            </test-case>
          </test-suite>
          <test-suite type="TestFixture" id="1925" name="WebGlTextureCapTests" fullname="CinderCourt.Tests.WebGlTextureCapTests" classname="CinderCourt.Tests.WebGlTextureCapTests" runstate="Runnable" testcasecount="1" result="Passed" start-time="2026-08-09 05:55:02Z" end-time="2026-08-09 05:55:02Z" duration="0.129528" total="1" passed="1" failed="0" inconclusive="0" skipped="0" asserts="0">
            <properties />
            <test-case id="1926" name="TextureImporters_DefaultAndWebGlCapsDoNotExceed1024" fullname="CinderCourt.Tests.WebGlTextureCapTests.TextureImporters_DefaultAndWebGlCapsDoNotExceed1024" methodname="TextureImporters_DefaultAndWebGlCapsDoNotExceed1024" classname="CinderCourt.Tests.WebGlTextureCapTests" runstate="Runnable" seed="1059719870" result="Passed" start-time="2026-08-09 05:55:02Z" end-time="2026-08-09 05:55:02Z" duration="0.128826" asserts="0">
              <properties>
                <property name="retryIteration" value="0" />
                <property name="repeatIteration" value="0" />
              </properties>
              <output><![CDATA[<color=#ff6b6b>fail:</color> [14:55:02:1561] <color=#B4FF32>[AI]</color> <color=#58D68D><b>TestResultCollector</b></color> Test run finished, but the pending MCP request id was missing. The test results cannot be delivered to the client.
Saving results to: /Users/jangyoung/Library/Application Support/HongT/Abyssal Lantern — Cinder Court/TestResults.xml
]]></output>
            </test-case>
          </test-suite>
        </test-suite>
      </test-suite>
    </test-suite>
  </test-suite>
</test-run>